<?xml version="1.0" encoding="UTF-8"?>
<TestRun id="aa03d518-7a70-43d9-a7a8-ee7c39dc2ace" name="vanderkorn@VANDERKORN-PC 2012-07-01 20:37:49" runUser="vanderkorn-PC\vanderkorn" xmlns="http://microsoft.com/schemas/VisualStudio/TeamTest/2010">
  <TestSettings name="Локальные" id="35777131-df4e-4c2a-9d13-f634c7f90450">
    <Description>Это - параметры по умолчанию для локального тестового запуска.</Description>
    <Deployment userDeploymentRoot="C:\Users\vanderkorn\Documents\Visual Studio 2010\Projects\Vanderkorn\TestResults" useDefaultDeploymentRoot="false" enabled="false" runDeploymentRoot="vanderkorn_VANDERKORN-PC 2012-07-01 20_37_49">
      <DeploymentItem filename="C:\Users\vanderkorn\Documents\Visual Studio 2010\Projects\Vanderkorn\Vanderkorn\bin\Debug\Vanderkorn.dll" />
    </Deployment>
    <Execution>
      <TestTypeSpecific />
      <AgentRule name="Execution Agents">
      </AgentRule>
    </Execution>
  </TestSettings>
  <Times creation="2012-07-01T20:37:49.3435272+05:00" queuing="2012-07-01T20:37:50.0135489+05:00" start="2012-07-01T20:37:50.1425530+05:00" finish="2012-07-01T20:38:14.1092332+05:00" />
  <ResultSummary outcome="Error">
    <Counters total="101" executed="101" error="4" failed="97" timeout="0" aborted="0" inconclusive="0" passedButRunAborted="0" notRunnable="0" notExecuted="0" disconnected="0" warning="0" passed="0" completed="0" inProgress="0" pending="0" />
  </ResultSummary>
  <TestDefinitions>
    <UnitTest name="OnesTest" storage="c:\users\vanderkorn\documents\visual studio 2010\projects\vanderkorn\testproject1\bin\debug\testproject1.dll" id="e3bf8c3e-900b-f9f0-9023-d4e8e39bb1a2">
      <Execution id="6999c3c5-223e-4c20-a473-b64412f518d7" />
      <TestMethod codeBase="C:/Users/vanderkorn/Documents/Visual Studio 2010/Projects/Vanderkorn/TestProject1/bin/Debug/TestProject1.DLL" adapterTypeName="Microsoft.VisualStudio.TestTools.TestTypes.Unit.UnitTestAdapter, Microsoft.VisualStudio.QualityTools.Tips.UnitTest.Adapter, Version=10.0.0.0, Culture=neutral, PublicKeyToken=b03f5f7f11d50a3a" className="TestProject1.MatrixTest, TestProject1, Version=1.0.0.0, Culture=neutral, PublicKeyToken=null" name="OnesTest" />
    </UnitTest>
    <UnitTest name="op_InequalityTest" storage="c:\users\vanderkorn\documents\visual studio 2010\projects\vanderkorn\testproject1\bin\debug\testproject1.dll" id="fba700a0-d91b-19f6-8cc0-357e3b96ea62">
      <Execution id="dbf00a93-a2c2-4035-a1b4-b06cb2b4b2d7" />
      <TestMethod codeBase="C:/Users/vanderkorn/Documents/Visual Studio 2010/Projects/Vanderkorn/TestProject1/bin/Debug/TestProject1.DLL" adapterTypeName="Microsoft.VisualStudio.TestTools.TestTypes.Unit.UnitTestAdapter, Microsoft.VisualStudio.QualityTools.Tips.UnitTest.Adapter, Version=10.0.0.0, Culture=neutral, PublicKeyToken=b03f5f7f11d50a3a" className="TestProject1.MatrixTest, TestProject1, Version=1.0.0.0, Culture=neutral, PublicKeyToken=null" name="op_InequalityTest" />
    </UnitTest>
    <UnitTest name="ZeroTest" storage="c:\users\vanderkorn\documents\visual studio 2010\projects\vanderkorn\testproject1\bin\debug\testproject1.dll" id="464ffb12-7bc5-d3f2-19ef-bccc5efc6724">
      <Execution id="bbc90f40-bfa3-4c86-8742-bebcc2a8d602" />
      <TestMethod codeBase="C:/Users/vanderkorn/Documents/Visual Studio 2010/Projects/Vanderkorn/TestProject1/bin/Debug/TestProject1.DLL" adapterTypeName="Microsoft.VisualStudio.TestTools.TestTypes.Unit.UnitTestAdapter, Microsoft.VisualStudio.QualityTools.Tips.UnitTest.Adapter, Version=10.0.0.0, Culture=neutral, PublicKeyToken=b03f5f7f11d50a3a" className="TestProject1.MatrixTest, TestProject1, Version=1.0.0.0, Culture=neutral, PublicKeyToken=null" name="ZeroTest" />
    </UnitTest>
    <UnitTest name="op_AdditionTest6" storage="c:\users\vanderkorn\documents\visual studio 2010\projects\vanderkorn\testproject1\bin\debug\testproject1.dll" id="1d795ad3-1884-4dde-7cf2-60beb0811a4a">
      <Execution id="6ecb7b90-372b-4e21-a7a9-25814092451c" />
      <TestMethod codeBase="C:/Users/vanderkorn/Documents/Visual Studio 2010/Projects/Vanderkorn/TestProject1/bin/Debug/TestProject1.DLL" adapterTypeName="Microsoft.VisualStudio.TestTools.TestTypes.Unit.UnitTestAdapter, Microsoft.VisualStudio.QualityTools.Tips.UnitTest.Adapter, Version=10.0.0.0, Culture=neutral, PublicKeyToken=b03f5f7f11d50a3a" className="TestProject1.MatrixTest, TestProject1, Version=1.0.0.0, Culture=neutral, PublicKeyToken=null" name="op_AdditionTest6" />
    </UnitTest>
    <UnitTest name="op_DivisionTest4" storage="c:\users\vanderkorn\documents\visual studio 2010\projects\vanderkorn\testproject1\bin\debug\testproject1.dll" id="d2ccba49-e90e-557d-2fdb-c52d3660c619">
      <Execution id="5a2a9f35-d839-454d-b345-9d35bd195bf2" />
      <TestMethod codeBase="C:/Users/vanderkorn/Documents/Visual Studio 2010/Projects/Vanderkorn/TestProject1/bin/Debug/TestProject1.DLL" adapterTypeName="Microsoft.VisualStudio.TestTools.TestTypes.Unit.UnitTestAdapter, Microsoft.VisualStudio.QualityTools.Tips.UnitTest.Adapter, Version=10.0.0.0, Culture=neutral, PublicKeyToken=b03f5f7f11d50a3a" className="TestProject1.MatrixTest, TestProject1, Version=1.0.0.0, Culture=neutral, PublicKeyToken=null" name="op_DivisionTest4" />
    </UnitTest>
    <UnitTest name="op_SubtractionTest2" storage="c:\users\vanderkorn\documents\visual studio 2010\projects\vanderkorn\testproject1\bin\debug\testproject1.dll" id="8a076334-ed9b-9218-85c9-3dfa9f1fabd7">
      <Execution id="1e5db361-26c7-4330-bfd0-4bd1b9e2b993" />
      <TestMethod codeBase="C:/Users/vanderkorn/Documents/Visual Studio 2010/Projects/Vanderkorn/TestProject1/bin/Debug/TestProject1.DLL" adapterTypeName="Microsoft.VisualStudio.TestTools.TestTypes.Unit.UnitTestAdapter, Microsoft.VisualStudio.QualityTools.Tips.UnitTest.Adapter, Version=10.0.0.0, Culture=neutral, PublicKeyToken=b03f5f7f11d50a3a" className="TestProject1.MatrixTest, TestProject1, Version=1.0.0.0, Culture=neutral, PublicKeyToken=null" name="op_SubtractionTest2" />
    </UnitTest>
    <UnitTest name="op_AdditionTest1" storage="c:\users\vanderkorn\documents\visual studio 2010\projects\vanderkorn\testproject1\bin\debug\testproject1.dll" id="db16b0da-9929-eff7-0958-07b2076eaf4f">
      <Execution id="c1d3f00d-7e0a-4878-940b-78c20b4f0cb0" />
      <TestMethod codeBase="C:/Users/vanderkorn/Documents/Visual Studio 2010/Projects/Vanderkorn/TestProject1/bin/Debug/TestProject1.DLL" adapterTypeName="Microsoft.VisualStudio.TestTools.TestTypes.Unit.UnitTestAdapter, Microsoft.VisualStudio.QualityTools.Tips.UnitTest.Adapter, Version=10.0.0.0, Culture=neutral, PublicKeyToken=b03f5f7f11d50a3a" className="TestProject1.MatrixTest, TestProject1, Version=1.0.0.0, Culture=neutral, PublicKeyToken=null" name="op_AdditionTest1" />
    </UnitTest>
    <UnitTest name="op_SubtractionTest6" storage="c:\users\vanderkorn\documents\visual studio 2010\projects\vanderkorn\testproject1\bin\debug\testproject1.dll" id="127441cb-db47-5efd-6576-0d0437ac74dc">
      <Execution id="a7727bce-72a5-47ce-bfc4-c3e567edc809" />
      <TestMethod codeBase="C:/Users/vanderkorn/Documents/Visual Studio 2010/Projects/Vanderkorn/TestProject1/bin/Debug/TestProject1.DLL" adapterTypeName="Microsoft.VisualStudio.TestTools.TestTypes.Unit.UnitTestAdapter, Microsoft.VisualStudio.QualityTools.Tips.UnitTest.Adapter, Version=10.0.0.0, Culture=neutral, PublicKeyToken=b03f5f7f11d50a3a" className="TestProject1.MatrixTest, TestProject1, Version=1.0.0.0, Culture=neutral, PublicKeyToken=null" name="op_SubtractionTest6" />
    </UnitTest>
    <UnitTest name="TTest" storage="c:\users\vanderkorn\documents\visual studio 2010\projects\vanderkorn\testproject1\bin\debug\testproject1.dll" id="099d434e-81cd-2916-3744-b5bd585b4b8a">
      <Execution id="ce68444c-d7c2-4862-a334-e371ff191385" />
      <TestMethod codeBase="C:/Users/vanderkorn/Documents/Visual Studio 2010/Projects/Vanderkorn/TestProject1/bin/Debug/TestProject1.DLL" adapterTypeName="Microsoft.VisualStudio.TestTools.TestTypes.Unit.UnitTestAdapter, Microsoft.VisualStudio.QualityTools.Tips.UnitTest.Adapter, Version=10.0.0.0, Culture=neutral, PublicKeyToken=b03f5f7f11d50a3a" className="TestProject1.MatrixTest, TestProject1, Version=1.0.0.0, Culture=neutral, PublicKeyToken=null" name="TTest" />
    </UnitTest>
    <UnitTest name="RowMultiplicationTest" storage="c:\users\vanderkorn\documents\visual studio 2010\projects\vanderkorn\testproject1\bin\debug\testproject1.dll" id="e3f9a2b1-d282-72db-e07c-ed612981e2ba">
      <Execution id="62291787-8bba-4e6e-9550-75c119998da8" />
      <TestMethod codeBase="C:/Users/vanderkorn/Documents/Visual Studio 2010/Projects/Vanderkorn/TestProject1/bin/Debug/TestProject1.DLL" adapterTypeName="Microsoft.VisualStudio.TestTools.TestTypes.Unit.UnitTestAdapter, Microsoft.VisualStudio.QualityTools.Tips.UnitTest.Adapter, Version=10.0.0.0, Culture=neutral, PublicKeyToken=b03f5f7f11d50a3a" className="TestProject1.MatrixTest, TestProject1, Version=1.0.0.0, Culture=neutral, PublicKeyToken=null" name="RowMultiplicationTest" />
    </UnitTest>
    <UnitTest name="AbsTest1" storage="c:\users\vanderkorn\documents\visual studio 2010\projects\vanderkorn\testproject1\bin\debug\testproject1.dll" id="9bc2a3b1-a16f-60be-cad1-0bc661a1e754">
      <Execution id="2d4a3c50-aaa5-4647-9381-cf0dc561f5f3" />
      <TestMethod codeBase="C:/Users/vanderkorn/Documents/Visual Studio 2010/Projects/Vanderkorn/TestProject1/bin/Debug/TestProject1.DLL" adapterTypeName="Microsoft.VisualStudio.TestTools.TestTypes.Unit.UnitTestAdapter, Microsoft.VisualStudio.QualityTools.Tips.UnitTest.Adapter, Version=10.0.0.0, Culture=neutral, PublicKeyToken=b03f5f7f11d50a3a" className="TestProject1.MatrixTest, TestProject1, Version=1.0.0.0, Culture=neutral, PublicKeyToken=null" name="AbsTest1" />
    </UnitTest>
    <UnitTest name="DeterminantTest" storage="c:\users\vanderkorn\documents\visual studio 2010\projects\vanderkorn\testproject1\bin\debug\testproject1.dll" id="a6bb198b-d05d-96c9-e563-317fad132654">
      <Execution id="56a2e448-a98e-4711-8728-4bdd81cb7a83" />
      <TestMethod codeBase="C:/Users/vanderkorn/Documents/Visual Studio 2010/Projects/Vanderkorn/TestProject1/bin/Debug/TestProject1.DLL" adapterTypeName="Microsoft.VisualStudio.TestTools.TestTypes.Unit.UnitTestAdapter, Microsoft.VisualStudio.QualityTools.Tips.UnitTest.Adapter, Version=10.0.0.0, Culture=neutral, PublicKeyToken=b03f5f7f11d50a3a" className="TestProject1.MatrixTest, TestProject1, Version=1.0.0.0, Culture=neutral, PublicKeyToken=null" name="DeterminantTest" />
    </UnitTest>
    <UnitTest name="UpperShiftTest" storage="c:\users\vanderkorn\documents\visual studio 2010\projects\vanderkorn\testproject1\bin\debug\testproject1.dll" id="a066935b-946f-6396-2bcb-16d51af82164">
      <Execution id="82f640df-8291-4337-830f-d419e8003f12" />
      <TestMethod codeBase="C:/Users/vanderkorn/Documents/Visual Studio 2010/Projects/Vanderkorn/TestProject1/bin/Debug/TestProject1.DLL" adapterTypeName="Microsoft.VisualStudio.TestTools.TestTypes.Unit.UnitTestAdapter, Microsoft.VisualStudio.QualityTools.Tips.UnitTest.Adapter, Version=10.0.0.0, Culture=neutral, PublicKeyToken=b03f5f7f11d50a3a" className="TestProject1.MatrixTest, TestProject1, Version=1.0.0.0, Culture=neutral, PublicKeyToken=null" name="UpperShiftTest" />
    </UnitTest>
    <UnitTest name="TransposeTest" storage="c:\users\vanderkorn\documents\visual studio 2010\projects\vanderkorn\testproject1\bin\debug\testproject1.dll" id="1106e1d5-f387-bbad-aa94-e8c0753c45a1">
      <Execution id="a6288458-3cd8-4dac-b8fb-dea7df340386" />
      <TestMethod codeBase="C:/Users/vanderkorn/Documents/Visual Studio 2010/Projects/Vanderkorn/TestProject1/bin/Debug/TestProject1.DLL" adapterTypeName="Microsoft.VisualStudio.TestTools.TestTypes.Unit.UnitTestAdapter, Microsoft.VisualStudio.QualityTools.Tips.UnitTest.Adapter, Version=10.0.0.0, Culture=neutral, PublicKeyToken=b03f5f7f11d50a3a" className="TestProject1.MatrixTest, TestProject1, Version=1.0.0.0, Culture=neutral, PublicKeyToken=null" name="TransposeTest" />
    </UnitTest>
    <UnitTest name="op_DivisionTest2" storage="c:\users\vanderkorn\documents\visual studio 2010\projects\vanderkorn\testproject1\bin\debug\testproject1.dll" id="c4d5632a-eeb4-5983-3216-fb7d9f2e72ee">
      <Execution id="64b1250e-49a2-467a-8e92-ee00c5983128" />
      <TestMethod codeBase="C:/Users/vanderkorn/Documents/Visual Studio 2010/Projects/Vanderkorn/TestProject1/bin/Debug/TestProject1.DLL" adapterTypeName="Microsoft.VisualStudio.TestTools.TestTypes.Unit.UnitTestAdapter, Microsoft.VisualStudio.QualityTools.Tips.UnitTest.Adapter, Version=10.0.0.0, Culture=neutral, PublicKeyToken=b03f5f7f11d50a3a" className="TestProject1.MatrixTest, TestProject1, Version=1.0.0.0, Culture=neutral, PublicKeyToken=null" name="op_DivisionTest2" />
    </UnitTest>
    <UnitTest name="ItemTest" storage="c:\users\vanderkorn\documents\visual studio 2010\projects\vanderkorn\testproject1\bin\debug\testproject1.dll" id="b437f308-1b2f-8f11-8319-96e81579612c">
      <Execution id="370de5b0-1c71-4d58-a85b-092452645d5a" />
      <TestMethod codeBase="C:/Users/vanderkorn/Documents/Visual Studio 2010/Projects/Vanderkorn/TestProject1/bin/Debug/TestProject1.DLL" adapterTypeName="Microsoft.VisualStudio.TestTools.TestTypes.Unit.UnitTestAdapter, Microsoft.VisualStudio.QualityTools.Tips.UnitTest.Adapter, Version=10.0.0.0, Culture=neutral, PublicKeyToken=b03f5f7f11d50a3a" className="TestProject1.MatrixTest, TestProject1, Version=1.0.0.0, Culture=neutral, PublicKeyToken=null" name="ItemTest" />
    </UnitTest>
    <UnitTest name="NormTest" storage="c:\users\vanderkorn\documents\visual studio 2010\projects\vanderkorn\testproject1\bin\debug\testproject1.dll" id="49a61d8d-8fea-3f26-72f4-abc8ff4cd029">
      <Execution id="a8774eae-8505-45bb-b98b-b62c313d2208" />
      <TestMethod codeBase="C:/Users/vanderkorn/Documents/Visual Studio 2010/Projects/Vanderkorn/TestProject1/bin/Debug/TestProject1.DLL" adapterTypeName="Microsoft.VisualStudio.TestTools.TestTypes.Unit.UnitTestAdapter, Microsoft.VisualStudio.QualityTools.Tips.UnitTest.Adapter, Version=10.0.0.0, Culture=neutral, PublicKeyToken=b03f5f7f11d50a3a" className="TestProject1.MatrixTest, TestProject1, Version=1.0.0.0, Culture=neutral, PublicKeyToken=null" name="NormTest" />
    </UnitTest>
    <UnitTest name="RankTest1" storage="c:\users\vanderkorn\documents\visual studio 2010\projects\vanderkorn\testproject1\bin\debug\testproject1.dll" id="9a386c76-e6c7-8a1d-e8a3-6fb5ac116ba9">
      <Execution id="fb4671e2-f9f1-40ff-a493-97727a31d0e9" />
      <TestMethod codeBase="C:/Users/vanderkorn/Documents/Visual Studio 2010/Projects/Vanderkorn/TestProject1/bin/Debug/TestProject1.DLL" adapterTypeName="Microsoft.VisualStudio.TestTools.TestTypes.Unit.UnitTestAdapter, Microsoft.VisualStudio.QualityTools.Tips.UnitTest.Adapter, Version=10.0.0.0, Culture=neutral, PublicKeyToken=b03f5f7f11d50a3a" className="TestProject1.MatrixTest, TestProject1, Version=1.0.0.0, Culture=neutral, PublicKeyToken=null" name="RankTest1" />
    </UnitTest>
    <UnitTest name="MoveIfNeedTest1" storage="c:\users\vanderkorn\documents\visual studio 2010\projects\vanderkorn\testproject1\bin\debug\testproject1.dll" id="7ae7dd1f-e66b-8e07-df53-9271c8f3e0e5">
      <DeploymentItems>
        <DeploymentItem filename="Vanderkorn.dll" />
      </DeploymentItems>
      <Execution id="8fce5dc1-5f6e-4bdb-8bfe-2b5b80dcbbcd" />
      <TestMethod codeBase="C:/Users/vanderkorn/Documents/Visual Studio 2010/Projects/Vanderkorn/TestProject1/bin/Debug/TestProject1.DLL" adapterTypeName="Microsoft.VisualStudio.TestTools.TestTypes.Unit.UnitTestAdapter, Microsoft.VisualStudio.QualityTools.Tips.UnitTest.Adapter, Version=10.0.0.0, Culture=neutral, PublicKeyToken=b03f5f7f11d50a3a" className="TestProject1.MatrixTest, TestProject1, Version=1.0.0.0, Culture=neutral, PublicKeyToken=null" name="MoveIfNeedTest1" />
    </UnitTest>
    <UnitTest name="op_MultiplyTest4" storage="c:\users\vanderkorn\documents\visual studio 2010\projects\vanderkorn\testproject1\bin\debug\testproject1.dll" id="5698e536-8acd-0422-c98c-9be1583f9994">
      <Execution id="37738916-9590-4e4a-b054-f76489902e56" />
      <TestMethod codeBase="C:/Users/vanderkorn/Documents/Visual Studio 2010/Projects/Vanderkorn/TestProject1/bin/Debug/TestProject1.DLL" adapterTypeName="Microsoft.VisualStudio.TestTools.TestTypes.Unit.UnitTestAdapter, Microsoft.VisualStudio.QualityTools.Tips.UnitTest.Adapter, Version=10.0.0.0, Culture=neutral, PublicKeyToken=b03f5f7f11d50a3a" className="TestProject1.MatrixTest, TestProject1, Version=1.0.0.0, Culture=neutral, PublicKeyToken=null" name="op_MultiplyTest4" />
    </UnitTest>
    <UnitTest name="op_AdditionTest" storage="c:\users\vanderkorn\documents\visual studio 2010\projects\vanderkorn\testproject1\bin\debug\testproject1.dll" id="6bce6069-5b5d-c93f-553b-dcb95e67e7b4">
      <Execution id="f36d58bc-a212-48e4-b690-e68a385e6450" />
      <TestMethod codeBase="C:/Users/vanderkorn/Documents/Visual Studio 2010/Projects/Vanderkorn/TestProject1/bin/Debug/TestProject1.DLL" adapterTypeName="Microsoft.VisualStudio.TestTools.TestTypes.Unit.UnitTestAdapter, Microsoft.VisualStudio.QualityTools.Tips.UnitTest.Adapter, Version=10.0.0.0, Culture=neutral, PublicKeyToken=b03f5f7f11d50a3a" className="TestProject1.MatrixTest, TestProject1, Version=1.0.0.0, Culture=neutral, PublicKeyToken=null" name="op_AdditionTest" />
    </UnitTest>
    <UnitTest name="op_SubtractionTest3" storage="c:\users\vanderkorn\documents\visual studio 2010\projects\vanderkorn\testproject1\bin\debug\testproject1.dll" id="c2b7293c-fe40-c76c-2ee5-006e5ef5209d">
      <Execution id="2c7e0df5-f110-4a80-af82-02fc0d4cf37f" />
      <TestMethod codeBase="C:/Users/vanderkorn/Documents/Visual Studio 2010/Projects/Vanderkorn/TestProject1/bin/Debug/TestProject1.DLL" adapterTypeName="Microsoft.VisualStudio.TestTools.TestTypes.Unit.UnitTestAdapter, Microsoft.VisualStudio.QualityTools.Tips.UnitTest.Adapter, Version=10.0.0.0, Culture=neutral, PublicKeyToken=b03f5f7f11d50a3a" className="TestProject1.MatrixTest, TestProject1, Version=1.0.0.0, Culture=neutral, PublicKeyToken=null" name="op_SubtractionTest3" />
    </UnitTest>
    <UnitTest name="TraceTest" storage="c:\users\vanderkorn\documents\visual studio 2010\projects\vanderkorn\testproject1\bin\debug\testproject1.dll" id="2ccbb0bc-a647-a36c-66e8-ee0ebf18cd12">
      <Execution id="059a5d2f-72e1-4732-a10f-c6ac87e16c5d" />
      <TestMethod codeBase="C:/Users/vanderkorn/Documents/Visual Studio 2010/Projects/Vanderkorn/TestProject1/bin/Debug/TestProject1.DLL" adapterTypeName="Microsoft.VisualStudio.TestTools.TestTypes.Unit.UnitTestAdapter, Microsoft.VisualStudio.QualityTools.Tips.UnitTest.Adapter, Version=10.0.0.0, Culture=neutral, PublicKeyToken=b03f5f7f11d50a3a" className="TestProject1.MatrixTest, TestProject1, Version=1.0.0.0, Culture=neutral, PublicKeyToken=null" name="TraceTest" />
    </UnitTest>
    <UnitTest name="op_MultiplyTest3" storage="c:\users\vanderkorn\documents\visual studio 2010\projects\vanderkorn\testproject1\bin\debug\testproject1.dll" id="ff4c34aa-9de0-39c3-7aa9-a2b584f9b90e">
      <Execution id="d8c65f6b-fccf-46b1-b26a-bf5f53cbeaef" />
      <TestMethod codeBase="C:/Users/vanderkorn/Documents/Visual Studio 2010/Projects/Vanderkorn/TestProject1/bin/Debug/TestProject1.DLL" adapterTypeName="Microsoft.VisualStudio.TestTools.TestTypes.Unit.UnitTestAdapter, Microsoft.VisualStudio.QualityTools.Tips.UnitTest.Adapter, Version=10.0.0.0, Culture=neutral, PublicKeyToken=b03f5f7f11d50a3a" className="TestProject1.MatrixTest, TestProject1, Version=1.0.0.0, Culture=neutral, PublicKeyToken=null" name="op_MultiplyTest3" />
    </UnitTest>
    <UnitTest name="ExchangeTest" storage="c:\users\vanderkorn\documents\visual studio 2010\projects\vanderkorn\testproject1\bin\debug\testproject1.dll" id="f789ebd6-7671-3f6b-02db-7fc026478904">
      <Execution id="129ad872-4dec-435d-8e19-a34fccd7e938" />
      <TestMethod codeBase="C:/Users/vanderkorn/Documents/Visual Studio 2010/Projects/Vanderkorn/TestProject1/bin/Debug/TestProject1.DLL" adapterTypeName="Microsoft.VisualStudio.TestTools.TestTypes.Unit.UnitTestAdapter, Microsoft.VisualStudio.QualityTools.Tips.UnitTest.Adapter, Version=10.0.0.0, Culture=neutral, PublicKeyToken=b03f5f7f11d50a3a" className="TestProject1.MatrixTest, TestProject1, Version=1.0.0.0, Culture=neutral, PublicKeyToken=null" name="ExchangeTest" />
    </UnitTest>
    <UnitTest name="IsDiagonalTest" storage="c:\users\vanderkorn\documents\visual studio 2010\projects\vanderkorn\testproject1\bin\debug\testproject1.dll" id="8a5ecf5c-5004-ad3a-013c-dec5ed0fbdd9">
      <Execution id="a5ba2eff-11e2-4e38-b109-f68f44c3e168" />
      <TestMethod codeBase="C:/Users/vanderkorn/Documents/Visual Studio 2010/Projects/Vanderkorn/TestProject1/bin/Debug/TestProject1.DLL" adapterTypeName="Microsoft.VisualStudio.TestTools.TestTypes.Unit.UnitTestAdapter, Microsoft.VisualStudio.QualityTools.Tips.UnitTest.Adapter, Version=10.0.0.0, Culture=neutral, PublicKeyToken=b03f5f7f11d50a3a" className="TestProject1.MatrixTest, TestProject1, Version=1.0.0.0, Culture=neutral, PublicKeyToken=null" name="IsDiagonalTest" />
    </UnitTest>
    <UnitTest name="TTest1" storage="c:\users\vanderkorn\documents\visual studio 2010\projects\vanderkorn\testproject1\bin\debug\testproject1.dll" id="7cc639b2-5246-5b3a-4777-4f8e909f3902">
      <Execution id="04e2b9ba-3b78-407c-b105-3bc66bdd73ab" />
      <TestMethod codeBase="C:/Users/vanderkorn/Documents/Visual Studio 2010/Projects/Vanderkorn/TestProject1/bin/Debug/TestProject1.DLL" adapterTypeName="Microsoft.VisualStudio.TestTools.TestTypes.Unit.UnitTestAdapter, Microsoft.VisualStudio.QualityTools.Tips.UnitTest.Adapter, Version=10.0.0.0, Culture=neutral, PublicKeyToken=b03f5f7f11d50a3a" className="TestProject1.MatrixTest, TestProject1, Version=1.0.0.0, Culture=neutral, PublicKeyToken=null" name="TTest1" />
    </UnitTest>
    <UnitTest name="CloneTest" storage="c:\users\vanderkorn\documents\visual studio 2010\projects\vanderkorn\testproject1\bin\debug\testproject1.dll" id="b54f6477-0234-3ebd-6564-204d52e593bd">
      <Execution id="2bba6e00-7cee-4ab3-8c76-e3abd16499cf" />
      <TestMethod codeBase="C:/Users/vanderkorn/Documents/Visual Studio 2010/Projects/Vanderkorn/TestProject1/bin/Debug/TestProject1.DLL" adapterTypeName="Microsoft.VisualStudio.TestTools.TestTypes.Unit.UnitTestAdapter, Microsoft.VisualStudio.QualityTools.Tips.UnitTest.Adapter, Version=10.0.0.0, Culture=neutral, PublicKeyToken=b03f5f7f11d50a3a" className="TestProject1.MatrixTest, TestProject1, Version=1.0.0.0, Culture=neutral, PublicKeyToken=null" name="CloneTest" />
    </UnitTest>
    <UnitTest name="LowerShiftTest" storage="c:\users\vanderkorn\documents\visual studio 2010\projects\vanderkorn\testproject1\bin\debug\testproject1.dll" id="13662682-b8a8-1500-58bf-32234df94494">
      <Execution id="ca280d96-f39d-44c1-906d-4799a148f1e8" />
      <TestMethod codeBase="C:/Users/vanderkorn/Documents/Visual Studio 2010/Projects/Vanderkorn/TestProject1/bin/Debug/TestProject1.DLL" adapterTypeName="Microsoft.VisualStudio.TestTools.TestTypes.Unit.UnitTestAdapter, Microsoft.VisualStudio.QualityTools.Tips.UnitTest.Adapter, Version=10.0.0.0, Culture=neutral, PublicKeyToken=b03f5f7f11d50a3a" className="TestProject1.MatrixTest, TestProject1, Version=1.0.0.0, Culture=neutral, PublicKeyToken=null" name="LowerShiftTest" />
    </UnitTest>
    <UnitTest name="DeterminantTest1" storage="c:\users\vanderkorn\documents\visual studio 2010\projects\vanderkorn\testproject1\bin\debug\testproject1.dll" id="29b9b635-a9d8-6772-9f6f-cc129737a93b">
      <Execution id="8fad8385-3836-49c3-b3bc-4c0103fafe38" />
      <TestMethod codeBase="C:/Users/vanderkorn/Documents/Visual Studio 2010/Projects/Vanderkorn/TestProject1/bin/Debug/TestProject1.DLL" adapterTypeName="Microsoft.VisualStudio.TestTools.TestTypes.Unit.UnitTestAdapter, Microsoft.VisualStudio.QualityTools.Tips.UnitTest.Adapter, Version=10.0.0.0, Culture=neutral, PublicKeyToken=b03f5f7f11d50a3a" className="TestProject1.MatrixTest, TestProject1, Version=1.0.0.0, Culture=neutral, PublicKeyToken=null" name="DeterminantTest1" />
    </UnitTest>
    <UnitTest name="RowsCountTest" storage="c:\users\vanderkorn\documents\visual studio 2010\projects\vanderkorn\testproject1\bin\debug\testproject1.dll" id="85cc9ffd-8b0a-c0b7-bdeb-664a482027ac">
      <Execution id="b3986a8c-4d36-4813-bfdd-2cbb26218a6e" />
      <TestMethod codeBase="C:/Users/vanderkorn/Documents/Visual Studio 2010/Projects/Vanderkorn/TestProject1/bin/Debug/TestProject1.DLL" adapterTypeName="Microsoft.VisualStudio.TestTools.TestTypes.Unit.UnitTestAdapter, Microsoft.VisualStudio.QualityTools.Tips.UnitTest.Adapter, Version=10.0.0.0, Culture=neutral, PublicKeyToken=b03f5f7f11d50a3a" className="TestProject1.MatrixTest, TestProject1, Version=1.0.0.0, Culture=neutral, PublicKeyToken=null" name="RowsCountTest" />
    </UnitTest>
    <UnitTest name="MoveIfNeedTest" storage="c:\users\vanderkorn\documents\visual studio 2010\projects\vanderkorn\testproject1\bin\debug\testproject1.dll" id="15b8a582-65ef-8a94-ebb4-77ca9868956f">
      <DeploymentItems>
        <DeploymentItem filename="Vanderkorn.dll" />
      </DeploymentItems>
      <Execution id="6ed13bbd-7e07-4f3e-afb9-3bf351796a51" />
      <TestMethod codeBase="C:/Users/vanderkorn/Documents/Visual Studio 2010/Projects/Vanderkorn/TestProject1/bin/Debug/TestProject1.DLL" adapterTypeName="Microsoft.VisualStudio.TestTools.TestTypes.Unit.UnitTestAdapter, Microsoft.VisualStudio.QualityTools.Tips.UnitTest.Adapter, Version=10.0.0.0, Culture=neutral, PublicKeyToken=b03f5f7f11d50a3a" className="TestProject1.MatrixTest, TestProject1, Version=1.0.0.0, Culture=neutral, PublicKeyToken=null" name="MoveIfNeedTest" />
    </UnitTest>
    <UnitTest name="GetHashCodeTest" storage="c:\users\vanderkorn\documents\visual studio 2010\projects\vanderkorn\testproject1\bin\debug\testproject1.dll" id="f0d972d0-2946-39e7-d376-2160f9b265a3">
      <Execution id="d43a227a-a919-4f44-9b95-dce6041d05ff" />
      <TestMethod codeBase="C:/Users/vanderkorn/Documents/Visual Studio 2010/Projects/Vanderkorn/TestProject1/bin/Debug/TestProject1.DLL" adapterTypeName="Microsoft.VisualStudio.TestTools.TestTypes.Unit.UnitTestAdapter, Microsoft.VisualStudio.QualityTools.Tips.UnitTest.Adapter, Version=10.0.0.0, Culture=neutral, PublicKeyToken=b03f5f7f11d50a3a" className="TestProject1.MatrixTest, TestProject1, Version=1.0.0.0, Culture=neutral, PublicKeyToken=null" name="GetHashCodeTest" />
    </UnitTest>
    <UnitTest name="EqualsTest" storage="c:\users\vanderkorn\documents\visual studio 2010\projects\vanderkorn\testproject1\bin\debug\testproject1.dll" id="39b395ac-a538-34cc-7241-883c4bd4d7cc">
      <Execution id="4590a8a3-3b49-4eb9-bf55-df791147c044" />
      <TestMethod codeBase="C:/Users/vanderkorn/Documents/Visual Studio 2010/Projects/Vanderkorn/TestProject1/bin/Debug/TestProject1.DLL" adapterTypeName="Microsoft.VisualStudio.TestTools.TestTypes.Unit.UnitTestAdapter, Microsoft.VisualStudio.QualityTools.Tips.UnitTest.Adapter, Version=10.0.0.0, Culture=neutral, PublicKeyToken=b03f5f7f11d50a3a" className="TestProject1.MatrixTest, TestProject1, Version=1.0.0.0, Culture=neutral, PublicKeyToken=null" name="EqualsTest" />
    </UnitTest>
    <UnitTest name="op_AdditionTest4" storage="c:\users\vanderkorn\documents\visual studio 2010\projects\vanderkorn\testproject1\bin\debug\testproject1.dll" id="dc4bbeaf-270d-fab3-f8fa-c27aca4d9d18">
      <Execution id="a8fed33d-72b9-4def-aed6-6f579fed8ffe" />
      <TestMethod codeBase="C:/Users/vanderkorn/Documents/Visual Studio 2010/Projects/Vanderkorn/TestProject1/bin/Debug/TestProject1.DLL" adapterTypeName="Microsoft.VisualStudio.TestTools.TestTypes.Unit.UnitTestAdapter, Microsoft.VisualStudio.QualityTools.Tips.UnitTest.Adapter, Version=10.0.0.0, Culture=neutral, PublicKeyToken=b03f5f7f11d50a3a" className="TestProject1.MatrixTest, TestProject1, Version=1.0.0.0, Culture=neutral, PublicKeyToken=null" name="op_AdditionTest4" />
    </UnitTest>
    <UnitTest name="op_EqualityTest" storage="c:\users\vanderkorn\documents\visual studio 2010\projects\vanderkorn\testproject1\bin\debug\testproject1.dll" id="a495c45f-f14c-0aa1-5314-a88886572447">
      <Execution id="b8df1592-d1ad-4aab-8d37-20fef439fa32" />
      <TestMethod codeBase="C:/Users/vanderkorn/Documents/Visual Studio 2010/Projects/Vanderkorn/TestProject1/bin/Debug/TestProject1.DLL" adapterTypeName="Microsoft.VisualStudio.TestTools.TestTypes.Unit.UnitTestAdapter, Microsoft.VisualStudio.QualityTools.Tips.UnitTest.Adapter, Version=10.0.0.0, Culture=neutral, PublicKeyToken=b03f5f7f11d50a3a" className="TestProject1.MatrixTest, TestProject1, Version=1.0.0.0, Culture=neutral, PublicKeyToken=null" name="op_EqualityTest" />
    </UnitTest>
    <UnitTest name="EyeTest" storage="c:\users\vanderkorn\documents\visual studio 2010\projects\vanderkorn\testproject1\bin\debug\testproject1.dll" id="ccf9122f-266a-bad8-442b-07d1ab013364">
      <Execution id="6cac2751-5e37-4968-8cd7-d93e8f0cafb9" />
      <TestMethod codeBase="C:/Users/vanderkorn/Documents/Visual Studio 2010/Projects/Vanderkorn/TestProject1/bin/Debug/TestProject1.DLL" adapterTypeName="Microsoft.VisualStudio.TestTools.TestTypes.Unit.UnitTestAdapter, Microsoft.VisualStudio.QualityTools.Tips.UnitTest.Adapter, Version=10.0.0.0, Culture=neutral, PublicKeyToken=b03f5f7f11d50a3a" className="TestProject1.MatrixTest, TestProject1, Version=1.0.0.0, Culture=neutral, PublicKeyToken=null" name="EyeTest" />
    </UnitTest>
    <UnitTest name="MinorTest" storage="c:\users\vanderkorn\documents\visual studio 2010\projects\vanderkorn\testproject1\bin\debug\testproject1.dll" id="516cc571-d727-8d1e-d3eb-fcaf880951f0">
      <Execution id="6f86af35-ae0c-4a72-8223-9d5e5623014a" />
      <TestMethod codeBase="C:/Users/vanderkorn/Documents/Visual Studio 2010/Projects/Vanderkorn/TestProject1/bin/Debug/TestProject1.DLL" adapterTypeName="Microsoft.VisualStudio.TestTools.TestTypes.Unit.UnitTestAdapter, Microsoft.VisualStudio.QualityTools.Tips.UnitTest.Adapter, Version=10.0.0.0, Culture=neutral, PublicKeyToken=b03f5f7f11d50a3a" className="TestProject1.MatrixTest, TestProject1, Version=1.0.0.0, Culture=neutral, PublicKeyToken=null" name="MinorTest" />
    </UnitTest>
    <UnitTest name="RedhefferTest" storage="c:\users\vanderkorn\documents\visual studio 2010\projects\vanderkorn\testproject1\bin\debug\testproject1.dll" id="20c1d519-b61a-07d2-7337-9f0063246924">
      <Execution id="ed971b55-4f2c-408a-8f1f-26413cdfbe16" />
      <TestMethod codeBase="C:/Users/vanderkorn/Documents/Visual Studio 2010/Projects/Vanderkorn/TestProject1/bin/Debug/TestProject1.DLL" adapterTypeName="Microsoft.VisualStudio.TestTools.TestTypes.Unit.UnitTestAdapter, Microsoft.VisualStudio.QualityTools.Tips.UnitTest.Adapter, Version=10.0.0.0, Culture=neutral, PublicKeyToken=b03f5f7f11d50a3a" className="TestProject1.MatrixTest, TestProject1, Version=1.0.0.0, Culture=neutral, PublicKeyToken=null" name="RedhefferTest" />
    </UnitTest>
    <UnitTest name="LehmerElementTest" storage="c:\users\vanderkorn\documents\visual studio 2010\projects\vanderkorn\testproject1\bin\debug\testproject1.dll" id="f9c3c492-a711-1b56-31c6-5024acfce441">
      <DeploymentItems>
        <DeploymentItem filename="Vanderkorn.dll" />
      </DeploymentItems>
      <Execution id="6671c95a-0884-47e7-b97f-486a2ff37be5" />
      <TestMethod codeBase="C:/Users/vanderkorn/Documents/Visual Studio 2010/Projects/Vanderkorn/TestProject1/bin/Debug/TestProject1.DLL" adapterTypeName="Microsoft.VisualStudio.TestTools.TestTypes.Unit.UnitTestAdapter, Microsoft.VisualStudio.QualityTools.Tips.UnitTest.Adapter, Version=10.0.0.0, Culture=neutral, PublicKeyToken=b03f5f7f11d50a3a" className="TestProject1.MatrixTest, TestProject1, Version=1.0.0.0, Culture=neutral, PublicKeyToken=null" name="LehmerElementTest" />
    </UnitTest>
    <UnitTest name="ColumnsCountTest" storage="c:\users\vanderkorn\documents\visual studio 2010\projects\vanderkorn\testproject1\bin\debug\testproject1.dll" id="36413123-38dc-82e4-6cd7-4b68d5f72cce">
      <Execution id="8bbc9ab0-7881-4521-af27-69bece01b4c8" />
      <TestMethod codeBase="C:/Users/vanderkorn/Documents/Visual Studio 2010/Projects/Vanderkorn/TestProject1/bin/Debug/TestProject1.DLL" adapterTypeName="Microsoft.VisualStudio.TestTools.TestTypes.Unit.UnitTestAdapter, Microsoft.VisualStudio.QualityTools.Tips.UnitTest.Adapter, Version=10.0.0.0, Culture=neutral, PublicKeyToken=b03f5f7f11d50a3a" className="TestProject1.MatrixTest, TestProject1, Version=1.0.0.0, Culture=neutral, PublicKeyToken=null" name="ColumnsCountTest" />
    </UnitTest>
    <UnitTest name="DetTest1" storage="c:\users\vanderkorn\documents\visual studio 2010\projects\vanderkorn\testproject1\bin\debug\testproject1.dll" id="9fc94bba-4eeb-f8fa-ca9f-5cc295e26e7c">
      <Execution id="2f5bd2d5-561d-4b4d-a11c-3a33ee618701" />
      <TestMethod codeBase="C:/Users/vanderkorn/Documents/Visual Studio 2010/Projects/Vanderkorn/TestProject1/bin/Debug/TestProject1.DLL" adapterTypeName="Microsoft.VisualStudio.TestTools.TestTypes.Unit.UnitTestAdapter, Microsoft.VisualStudio.QualityTools.Tips.UnitTest.Adapter, Version=10.0.0.0, Culture=neutral, PublicKeyToken=b03f5f7f11d50a3a" className="TestProject1.MatrixTest, TestProject1, Version=1.0.0.0, Culture=neutral, PublicKeyToken=null" name="DetTest1" />
    </UnitTest>
    <UnitTest name="IsSymmetricTest" storage="c:\users\vanderkorn\documents\visual studio 2010\projects\vanderkorn\testproject1\bin\debug\testproject1.dll" id="d76f033e-3080-e631-0c04-ca1b2c7d8a2b">
      <Execution id="d91e3c19-3474-44d2-9cb0-118d0337a344" />
      <TestMethod codeBase="C:/Users/vanderkorn/Documents/Visual Studio 2010/Projects/Vanderkorn/TestProject1/bin/Debug/TestProject1.DLL" adapterTypeName="Microsoft.VisualStudio.TestTools.TestTypes.Unit.UnitTestAdapter, Microsoft.VisualStudio.QualityTools.Tips.UnitTest.Adapter, Version=10.0.0.0, Culture=neutral, PublicKeyToken=b03f5f7f11d50a3a" className="TestProject1.MatrixTest, TestProject1, Version=1.0.0.0, Culture=neutral, PublicKeyToken=null" name="IsSymmetricTest" />
    </UnitTest>
    <UnitTest name="MatrixConstructorTest" storage="c:\users\vanderkorn\documents\visual studio 2010\projects\vanderkorn\testproject1\bin\debug\testproject1.dll" id="729a178a-6527-bb4f-7f24-485ff980a0ba">
      <Execution id="428603fb-5f72-4281-af06-8d27d14e0049" />
      <TestMethod codeBase="C:/Users/vanderkorn/Documents/Visual Studio 2010/Projects/Vanderkorn/TestProject1/bin/Debug/TestProject1.DLL" adapterTypeName="Microsoft.VisualStudio.TestTools.TestTypes.Unit.UnitTestAdapter, Microsoft.VisualStudio.QualityTools.Tips.UnitTest.Adapter, Version=10.0.0.0, Culture=neutral, PublicKeyToken=b03f5f7f11d50a3a" className="TestProject1.MatrixTest, TestProject1, Version=1.0.0.0, Culture=neutral, PublicKeyToken=null" name="MatrixConstructorTest" />
    </UnitTest>
    <UnitTest name="RowsSubtractionTest1" storage="c:\users\vanderkorn\documents\visual studio 2010\projects\vanderkorn\testproject1\bin\debug\testproject1.dll" id="555bbc82-3e5b-415e-72fe-f77026a03170">
      <DeploymentItems>
        <DeploymentItem filename="Vanderkorn.dll" />
      </DeploymentItems>
      <Execution id="f97fe526-123c-4001-8761-288397984449" />
      <TestMethod codeBase="C:/Users/vanderkorn/Documents/Visual Studio 2010/Projects/Vanderkorn/TestProject1/bin/Debug/TestProject1.DLL" adapterTypeName="Microsoft.VisualStudio.TestTools.TestTypes.Unit.UnitTestAdapter, Microsoft.VisualStudio.QualityTools.Tips.UnitTest.Adapter, Version=10.0.0.0, Culture=neutral, PublicKeyToken=b03f5f7f11d50a3a" className="TestProject1.MatrixTest, TestProject1, Version=1.0.0.0, Culture=neutral, PublicKeyToken=null" name="RowsSubtractionTest1" />
    </UnitTest>
    <UnitTest name="op_MultiplyTest6" storage="c:\users\vanderkorn\documents\visual studio 2010\projects\vanderkorn\testproject1\bin\debug\testproject1.dll" id="8055da9e-6417-633f-8dbb-a89cbda2b8f2">
      <Execution id="5624c26b-3e2d-4471-b1be-d4bdaa6e5bc1" />
      <TestMethod codeBase="C:/Users/vanderkorn/Documents/Visual Studio 2010/Projects/Vanderkorn/TestProject1/bin/Debug/TestProject1.DLL" adapterTypeName="Microsoft.VisualStudio.TestTools.TestTypes.Unit.UnitTestAdapter, Microsoft.VisualStudio.QualityTools.Tips.UnitTest.Adapter, Version=10.0.0.0, Culture=neutral, PublicKeyToken=b03f5f7f11d50a3a" className="TestProject1.MatrixTest, TestProject1, Version=1.0.0.0, Culture=neutral, PublicKeyToken=null" name="op_MultiplyTest6" />
    </UnitTest>
    <UnitTest name="op_DivisionTest5" storage="c:\users\vanderkorn\documents\visual studio 2010\projects\vanderkorn\testproject1\bin\debug\testproject1.dll" id="797a4359-3202-2d38-5939-bcd3becebef7">
      <Execution id="29e0c883-780d-4f2a-ad80-7270a14f7eae" />
      <TestMethod codeBase="C:/Users/vanderkorn/Documents/Visual Studio 2010/Projects/Vanderkorn/TestProject1/bin/Debug/TestProject1.DLL" adapterTypeName="Microsoft.VisualStudio.TestTools.TestTypes.Unit.UnitTestAdapter, Microsoft.VisualStudio.QualityTools.Tips.UnitTest.Adapter, Version=10.0.0.0, Culture=neutral, PublicKeyToken=b03f5f7f11d50a3a" className="TestProject1.MatrixTest, TestProject1, Version=1.0.0.0, Culture=neutral, PublicKeyToken=null" name="op_DivisionTest5" />
    </UnitTest>
    <UnitTest name="IsElementOnAntiDiagonalTest" storage="c:\users\vanderkorn\documents\visual studio 2010\projects\vanderkorn\testproject1\bin\debug\testproject1.dll" id="4c705b9c-1e09-a9f4-0e1e-3629abe5d9ee">
      <Execution id="a6828afc-abb0-4e3c-9dfa-9a84f936becc" />
      <TestMethod codeBase="C:/Users/vanderkorn/Documents/Visual Studio 2010/Projects/Vanderkorn/TestProject1/bin/Debug/TestProject1.DLL" adapterTypeName="Microsoft.VisualStudio.TestTools.TestTypes.Unit.UnitTestAdapter, Microsoft.VisualStudio.QualityTools.Tips.UnitTest.Adapter, Version=10.0.0.0, Culture=neutral, PublicKeyToken=b03f5f7f11d50a3a" className="TestProject1.MatrixTest, TestProject1, Version=1.0.0.0, Culture=neutral, PublicKeyToken=null" name="IsElementOnAntiDiagonalTest" />
    </UnitTest>
    <UnitTest name="MatrixConstructorTest2" storage="c:\users\vanderkorn\documents\visual studio 2010\projects\vanderkorn\testproject1\bin\debug\testproject1.dll" id="69b5b108-097a-9df5-2a8e-49b6e3459666">
      <Execution id="d152c001-3f77-4a02-8b0f-b16a5f769047" />
      <TestMethod codeBase="C:/Users/vanderkorn/Documents/Visual Studio 2010/Projects/Vanderkorn/TestProject1/bin/Debug/TestProject1.DLL" adapterTypeName="Microsoft.VisualStudio.TestTools.TestTypes.Unit.UnitTestAdapter, Microsoft.VisualStudio.QualityTools.Tips.UnitTest.Adapter, Version=10.0.0.0, Culture=neutral, PublicKeyToken=b03f5f7f11d50a3a" className="TestProject1.MatrixTest, TestProject1, Version=1.0.0.0, Culture=neutral, PublicKeyToken=null" name="MatrixConstructorTest2" />
    </UnitTest>
    <UnitTest name="DetTest" storage="c:\users\vanderkorn\documents\visual studio 2010\projects\vanderkorn\testproject1\bin\debug\testproject1.dll" id="6bf3aab2-2e82-6ad5-5194-054098665004">
      <Execution id="32b4cebb-1ce1-4493-a8a5-11db63ed0c35" />
      <TestMethod codeBase="C:/Users/vanderkorn/Documents/Visual Studio 2010/Projects/Vanderkorn/TestProject1/bin/Debug/TestProject1.DLL" adapterTypeName="Microsoft.VisualStudio.TestTools.TestTypes.Unit.UnitTestAdapter, Microsoft.VisualStudio.QualityTools.Tips.UnitTest.Adapter, Version=10.0.0.0, Culture=neutral, PublicKeyToken=b03f5f7f11d50a3a" className="TestProject1.MatrixTest, TestProject1, Version=1.0.0.0, Culture=neutral, PublicKeyToken=null" name="DetTest" />
    </UnitTest>
    <UnitTest name="HilbertElementTest" storage="c:\users\vanderkorn\documents\visual studio 2010\projects\vanderkorn\testproject1\bin\debug\testproject1.dll" id="3f9cf068-34dc-9368-3d4a-4c3ffbcffa16">
      <DeploymentItems>
        <DeploymentItem filename="Vanderkorn.dll" />
      </DeploymentItems>
      <Execution id="1f6e3bb5-cddb-4afc-af88-8b65e746322a" />
      <TestMethod codeBase="C:/Users/vanderkorn/Documents/Visual Studio 2010/Projects/Vanderkorn/TestProject1/bin/Debug/TestProject1.DLL" adapterTypeName="Microsoft.VisualStudio.TestTools.TestTypes.Unit.UnitTestAdapter, Microsoft.VisualStudio.QualityTools.Tips.UnitTest.Adapter, Version=10.0.0.0, Culture=neutral, PublicKeyToken=b03f5f7f11d50a3a" className="TestProject1.MatrixTest, TestProject1, Version=1.0.0.0, Culture=neutral, PublicKeyToken=null" name="HilbertElementTest" />
    </UnitTest>
    <UnitTest name="op_MultiplyTest5" storage="c:\users\vanderkorn\documents\visual studio 2010\projects\vanderkorn\testproject1\bin\debug\testproject1.dll" id="8a203234-fee1-1ccf-1a44-abee672be7fe">
      <Execution id="97401ca9-3dcb-4bdb-ac24-2ffbfd1d81ff" />
      <TestMethod codeBase="C:/Users/vanderkorn/Documents/Visual Studio 2010/Projects/Vanderkorn/TestProject1/bin/Debug/TestProject1.DLL" adapterTypeName="Microsoft.VisualStudio.TestTools.TestTypes.Unit.UnitTestAdapter, Microsoft.VisualStudio.QualityTools.Tips.UnitTest.Adapter, Version=10.0.0.0, Culture=neutral, PublicKeyToken=b03f5f7f11d50a3a" className="TestProject1.MatrixTest, TestProject1, Version=1.0.0.0, Culture=neutral, PublicKeyToken=null" name="op_MultiplyTest5" />
    </UnitTest>
    <UnitTest name="op_DivisionTest1" storage="c:\users\vanderkorn\documents\visual studio 2010\projects\vanderkorn\testproject1\bin\debug\testproject1.dll" id="f98d0c38-682e-c60a-1593-15001c66f71e">
      <Execution id="c5e56e16-881f-48c5-b6a9-b16d9d94f289" />
      <TestMethod codeBase="C:/Users/vanderkorn/Documents/Visual Studio 2010/Projects/Vanderkorn/TestProject1/bin/Debug/TestProject1.DLL" adapterTypeName="Microsoft.VisualStudio.TestTools.TestTypes.Unit.UnitTestAdapter, Microsoft.VisualStudio.QualityTools.Tips.UnitTest.Adapter, Version=10.0.0.0, Culture=neutral, PublicKeyToken=b03f5f7f11d50a3a" className="TestProject1.MatrixTest, TestProject1, Version=1.0.0.0, Culture=neutral, PublicKeyToken=null" name="op_DivisionTest1" />
    </UnitTest>
    <UnitTest name="NormingTest1" storage="c:\users\vanderkorn\documents\visual studio 2010\projects\vanderkorn\testproject1\bin\debug\testproject1.dll" id="d9122ccb-696a-4243-918e-9bf5e27ddc63">
      <Execution id="18252ddf-f717-4a68-9237-eb278d6d57ab" />
      <TestMethod codeBase="C:/Users/vanderkorn/Documents/Visual Studio 2010/Projects/Vanderkorn/TestProject1/bin/Debug/TestProject1.DLL" adapterTypeName="Microsoft.VisualStudio.TestTools.TestTypes.Unit.UnitTestAdapter, Microsoft.VisualStudio.QualityTools.Tips.UnitTest.Adapter, Version=10.0.0.0, Culture=neutral, PublicKeyToken=b03f5f7f11d50a3a" className="TestProject1.MatrixTest, TestProject1, Version=1.0.0.0, Culture=neutral, PublicKeyToken=null" name="NormingTest1" />
    </UnitTest>
    <UnitTest name="PascalElementTest" storage="c:\users\vanderkorn\documents\visual studio 2010\projects\vanderkorn\testproject1\bin\debug\testproject1.dll" id="f4674a73-6199-18af-abf4-680a87bb0808">
      <DeploymentItems>
        <DeploymentItem filename="Vanderkorn.dll" />
      </DeploymentItems>
      <Execution id="c3f286eb-0252-4613-bd48-f386e6e1d578" />
      <TestMethod codeBase="C:/Users/vanderkorn/Documents/Visual Studio 2010/Projects/Vanderkorn/TestProject1/bin/Debug/TestProject1.DLL" adapterTypeName="Microsoft.VisualStudio.TestTools.TestTypes.Unit.UnitTestAdapter, Microsoft.VisualStudio.QualityTools.Tips.UnitTest.Adapter, Version=10.0.0.0, Culture=neutral, PublicKeyToken=b03f5f7f11d50a3a" className="TestProject1.MatrixTest, TestProject1, Version=1.0.0.0, Culture=neutral, PublicKeyToken=null" name="PascalElementTest" />
    </UnitTest>
    <UnitTest name="op_SubtractionTest4" storage="c:\users\vanderkorn\documents\visual studio 2010\projects\vanderkorn\testproject1\bin\debug\testproject1.dll" id="4990595f-872e-762a-cf7a-6c2521bd99e2">
      <Execution id="a40aa073-f1ba-477b-bb5c-5739817e627a" />
      <TestMethod codeBase="C:/Users/vanderkorn/Documents/Visual Studio 2010/Projects/Vanderkorn/TestProject1/bin/Debug/TestProject1.DLL" adapterTypeName="Microsoft.VisualStudio.TestTools.TestTypes.Unit.UnitTestAdapter, Microsoft.VisualStudio.QualityTools.Tips.UnitTest.Adapter, Version=10.0.0.0, Culture=neutral, PublicKeyToken=b03f5f7f11d50a3a" className="TestProject1.MatrixTest, TestProject1, Version=1.0.0.0, Culture=neutral, PublicKeyToken=null" name="op_SubtractionTest4" />
    </UnitTest>
    <UnitTest name="op_SubtractionTest5" storage="c:\users\vanderkorn\documents\visual studio 2010\projects\vanderkorn\testproject1\bin\debug\testproject1.dll" id="95035bfb-baf9-22f1-c701-934402669b80">
      <Execution id="3b6b41e2-25cf-4b86-83ca-61b773c33321" />
      <TestMethod codeBase="C:/Users/vanderkorn/Documents/Visual Studio 2010/Projects/Vanderkorn/TestProject1/bin/Debug/TestProject1.DLL" adapterTypeName="Microsoft.VisualStudio.TestTools.TestTypes.Unit.UnitTestAdapter, Microsoft.VisualStudio.QualityTools.Tips.UnitTest.Adapter, Version=10.0.0.0, Culture=neutral, PublicKeyToken=b03f5f7f11d50a3a" className="TestProject1.MatrixTest, TestProject1, Version=1.0.0.0, Culture=neutral, PublicKeyToken=null" name="op_SubtractionTest5" />
    </UnitTest>
    <UnitTest name="TraceTest1" storage="c:\users\vanderkorn\documents\visual studio 2010\projects\vanderkorn\testproject1\bin\debug\testproject1.dll" id="73c72c7d-9a1d-c4c5-838c-fa9eec167b29">
      <Execution id="71947b53-e79b-43e9-a45d-2b8ae997f106" />
      <TestMethod codeBase="C:/Users/vanderkorn/Documents/Visual Studio 2010/Projects/Vanderkorn/TestProject1/bin/Debug/TestProject1.DLL" adapterTypeName="Microsoft.VisualStudio.TestTools.TestTypes.Unit.UnitTestAdapter, Microsoft.VisualStudio.QualityTools.Tips.UnitTest.Adapter, Version=10.0.0.0, Culture=neutral, PublicKeyToken=b03f5f7f11d50a3a" className="TestProject1.MatrixTest, TestProject1, Version=1.0.0.0, Culture=neutral, PublicKeyToken=null" name="TraceTest1" />
    </UnitTest>
    <UnitTest name="IdentityTest" storage="c:\users\vanderkorn\documents\visual studio 2010\projects\vanderkorn\testproject1\bin\debug\testproject1.dll" id="43becc7c-704e-9e06-b5f9-d026d4c3eb81">
      <Execution id="d3b8e800-f5e8-4556-a49e-5036e1070c95" />
      <TestMethod codeBase="C:/Users/vanderkorn/Documents/Visual Studio 2010/Projects/Vanderkorn/TestProject1/bin/Debug/TestProject1.DLL" adapterTypeName="Microsoft.VisualStudio.TestTools.TestTypes.Unit.UnitTestAdapter, Microsoft.VisualStudio.QualityTools.Tips.UnitTest.Adapter, Version=10.0.0.0, Culture=neutral, PublicKeyToken=b03f5f7f11d50a3a" className="TestProject1.MatrixTest, TestProject1, Version=1.0.0.0, Culture=neutral, PublicKeyToken=null" name="IdentityTest" />
    </UnitTest>
    <UnitTest name="AbsTest" storage="c:\users\vanderkorn\documents\visual studio 2010\projects\vanderkorn\testproject1\bin\debug\testproject1.dll" id="d47775c4-4ec8-41db-807e-42d17a02b2a4">
      <Execution id="f90147a9-d158-4299-bfb1-a1df96434f47" />
      <TestMethod codeBase="C:/Users/vanderkorn/Documents/Visual Studio 2010/Projects/Vanderkorn/TestProject1/bin/Debug/TestProject1.DLL" adapterTypeName="Microsoft.VisualStudio.TestTools.TestTypes.Unit.UnitTestAdapter, Microsoft.VisualStudio.QualityTools.Tips.UnitTest.Adapter, Version=10.0.0.0, Culture=neutral, PublicKeyToken=b03f5f7f11d50a3a" className="TestProject1.MatrixTest, TestProject1, Version=1.0.0.0, Culture=neutral, PublicKeyToken=null" name="AbsTest" />
    </UnitTest>
    <UnitTest name="NormingTest" storage="c:\users\vanderkorn\documents\visual studio 2010\projects\vanderkorn\testproject1\bin\debug\testproject1.dll" id="343cf50b-a605-f5f4-a06b-e2cff348966d">
      <Execution id="e25518b6-a19d-49f6-baa4-d561024f9346" />
      <TestMethod codeBase="C:/Users/vanderkorn/Documents/Visual Studio 2010/Projects/Vanderkorn/TestProject1/bin/Debug/TestProject1.DLL" adapterTypeName="Microsoft.VisualStudio.TestTools.TestTypes.Unit.UnitTestAdapter, Microsoft.VisualStudio.QualityTools.Tips.UnitTest.Adapter, Version=10.0.0.0, Culture=neutral, PublicKeyToken=b03f5f7f11d50a3a" className="TestProject1.MatrixTest, TestProject1, Version=1.0.0.0, Culture=neutral, PublicKeyToken=null" name="NormingTest" />
    </UnitTest>
    <UnitTest name="op_MultiplyTest2" storage="c:\users\vanderkorn\documents\visual studio 2010\projects\vanderkorn\testproject1\bin\debug\testproject1.dll" id="b5345954-f142-cf87-9c21-451006d9e57b">
      <Execution id="8151eced-a9a9-479f-b2a3-e873bbbd59dc" />
      <TestMethod codeBase="C:/Users/vanderkorn/Documents/Visual Studio 2010/Projects/Vanderkorn/TestProject1/bin/Debug/TestProject1.DLL" adapterTypeName="Microsoft.VisualStudio.TestTools.TestTypes.Unit.UnitTestAdapter, Microsoft.VisualStudio.QualityTools.Tips.UnitTest.Adapter, Version=10.0.0.0, Culture=neutral, PublicKeyToken=b03f5f7f11d50a3a" className="TestProject1.MatrixTest, TestProject1, Version=1.0.0.0, Culture=neutral, PublicKeyToken=null" name="op_MultiplyTest2" />
    </UnitTest>
    <UnitTest name="op_DivisionTest" storage="c:\users\vanderkorn\documents\visual studio 2010\projects\vanderkorn\testproject1\bin\debug\testproject1.dll" id="fbd64c98-ba51-03ae-2f34-4bc2ac313480">
      <Execution id="9327d9b5-d6fc-46b8-addb-64fff52185a3" />
      <TestMethod codeBase="C:/Users/vanderkorn/Documents/Visual Studio 2010/Projects/Vanderkorn/TestProject1/bin/Debug/TestProject1.DLL" adapterTypeName="Microsoft.VisualStudio.TestTools.TestTypes.Unit.UnitTestAdapter, Microsoft.VisualStudio.QualityTools.Tips.UnitTest.Adapter, Version=10.0.0.0, Culture=neutral, PublicKeyToken=b03f5f7f11d50a3a" className="TestProject1.MatrixTest, TestProject1, Version=1.0.0.0, Culture=neutral, PublicKeyToken=null" name="op_DivisionTest" />
    </UnitTest>
    <UnitTest name="RowsTranspositionTest" storage="c:\users\vanderkorn\documents\visual studio 2010\projects\vanderkorn\testproject1\bin\debug\testproject1.dll" id="39f223aa-d3a9-66e8-a350-a93613838541">
      <Execution id="d37f15a5-51a0-4b03-9374-c38855b357ad" />
      <TestMethod codeBase="C:/Users/vanderkorn/Documents/Visual Studio 2010/Projects/Vanderkorn/TestProject1/bin/Debug/TestProject1.DLL" adapterTypeName="Microsoft.VisualStudio.TestTools.TestTypes.Unit.UnitTestAdapter, Microsoft.VisualStudio.QualityTools.Tips.UnitTest.Adapter, Version=10.0.0.0, Culture=neutral, PublicKeyToken=b03f5f7f11d50a3a" className="TestProject1.MatrixTest, TestProject1, Version=1.0.0.0, Culture=neutral, PublicKeyToken=null" name="RowsTranspositionTest" />
    </UnitTest>
    <UnitTest name="IsElementOnMainDiagonalTest" storage="c:\users\vanderkorn\documents\visual studio 2010\projects\vanderkorn\testproject1\bin\debug\testproject1.dll" id="5c18a0d9-76e2-db5d-9d52-903be4cd9297">
      <Execution id="9387b6ca-bb79-405e-b174-178c6ba72394" />
      <TestMethod codeBase="C:/Users/vanderkorn/Documents/Visual Studio 2010/Projects/Vanderkorn/TestProject1/bin/Debug/TestProject1.DLL" adapterTypeName="Microsoft.VisualStudio.TestTools.TestTypes.Unit.UnitTestAdapter, Microsoft.VisualStudio.QualityTools.Tips.UnitTest.Adapter, Version=10.0.0.0, Culture=neutral, PublicKeyToken=b03f5f7f11d50a3a" className="TestProject1.MatrixTest, TestProject1, Version=1.0.0.0, Culture=neutral, PublicKeyToken=null" name="IsElementOnMainDiagonalTest" />
    </UnitTest>
    <UnitTest name="NormTest1" storage="c:\users\vanderkorn\documents\visual studio 2010\projects\vanderkorn\testproject1\bin\debug\testproject1.dll" id="67d8b59d-feb7-2463-acb4-367e2f952e88">
      <Execution id="45367c2f-5a28-4516-a75a-fd1d23624e25" />
      <TestMethod codeBase="C:/Users/vanderkorn/Documents/Visual Studio 2010/Projects/Vanderkorn/TestProject1/bin/Debug/TestProject1.DLL" adapterTypeName="Microsoft.VisualStudio.TestTools.TestTypes.Unit.UnitTestAdapter, Microsoft.VisualStudio.QualityTools.Tips.UnitTest.Adapter, Version=10.0.0.0, Culture=neutral, PublicKeyToken=b03f5f7f11d50a3a" className="TestProject1.MatrixTest, TestProject1, Version=1.0.0.0, Culture=neutral, PublicKeyToken=null" name="NormTest1" />
    </UnitTest>
    <UnitTest name="op_AdditionTest2" storage="c:\users\vanderkorn\documents\visual studio 2010\projects\vanderkorn\testproject1\bin\debug\testproject1.dll" id="85952276-fb35-079e-ed9e-cd32d07cf640">
      <Execution id="e9167e0b-8e1d-47b2-9f69-ad080a8b9377" />
      <TestMethod codeBase="C:/Users/vanderkorn/Documents/Visual Studio 2010/Projects/Vanderkorn/TestProject1/bin/Debug/TestProject1.DLL" adapterTypeName="Microsoft.VisualStudio.TestTools.TestTypes.Unit.UnitTestAdapter, Microsoft.VisualStudio.QualityTools.Tips.UnitTest.Adapter, Version=10.0.0.0, Culture=neutral, PublicKeyToken=b03f5f7f11d50a3a" className="TestProject1.MatrixTest, TestProject1, Version=1.0.0.0, Culture=neutral, PublicKeyToken=null" name="op_AdditionTest2" />
    </UnitTest>
    <UnitTest name="IsLowerBiDiagonalTest" storage="c:\users\vanderkorn\documents\visual studio 2010\projects\vanderkorn\testproject1\bin\debug\testproject1.dll" id="f813f20e-f674-cf38-17e3-64e31960345c">
      <Execution id="fb85760c-e575-42f7-b68c-4f3b7dde63a7" />
      <TestMethod codeBase="C:/Users/vanderkorn/Documents/Visual Studio 2010/Projects/Vanderkorn/TestProject1/bin/Debug/TestProject1.DLL" adapterTypeName="Microsoft.VisualStudio.TestTools.TestTypes.Unit.UnitTestAdapter, Microsoft.VisualStudio.QualityTools.Tips.UnitTest.Adapter, Version=10.0.0.0, Culture=neutral, PublicKeyToken=b03f5f7f11d50a3a" className="TestProject1.MatrixTest, TestProject1, Version=1.0.0.0, Culture=neutral, PublicKeyToken=null" name="IsLowerBiDiagonalTest" />
    </UnitTest>
    <UnitTest name="op_DivisionTest3" storage="c:\users\vanderkorn\documents\visual studio 2010\projects\vanderkorn\testproject1\bin\debug\testproject1.dll" id="6dd00cea-5026-16d9-dea1-25c83e13b882">
      <Execution id="e55c97a2-3374-4f35-8cfb-49f2ac8a92a4" />
      <TestMethod codeBase="C:/Users/vanderkorn/Documents/Visual Studio 2010/Projects/Vanderkorn/TestProject1/bin/Debug/TestProject1.DLL" adapterTypeName="Microsoft.VisualStudio.TestTools.TestTypes.Unit.UnitTestAdapter, Microsoft.VisualStudio.QualityTools.Tips.UnitTest.Adapter, Version=10.0.0.0, Culture=neutral, PublicKeyToken=b03f5f7f11d50a3a" className="TestProject1.MatrixTest, TestProject1, Version=1.0.0.0, Culture=neutral, PublicKeyToken=null" name="op_DivisionTest3" />
    </UnitTest>
    <UnitTest name="RankTest" storage="c:\users\vanderkorn\documents\visual studio 2010\projects\vanderkorn\testproject1\bin\debug\testproject1.dll" id="43ad0cf5-616c-82fa-9bcb-1f85c1671cb5">
      <Execution id="d7ea04bb-abbc-4488-8ad8-d8cc0d7df319" />
      <TestMethod codeBase="C:/Users/vanderkorn/Documents/Visual Studio 2010/Projects/Vanderkorn/TestProject1/bin/Debug/TestProject1.DLL" adapterTypeName="Microsoft.VisualStudio.TestTools.TestTypes.Unit.UnitTestAdapter, Microsoft.VisualStudio.QualityTools.Tips.UnitTest.Adapter, Version=10.0.0.0, Culture=neutral, PublicKeyToken=b03f5f7f11d50a3a" className="TestProject1.MatrixTest, TestProject1, Version=1.0.0.0, Culture=neutral, PublicKeyToken=null" name="RankTest" />
    </UnitTest>
    <UnitTest name="RowDivisionTest" storage="c:\users\vanderkorn\documents\visual studio 2010\projects\vanderkorn\testproject1\bin\debug\testproject1.dll" id="2af2e75d-2feb-439d-2733-ebba6b83b65e">
      <Execution id="55c556af-1fe8-4602-93f3-08c46bb42e27" />
      <TestMethod codeBase="C:/Users/vanderkorn/Documents/Visual Studio 2010/Projects/Vanderkorn/TestProject1/bin/Debug/TestProject1.DLL" adapterTypeName="Microsoft.VisualStudio.TestTools.TestTypes.Unit.UnitTestAdapter, Microsoft.VisualStudio.QualityTools.Tips.UnitTest.Adapter, Version=10.0.0.0, Culture=neutral, PublicKeyToken=b03f5f7f11d50a3a" className="TestProject1.MatrixTest, TestProject1, Version=1.0.0.0, Culture=neutral, PublicKeyToken=null" name="RowDivisionTest" />
    </UnitTest>
    <UnitTest name="MinorTest1" storage="c:\users\vanderkorn\documents\visual studio 2010\projects\vanderkorn\testproject1\bin\debug\testproject1.dll" id="8ae4a461-40ff-e5df-52b8-92f096277bea">
      <Execution id="7445a56b-a56e-4876-a54b-b72bd93c7c1a" />
      <TestMethod codeBase="C:/Users/vanderkorn/Documents/Visual Studio 2010/Projects/Vanderkorn/TestProject1/bin/Debug/TestProject1.DLL" adapterTypeName="Microsoft.VisualStudio.TestTools.TestTypes.Unit.UnitTestAdapter, Microsoft.VisualStudio.QualityTools.Tips.UnitTest.Adapter, Version=10.0.0.0, Culture=neutral, PublicKeyToken=b03f5f7f11d50a3a" className="TestProject1.MatrixTest, TestProject1, Version=1.0.0.0, Culture=neutral, PublicKeyToken=null" name="MinorTest1" />
    </UnitTest>
    <UnitTest name="IsDiagonallyDominantTest" storage="c:\users\vanderkorn\documents\visual studio 2010\projects\vanderkorn\testproject1\bin\debug\testproject1.dll" id="bc4ec530-58d1-7c29-f0dc-1a557baf16f1">
      <Execution id="392d7811-2caf-4d4c-86b0-42cac8799ecd" />
      <TestMethod codeBase="C:/Users/vanderkorn/Documents/Visual Studio 2010/Projects/Vanderkorn/TestProject1/bin/Debug/TestProject1.DLL" adapterTypeName="Microsoft.VisualStudio.TestTools.TestTypes.Unit.UnitTestAdapter, Microsoft.VisualStudio.QualityTools.Tips.UnitTest.Adapter, Version=10.0.0.0, Culture=neutral, PublicKeyToken=b03f5f7f11d50a3a" className="TestProject1.MatrixTest, TestProject1, Version=1.0.0.0, Culture=neutral, PublicKeyToken=null" name="IsDiagonallyDominantTest" />
    </UnitTest>
    <UnitTest name="op_SubtractionTest1" storage="c:\users\vanderkorn\documents\visual studio 2010\projects\vanderkorn\testproject1\bin\debug\testproject1.dll" id="6c63ad41-13d4-9ec5-c7c9-87587954cad7">
      <Execution id="b6d37029-6ea2-45d0-b1c2-ff6185a63c5e" />
      <TestMethod codeBase="C:/Users/vanderkorn/Documents/Visual Studio 2010/Projects/Vanderkorn/TestProject1/bin/Debug/TestProject1.DLL" adapterTypeName="Microsoft.VisualStudio.TestTools.TestTypes.Unit.UnitTestAdapter, Microsoft.VisualStudio.QualityTools.Tips.UnitTest.Adapter, Version=10.0.0.0, Culture=neutral, PublicKeyToken=b03f5f7f11d50a3a" className="TestProject1.MatrixTest, TestProject1, Version=1.0.0.0, Culture=neutral, PublicKeyToken=null" name="op_SubtractionTest1" />
    </UnitTest>
    <UnitTest name="IsElementOnSuperDiagonalTest" storage="c:\users\vanderkorn\documents\visual studio 2010\projects\vanderkorn\testproject1\bin\debug\testproject1.dll" id="568beef0-0f7d-5971-6034-32929121e11e">
      <Execution id="02fb597b-3bd6-429e-8838-4ece7dc1de0e" />
      <TestMethod codeBase="C:/Users/vanderkorn/Documents/Visual Studio 2010/Projects/Vanderkorn/TestProject1/bin/Debug/TestProject1.DLL" adapterTypeName="Microsoft.VisualStudio.TestTools.TestTypes.Unit.UnitTestAdapter, Microsoft.VisualStudio.QualityTools.Tips.UnitTest.Adapter, Version=10.0.0.0, Culture=neutral, PublicKeyToken=b03f5f7f11d50a3a" className="TestProject1.MatrixTest, TestProject1, Version=1.0.0.0, Culture=neutral, PublicKeyToken=null" name="IsElementOnSuperDiagonalTest" />
    </UnitTest>
    <UnitTest name="InvertibleTest1" storage="c:\users\vanderkorn\documents\visual studio 2010\projects\vanderkorn\testproject1\bin\debug\testproject1.dll" id="6e18c476-cc0a-8bc9-b672-0b42cea4a53d">
      <Execution id="1e859998-6c44-44ed-b6ba-eef5be602d8d" />
      <TestMethod codeBase="C:/Users/vanderkorn/Documents/Visual Studio 2010/Projects/Vanderkorn/TestProject1/bin/Debug/TestProject1.DLL" adapterTypeName="Microsoft.VisualStudio.TestTools.TestTypes.Unit.UnitTestAdapter, Microsoft.VisualStudio.QualityTools.Tips.UnitTest.Adapter, Version=10.0.0.0, Culture=neutral, PublicKeyToken=b03f5f7f11d50a3a" className="TestProject1.MatrixTest, TestProject1, Version=1.0.0.0, Culture=neutral, PublicKeyToken=null" name="InvertibleTest1" />
    </UnitTest>
    <UnitTest name="IsSquareTest" storage="c:\users\vanderkorn\documents\visual studio 2010\projects\vanderkorn\testproject1\bin\debug\testproject1.dll" id="14810a38-2fce-3c22-4dea-4063539ace75">
      <Execution id="1e43a6a9-00ff-42a2-a282-2e2f3a1cf133" />
      <TestMethod codeBase="C:/Users/vanderkorn/Documents/Visual Studio 2010/Projects/Vanderkorn/TestProject1/bin/Debug/TestProject1.DLL" adapterTypeName="Microsoft.VisualStudio.TestTools.TestTypes.Unit.UnitTestAdapter, Microsoft.VisualStudio.QualityTools.Tips.UnitTest.Adapter, Version=10.0.0.0, Culture=neutral, PublicKeyToken=b03f5f7f11d50a3a" className="TestProject1.MatrixTest, TestProject1, Version=1.0.0.0, Culture=neutral, PublicKeyToken=null" name="IsSquareTest" />
    </UnitTest>
    <UnitTest name="InvertibleTest" storage="c:\users\vanderkorn\documents\visual studio 2010\projects\vanderkorn\testproject1\bin\debug\testproject1.dll" id="5e84da23-651a-9ba7-b319-935e9a609fd4">
      <Execution id="223ff35b-b262-4717-bb22-9b41442b823f" />
      <TestMethod codeBase="C:/Users/vanderkorn/Documents/Visual Studio 2010/Projects/Vanderkorn/TestProject1/bin/Debug/TestProject1.DLL" adapterTypeName="Microsoft.VisualStudio.TestTools.TestTypes.Unit.UnitTestAdapter, Microsoft.VisualStudio.QualityTools.Tips.UnitTest.Adapter, Version=10.0.0.0, Culture=neutral, PublicKeyToken=b03f5f7f11d50a3a" className="TestProject1.MatrixTest, TestProject1, Version=1.0.0.0, Culture=neutral, PublicKeyToken=null" name="InvertibleTest" />
    </UnitTest>
    <UnitTest name="op_SubtractionTest" storage="c:\users\vanderkorn\documents\visual studio 2010\projects\vanderkorn\testproject1\bin\debug\testproject1.dll" id="4d363514-f9c8-ed7e-111b-ae6e584c8128">
      <Execution id="d280396e-e137-4ddf-a692-e7bfa371eb1b" />
      <TestMethod codeBase="C:/Users/vanderkorn/Documents/Visual Studio 2010/Projects/Vanderkorn/TestProject1/bin/Debug/TestProject1.DLL" adapterTypeName="Microsoft.VisualStudio.TestTools.TestTypes.Unit.UnitTestAdapter, Microsoft.VisualStudio.QualityTools.Tips.UnitTest.Adapter, Version=10.0.0.0, Culture=neutral, PublicKeyToken=b03f5f7f11d50a3a" className="TestProject1.MatrixTest, TestProject1, Version=1.0.0.0, Culture=neutral, PublicKeyToken=null" name="op_SubtractionTest" />
    </UnitTest>
    <UnitTest name="TransposeTest1" storage="c:\users\vanderkorn\documents\visual studio 2010\projects\vanderkorn\testproject1\bin\debug\testproject1.dll" id="b0080fb5-25dc-25cd-2706-8a554d872a72">
      <Execution id="dd925a4f-afd3-4f16-85b3-2e50a3dbfbac" />
      <TestMethod codeBase="C:/Users/vanderkorn/Documents/Visual Studio 2010/Projects/Vanderkorn/TestProject1/bin/Debug/TestProject1.DLL" adapterTypeName="Microsoft.VisualStudio.TestTools.TestTypes.Unit.UnitTestAdapter, Microsoft.VisualStudio.QualityTools.Tips.UnitTest.Adapter, Version=10.0.0.0, Culture=neutral, PublicKeyToken=b03f5f7f11d50a3a" className="TestProject1.MatrixTest, TestProject1, Version=1.0.0.0, Culture=neutral, PublicKeyToken=null" name="TransposeTest1" />
    </UnitTest>
    <UnitTest name="IsUpperBiDiagonalTest" storage="c:\users\vanderkorn\documents\visual studio 2010\projects\vanderkorn\testproject1\bin\debug\testproject1.dll" id="a9f0fdff-9fb7-6604-fdec-fdce090da3d7">
      <Execution id="52ee7c52-aea3-4943-97bd-084d666191a3" />
      <TestMethod codeBase="C:/Users/vanderkorn/Documents/Visual Studio 2010/Projects/Vanderkorn/TestProject1/bin/Debug/TestProject1.DLL" adapterTypeName="Microsoft.VisualStudio.TestTools.TestTypes.Unit.UnitTestAdapter, Microsoft.VisualStudio.QualityTools.Tips.UnitTest.Adapter, Version=10.0.0.0, Culture=neutral, PublicKeyToken=b03f5f7f11d50a3a" className="TestProject1.MatrixTest, TestProject1, Version=1.0.0.0, Culture=neutral, PublicKeyToken=null" name="IsUpperBiDiagonalTest" />
    </UnitTest>
    <UnitTest name="PascalTest" storage="c:\users\vanderkorn\documents\visual studio 2010\projects\vanderkorn\testproject1\bin\debug\testproject1.dll" id="60964020-d2ec-0d2e-4def-9c2b4a089380">
      <Execution id="802d9ed2-3a37-4905-bb02-98803cc51a3e" />
      <TestMethod codeBase="C:/Users/vanderkorn/Documents/Visual Studio 2010/Projects/Vanderkorn/TestProject1/bin/Debug/TestProject1.DLL" adapterTypeName="Microsoft.VisualStudio.TestTools.TestTypes.Unit.UnitTestAdapter, Microsoft.VisualStudio.QualityTools.Tips.UnitTest.Adapter, Version=10.0.0.0, Culture=neutral, PublicKeyToken=b03f5f7f11d50a3a" className="TestProject1.MatrixTest, TestProject1, Version=1.0.0.0, Culture=neutral, PublicKeyToken=null" name="PascalTest" />
    </UnitTest>
    <UnitTest name="IsElementOnSubDiagonalTest" storage="c:\users\vanderkorn\documents\visual studio 2010\projects\vanderkorn\testproject1\bin\debug\testproject1.dll" id="8144ebb7-5808-ce78-44b3-b3a8276ae913">
      <Execution id="6f538a6a-9abc-4831-8711-22b0418e6b79" />
      <TestMethod codeBase="C:/Users/vanderkorn/Documents/Visual Studio 2010/Projects/Vanderkorn/TestProject1/bin/Debug/TestProject1.DLL" adapterTypeName="Microsoft.VisualStudio.TestTools.TestTypes.Unit.UnitTestAdapter, Microsoft.VisualStudio.QualityTools.Tips.UnitTest.Adapter, Version=10.0.0.0, Culture=neutral, PublicKeyToken=b03f5f7f11d50a3a" className="TestProject1.MatrixTest, TestProject1, Version=1.0.0.0, Culture=neutral, PublicKeyToken=null" name="IsElementOnSubDiagonalTest" />
    </UnitTest>
    <UnitTest name="ScalarTest" storage="c:\users\vanderkorn\documents\visual studio 2010\projects\vanderkorn\testproject1\bin\debug\testproject1.dll" id="818de38b-2e4a-a9ad-a429-5816126321fd">
      <Execution id="805c0a51-2744-457c-b0a0-3c545e661b2a" />
      <TestMethod codeBase="C:/Users/vanderkorn/Documents/Visual Studio 2010/Projects/Vanderkorn/TestProject1/bin/Debug/TestProject1.DLL" adapterTypeName="Microsoft.VisualStudio.TestTools.TestTypes.Unit.UnitTestAdapter, Microsoft.VisualStudio.QualityTools.Tips.UnitTest.Adapter, Version=10.0.0.0, Culture=neutral, PublicKeyToken=b03f5f7f11d50a3a" className="TestProject1.MatrixTest, TestProject1, Version=1.0.0.0, Culture=neutral, PublicKeyToken=null" name="ScalarTest" />
    </UnitTest>
    <UnitTest name="HilbertTest" storage="c:\users\vanderkorn\documents\visual studio 2010\projects\vanderkorn\testproject1\bin\debug\testproject1.dll" id="767a3daa-d366-7555-25f9-6cd649205c49">
      <Execution id="37cb1118-de94-41df-84d4-945e3e4b0095" />
      <TestMethod codeBase="C:/Users/vanderkorn/Documents/Visual Studio 2010/Projects/Vanderkorn/TestProject1/bin/Debug/TestProject1.DLL" adapterTypeName="Microsoft.VisualStudio.TestTools.TestTypes.Unit.UnitTestAdapter, Microsoft.VisualStudio.QualityTools.Tips.UnitTest.Adapter, Version=10.0.0.0, Culture=neutral, PublicKeyToken=b03f5f7f11d50a3a" className="TestProject1.MatrixTest, TestProject1, Version=1.0.0.0, Culture=neutral, PublicKeyToken=null" name="HilbertTest" />
    </UnitTest>
    <UnitTest name="RowsAdditionTest" storage="c:\users\vanderkorn\documents\visual studio 2010\projects\vanderkorn\testproject1\bin\debug\testproject1.dll" id="87ff32f2-01cf-5ffd-3d95-32fb2da95d79">
      <Execution id="3155644a-24af-4d79-8b79-772710b520d4" />
      <TestMethod codeBase="C:/Users/vanderkorn/Documents/Visual Studio 2010/Projects/Vanderkorn/TestProject1/bin/Debug/TestProject1.DLL" adapterTypeName="Microsoft.VisualStudio.TestTools.TestTypes.Unit.UnitTestAdapter, Microsoft.VisualStudio.QualityTools.Tips.UnitTest.Adapter, Version=10.0.0.0, Culture=neutral, PublicKeyToken=b03f5f7f11d50a3a" className="TestProject1.MatrixTest, TestProject1, Version=1.0.0.0, Culture=neutral, PublicKeyToken=null" name="RowsAdditionTest" />
    </UnitTest>
    <UnitTest name="IsStrictDiagonallyDominantTest" storage="c:\users\vanderkorn\documents\visual studio 2010\projects\vanderkorn\testproject1\bin\debug\testproject1.dll" id="2a4a2d25-e813-c56d-ac99-617e68b74e08">
      <Execution id="d2271c64-556b-47c6-8e00-5737faca2ade" />
      <TestMethod codeBase="C:/Users/vanderkorn/Documents/Visual Studio 2010/Projects/Vanderkorn/TestProject1/bin/Debug/TestProject1.DLL" adapterTypeName="Microsoft.VisualStudio.TestTools.TestTypes.Unit.UnitTestAdapter, Microsoft.VisualStudio.QualityTools.Tips.UnitTest.Adapter, Version=10.0.0.0, Culture=neutral, PublicKeyToken=b03f5f7f11d50a3a" className="TestProject1.MatrixTest, TestProject1, Version=1.0.0.0, Culture=neutral, PublicKeyToken=null" name="IsStrictDiagonallyDominantTest" />
    </UnitTest>
    <UnitTest name="IsBiDiagonalTest" storage="c:\users\vanderkorn\documents\visual studio 2010\projects\vanderkorn\testproject1\bin\debug\testproject1.dll" id="4579bc99-0e24-c782-228c-576c3b8fd5d3">
      <Execution id="8596603d-014e-46ed-9fbf-3b6a35742600" />
      <TestMethod codeBase="C:/Users/vanderkorn/Documents/Visual Studio 2010/Projects/Vanderkorn/TestProject1/bin/Debug/TestProject1.DLL" adapterTypeName="Microsoft.VisualStudio.TestTools.TestTypes.Unit.UnitTestAdapter, Microsoft.VisualStudio.QualityTools.Tips.UnitTest.Adapter, Version=10.0.0.0, Culture=neutral, PublicKeyToken=b03f5f7f11d50a3a" className="TestProject1.MatrixTest, TestProject1, Version=1.0.0.0, Culture=neutral, PublicKeyToken=null" name="IsBiDiagonalTest" />
    </UnitTest>
    <UnitTest name="op_MultiplyTest1" storage="c:\users\vanderkorn\documents\visual studio 2010\projects\vanderkorn\testproject1\bin\debug\testproject1.dll" id="5c662302-4227-0896-c7e6-498123301155">
      <Execution id="e3375781-ebf6-4725-a606-f45aa1a70e0d" />
      <TestMethod codeBase="C:/Users/vanderkorn/Documents/Visual Studio 2010/Projects/Vanderkorn/TestProject1/bin/Debug/TestProject1.DLL" adapterTypeName="Microsoft.VisualStudio.TestTools.TestTypes.Unit.UnitTestAdapter, Microsoft.VisualStudio.QualityTools.Tips.UnitTest.Adapter, Version=10.0.0.0, Culture=neutral, PublicKeyToken=b03f5f7f11d50a3a" className="TestProject1.MatrixTest, TestProject1, Version=1.0.0.0, Culture=neutral, PublicKeyToken=null" name="op_MultiplyTest1" />
    </UnitTest>
    <UnitTest name="op_AdditionTest3" storage="c:\users\vanderkorn\documents\visual studio 2010\projects\vanderkorn\testproject1\bin\debug\testproject1.dll" id="22721632-6b44-068a-5dfb-07b05b326cf4">
      <Execution id="b4455390-81d0-42d8-8ee1-bcc05ab4865e" />
      <TestMethod codeBase="C:/Users/vanderkorn/Documents/Visual Studio 2010/Projects/Vanderkorn/TestProject1/bin/Debug/TestProject1.DLL" adapterTypeName="Microsoft.VisualStudio.TestTools.TestTypes.Unit.UnitTestAdapter, Microsoft.VisualStudio.QualityTools.Tips.UnitTest.Adapter, Version=10.0.0.0, Culture=neutral, PublicKeyToken=b03f5f7f11d50a3a" className="TestProject1.MatrixTest, TestProject1, Version=1.0.0.0, Culture=neutral, PublicKeyToken=null" name="op_AdditionTest3" />
    </UnitTest>
    <UnitTest name="RowsSubtractionTest" storage="c:\users\vanderkorn\documents\visual studio 2010\projects\vanderkorn\testproject1\bin\debug\testproject1.dll" id="c23278b6-aee6-9901-a23b-e2959c48e495">
      <Execution id="423df7bf-28b9-4567-a39c-4f4bd28c52c5" />
      <TestMethod codeBase="C:/Users/vanderkorn/Documents/Visual Studio 2010/Projects/Vanderkorn/TestProject1/bin/Debug/TestProject1.DLL" adapterTypeName="Microsoft.VisualStudio.TestTools.TestTypes.Unit.UnitTestAdapter, Microsoft.VisualStudio.QualityTools.Tips.UnitTest.Adapter, Version=10.0.0.0, Culture=neutral, PublicKeyToken=b03f5f7f11d50a3a" className="TestProject1.MatrixTest, TestProject1, Version=1.0.0.0, Culture=neutral, PublicKeyToken=null" name="RowsSubtractionTest" />
    </UnitTest>
    <UnitTest name="op_AdditionTest5" storage="c:\users\vanderkorn\documents\visual studio 2010\projects\vanderkorn\testproject1\bin\debug\testproject1.dll" id="ddfa8f98-c484-daf2-13e0-b29a27a36693">
      <Execution id="946921e3-7708-4bfe-97b2-7a9591844f61" />
      <TestMethod codeBase="C:/Users/vanderkorn/Documents/Visual Studio 2010/Projects/Vanderkorn/TestProject1/bin/Debug/TestProject1.DLL" adapterTypeName="Microsoft.VisualStudio.TestTools.TestTypes.Unit.UnitTestAdapter, Microsoft.VisualStudio.QualityTools.Tips.UnitTest.Adapter, Version=10.0.0.0, Culture=neutral, PublicKeyToken=b03f5f7f11d50a3a" className="TestProject1.MatrixTest, TestProject1, Version=1.0.0.0, Culture=neutral, PublicKeyToken=null" name="op_AdditionTest5" />
    </UnitTest>
    <UnitTest name="ToArrayTest" storage="c:\users\vanderkorn\documents\visual studio 2010\projects\vanderkorn\testproject1\bin\debug\testproject1.dll" id="e3352cf3-f505-e212-a487-2a019ecebf10">
      <Execution id="06bc9771-53a0-4f9a-9758-2127e9a008c2" />
      <TestMethod codeBase="C:/Users/vanderkorn/Documents/Visual Studio 2010/Projects/Vanderkorn/TestProject1/bin/Debug/TestProject1.DLL" adapterTypeName="Microsoft.VisualStudio.TestTools.TestTypes.Unit.UnitTestAdapter, Microsoft.VisualStudio.QualityTools.Tips.UnitTest.Adapter, Version=10.0.0.0, Culture=neutral, PublicKeyToken=b03f5f7f11d50a3a" className="TestProject1.MatrixTest, TestProject1, Version=1.0.0.0, Culture=neutral, PublicKeyToken=null" name="ToArrayTest" />
    </UnitTest>
    <UnitTest name="FactorialTest" storage="c:\users\vanderkorn\documents\visual studio 2010\projects\vanderkorn\testproject1\bin\debug\testproject1.dll" id="34c16369-77b1-9123-bfb3-07e1c80972b7">
      <DeploymentItems>
        <DeploymentItem filename="Vanderkorn.dll" />
      </DeploymentItems>
      <Execution id="4ebc430a-52e5-47dd-bcb0-b3e1f3997fb6" />
      <TestMethod codeBase="C:/Users/vanderkorn/Documents/Visual Studio 2010/Projects/Vanderkorn/TestProject1/bin/Debug/TestProject1.DLL" adapterTypeName="Microsoft.VisualStudio.TestTools.TestTypes.Unit.UnitTestAdapter, Microsoft.VisualStudio.QualityTools.Tips.UnitTest.Adapter, Version=10.0.0.0, Culture=neutral, PublicKeyToken=b03f5f7f11d50a3a" className="TestProject1.MatrixTest, TestProject1, Version=1.0.0.0, Culture=neutral, PublicKeyToken=null" name="FactorialTest" />
    </UnitTest>
    <UnitTest name="op_MultiplyTest" storage="c:\users\vanderkorn\documents\visual studio 2010\projects\vanderkorn\testproject1\bin\debug\testproject1.dll" id="ff33e67c-6225-2ccf-e101-1116c9d85fc7">
      <Execution id="498bceda-e37e-40ac-ab32-3edc8995d2be" />
      <TestMethod codeBase="C:/Users/vanderkorn/Documents/Visual Studio 2010/Projects/Vanderkorn/TestProject1/bin/Debug/TestProject1.DLL" adapterTypeName="Microsoft.VisualStudio.TestTools.TestTypes.Unit.UnitTestAdapter, Microsoft.VisualStudio.QualityTools.Tips.UnitTest.Adapter, Version=10.0.0.0, Culture=neutral, PublicKeyToken=b03f5f7f11d50a3a" className="TestProject1.MatrixTest, TestProject1, Version=1.0.0.0, Culture=neutral, PublicKeyToken=null" name="op_MultiplyTest" />
    </UnitTest>
    <UnitTest name="LehmerTest" storage="c:\users\vanderkorn\documents\visual studio 2010\projects\vanderkorn\testproject1\bin\debug\testproject1.dll" id="41d14748-27fe-3cbc-5d96-c8abd62202d2">
      <Execution id="0a337c12-1c47-440f-ae31-6b5c7d903928" />
      <TestMethod codeBase="C:/Users/vanderkorn/Documents/Visual Studio 2010/Projects/Vanderkorn/TestProject1/bin/Debug/TestProject1.DLL" adapterTypeName="Microsoft.VisualStudio.TestTools.TestTypes.Unit.UnitTestAdapter, Microsoft.VisualStudio.QualityTools.Tips.UnitTest.Adapter, Version=10.0.0.0, Culture=neutral, PublicKeyToken=b03f5f7f11d50a3a" className="TestProject1.MatrixTest, TestProject1, Version=1.0.0.0, Culture=neutral, PublicKeyToken=null" name="LehmerTest" />
    </UnitTest>
    <UnitTest name="RedhefferElementTest" storage="c:\users\vanderkorn\documents\visual studio 2010\projects\vanderkorn\testproject1\bin\debug\testproject1.dll" id="eb54bf00-75a2-592b-df7d-fc90e7deb1f8">
      <DeploymentItems>
        <DeploymentItem filename="Vanderkorn.dll" />
      </DeploymentItems>
      <Execution id="e289e616-980e-41c8-a558-14f9d1323ca3" />
      <TestMethod codeBase="C:/Users/vanderkorn/Documents/Visual Studio 2010/Projects/Vanderkorn/TestProject1/bin/Debug/TestProject1.DLL" adapterTypeName="Microsoft.VisualStudio.TestTools.TestTypes.Unit.UnitTestAdapter, Microsoft.VisualStudio.QualityTools.Tips.UnitTest.Adapter, Version=10.0.0.0, Culture=neutral, PublicKeyToken=b03f5f7f11d50a3a" className="TestProject1.MatrixTest, TestProject1, Version=1.0.0.0, Culture=neutral, PublicKeyToken=null" name="RedhefferElementTest" />
    </UnitTest>
    <UnitTest name="IsAntiDiagonalTest" storage="c:\users\vanderkorn\documents\visual studio 2010\projects\vanderkorn\testproject1\bin\debug\testproject1.dll" id="7574ba8b-b94b-e425-d423-6591648e3a8c">
      <Execution id="cc9b7081-5bcf-4f26-a1cc-d657cf762aac" />
      <TestMethod codeBase="C:/Users/vanderkorn/Documents/Visual Studio 2010/Projects/Vanderkorn/TestProject1/bin/Debug/TestProject1.DLL" adapterTypeName="Microsoft.VisualStudio.TestTools.TestTypes.Unit.UnitTestAdapter, Microsoft.VisualStudio.QualityTools.Tips.UnitTest.Adapter, Version=10.0.0.0, Culture=neutral, PublicKeyToken=b03f5f7f11d50a3a" className="TestProject1.MatrixTest, TestProject1, Version=1.0.0.0, Culture=neutral, PublicKeyToken=null" name="IsAntiDiagonalTest" />
    </UnitTest>
    <UnitTest name="MatrixConstructorTest1" storage="c:\users\vanderkorn\documents\visual studio 2010\projects\vanderkorn\testproject1\bin\debug\testproject1.dll" id="71a33cf9-6d86-b402-bd3c-eda3d9099cfa">
      <Execution id="e94e75a5-9d12-41ff-90fe-ae66b88c8a99" />
      <TestMethod codeBase="C:/Users/vanderkorn/Documents/Visual Studio 2010/Projects/Vanderkorn/TestProject1/bin/Debug/TestProject1.DLL" adapterTypeName="Microsoft.VisualStudio.TestTools.TestTypes.Unit.UnitTestAdapter, Microsoft.VisualStudio.QualityTools.Tips.UnitTest.Adapter, Version=10.0.0.0, Culture=neutral, PublicKeyToken=b03f5f7f11d50a3a" className="TestProject1.MatrixTest, TestProject1, Version=1.0.0.0, Culture=neutral, PublicKeyToken=null" name="MatrixConstructorTest1" />
    </UnitTest>
    <UnitTest name="ZeroTest1" storage="c:\users\vanderkorn\documents\visual studio 2010\projects\vanderkorn\testproject1\bin\debug\testproject1.dll" id="df13f748-ead8-9367-11cd-50a4449eb6f2">
      <Execution id="b1a24e15-b789-42db-9817-bb07ebbfc4e3" />
      <TestMethod codeBase="C:/Users/vanderkorn/Documents/Visual Studio 2010/Projects/Vanderkorn/TestProject1/bin/Debug/TestProject1.DLL" adapterTypeName="Microsoft.VisualStudio.TestTools.TestTypes.Unit.UnitTestAdapter, Microsoft.VisualStudio.QualityTools.Tips.UnitTest.Adapter, Version=10.0.0.0, Culture=neutral, PublicKeyToken=b03f5f7f11d50a3a" className="TestProject1.MatrixTest, TestProject1, Version=1.0.0.0, Culture=neutral, PublicKeyToken=null" name="ZeroTest1" />
    </UnitTest>
    <UnitTest name="IsZeroTest" storage="c:\users\vanderkorn\documents\visual studio 2010\projects\vanderkorn\testproject1\bin\debug\testproject1.dll" id="311ffe7b-addd-a213-ff2e-a135d7a001d2">
      <Execution id="5f13376c-37ce-4760-9cb8-d0d3efc97d5b" />
      <TestMethod codeBase="C:/Users/vanderkorn/Documents/Visual Studio 2010/Projects/Vanderkorn/TestProject1/bin/Debug/TestProject1.DLL" adapterTypeName="Microsoft.VisualStudio.TestTools.TestTypes.Unit.UnitTestAdapter, Microsoft.VisualStudio.QualityTools.Tips.UnitTest.Adapter, Version=10.0.0.0, Culture=neutral, PublicKeyToken=b03f5f7f11d50a3a" className="TestProject1.MatrixTest, TestProject1, Version=1.0.0.0, Culture=neutral, PublicKeyToken=null" name="IsZeroTest" />
    </UnitTest>
  </TestDefinitions>
  <TestLists>
    <TestList name="Отсутствующие в списке результаты" id="8c84fa94-04c1-424b-9868-57a2d4851a1d" />
    <TestList name="Все загруженные результаты" id="19431567-8539-422a-85d7-44ee4e166bda" />
  </TestLists>
  <TestEntries>
    <TestEntry testId="41d14748-27fe-3cbc-5d96-c8abd62202d2" executionId="0a337c12-1c47-440f-ae31-6b5c7d903928" testListId="8c84fa94-04c1-424b-9868-57a2d4851a1d" />
    <TestEntry testId="71a33cf9-6d86-b402-bd3c-eda3d9099cfa" executionId="e94e75a5-9d12-41ff-90fe-ae66b88c8a99" testListId="8c84fa94-04c1-424b-9868-57a2d4851a1d" />
    <TestEntry testId="36413123-38dc-82e4-6cd7-4b68d5f72cce" executionId="8bbc9ab0-7881-4521-af27-69bece01b4c8" testListId="8c84fa94-04c1-424b-9868-57a2d4851a1d" />
    <TestEntry testId="2af2e75d-2feb-439d-2733-ebba6b83b65e" executionId="55c556af-1fe8-4602-93f3-08c46bb42e27" testListId="8c84fa94-04c1-424b-9868-57a2d4851a1d" />
    <TestEntry testId="2a4a2d25-e813-c56d-ac99-617e68b74e08" executionId="d2271c64-556b-47c6-8e00-5737faca2ade" testListId="8c84fa94-04c1-424b-9868-57a2d4851a1d" />
    <TestEntry testId="9bc2a3b1-a16f-60be-cad1-0bc661a1e754" executionId="2d4a3c50-aaa5-4647-9381-cf0dc561f5f3" testListId="8c84fa94-04c1-424b-9868-57a2d4851a1d" />
    <TestEntry testId="4990595f-872e-762a-cf7a-6c2521bd99e2" executionId="a40aa073-f1ba-477b-bb5c-5739817e627a" testListId="8c84fa94-04c1-424b-9868-57a2d4851a1d" />
    <TestEntry testId="311ffe7b-addd-a213-ff2e-a135d7a001d2" executionId="5f13376c-37ce-4760-9cb8-d0d3efc97d5b" testListId="8c84fa94-04c1-424b-9868-57a2d4851a1d" />
    <TestEntry testId="8a5ecf5c-5004-ad3a-013c-dec5ed0fbdd9" executionId="a5ba2eff-11e2-4e38-b109-f68f44c3e168" testListId="8c84fa94-04c1-424b-9868-57a2d4851a1d" />
    <TestEntry testId="29b9b635-a9d8-6772-9f6f-cc129737a93b" executionId="8fad8385-3836-49c3-b3bc-4c0103fafe38" testListId="8c84fa94-04c1-424b-9868-57a2d4851a1d" />
    <TestEntry testId="39b395ac-a538-34cc-7241-883c4bd4d7cc" executionId="4590a8a3-3b49-4eb9-bf55-df791147c044" testListId="8c84fa94-04c1-424b-9868-57a2d4851a1d" />
    <TestEntry testId="343cf50b-a605-f5f4-a06b-e2cff348966d" executionId="e25518b6-a19d-49f6-baa4-d561024f9346" testListId="8c84fa94-04c1-424b-9868-57a2d4851a1d" />
    <TestEntry testId="7cc639b2-5246-5b3a-4777-4f8e909f3902" executionId="04e2b9ba-3b78-407c-b105-3bc66bdd73ab" testListId="8c84fa94-04c1-424b-9868-57a2d4851a1d" />
    <TestEntry testId="85cc9ffd-8b0a-c0b7-bdeb-664a482027ac" executionId="b3986a8c-4d36-4813-bfdd-2cbb26218a6e" testListId="8c84fa94-04c1-424b-9868-57a2d4851a1d" />
    <TestEntry testId="c23278b6-aee6-9901-a23b-e2959c48e495" executionId="423df7bf-28b9-4567-a39c-4f4bd28c52c5" testListId="8c84fa94-04c1-424b-9868-57a2d4851a1d" />
    <TestEntry testId="fbd64c98-ba51-03ae-2f34-4bc2ac313480" executionId="9327d9b5-d6fc-46b8-addb-64fff52185a3" testListId="8c84fa94-04c1-424b-9868-57a2d4851a1d" />
    <TestEntry testId="43becc7c-704e-9e06-b5f9-d026d4c3eb81" executionId="d3b8e800-f5e8-4556-a49e-5036e1070c95" testListId="8c84fa94-04c1-424b-9868-57a2d4851a1d" />
    <TestEntry testId="3f9cf068-34dc-9368-3d4a-4c3ffbcffa16" executionId="1f6e3bb5-cddb-4afc-af88-8b65e746322a" testListId="8c84fa94-04c1-424b-9868-57a2d4851a1d" />
    <TestEntry testId="95035bfb-baf9-22f1-c701-934402669b80" executionId="3b6b41e2-25cf-4b86-83ca-61b773c33321" testListId="8c84fa94-04c1-424b-9868-57a2d4851a1d" />
    <TestEntry testId="ff33e67c-6225-2ccf-e101-1116c9d85fc7" executionId="498bceda-e37e-40ac-ab32-3edc8995d2be" testListId="8c84fa94-04c1-424b-9868-57a2d4851a1d" />
    <TestEntry testId="69b5b108-097a-9df5-2a8e-49b6e3459666" executionId="d152c001-3f77-4a02-8b0f-b16a5f769047" testListId="8c84fa94-04c1-424b-9868-57a2d4851a1d" />
    <TestEntry testId="db16b0da-9929-eff7-0958-07b2076eaf4f" executionId="c1d3f00d-7e0a-4878-940b-78c20b4f0cb0" testListId="8c84fa94-04c1-424b-9868-57a2d4851a1d" />
    <TestEntry testId="f789ebd6-7671-3f6b-02db-7fc026478904" executionId="129ad872-4dec-435d-8e19-a34fccd7e938" testListId="8c84fa94-04c1-424b-9868-57a2d4851a1d" />
    <TestEntry testId="ddfa8f98-c484-daf2-13e0-b29a27a36693" executionId="946921e3-7708-4bfe-97b2-7a9591844f61" testListId="8c84fa94-04c1-424b-9868-57a2d4851a1d" />
    <TestEntry testId="49a61d8d-8fea-3f26-72f4-abc8ff4cd029" executionId="a8774eae-8505-45bb-b98b-b62c313d2208" testListId="8c84fa94-04c1-424b-9868-57a2d4851a1d" />
    <TestEntry testId="13662682-b8a8-1500-58bf-32234df94494" executionId="ca280d96-f39d-44c1-906d-4799a148f1e8" testListId="8c84fa94-04c1-424b-9868-57a2d4851a1d" />
    <TestEntry testId="dc4bbeaf-270d-fab3-f8fa-c27aca4d9d18" executionId="a8fed33d-72b9-4def-aed6-6f579fed8ffe" testListId="8c84fa94-04c1-424b-9868-57a2d4851a1d" />
    <TestEntry testId="a066935b-946f-6396-2bcb-16d51af82164" executionId="82f640df-8291-4337-830f-d419e8003f12" testListId="8c84fa94-04c1-424b-9868-57a2d4851a1d" />
    <TestEntry testId="6c63ad41-13d4-9ec5-c7c9-87587954cad7" executionId="b6d37029-6ea2-45d0-b1c2-ff6185a63c5e" testListId="8c84fa94-04c1-424b-9868-57a2d4851a1d" />
    <TestEntry testId="b437f308-1b2f-8f11-8319-96e81579612c" executionId="370de5b0-1c71-4d58-a85b-092452645d5a" testListId="8c84fa94-04c1-424b-9868-57a2d4851a1d" />
    <TestEntry testId="6e18c476-cc0a-8bc9-b672-0b42cea4a53d" executionId="1e859998-6c44-44ed-b6ba-eef5be602d8d" testListId="8c84fa94-04c1-424b-9868-57a2d4851a1d" />
    <TestEntry testId="a495c45f-f14c-0aa1-5314-a88886572447" executionId="b8df1592-d1ad-4aab-8d37-20fef439fa32" testListId="8c84fa94-04c1-424b-9868-57a2d4851a1d" />
    <TestEntry testId="a9f0fdff-9fb7-6604-fdec-fdce090da3d7" executionId="52ee7c52-aea3-4943-97bd-084d666191a3" testListId="8c84fa94-04c1-424b-9868-57a2d4851a1d" />
    <TestEntry testId="34c16369-77b1-9123-bfb3-07e1c80972b7" executionId="4ebc430a-52e5-47dd-bcb0-b3e1f3997fb6" testListId="8c84fa94-04c1-424b-9868-57a2d4851a1d" />
    <TestEntry testId="6bce6069-5b5d-c93f-553b-dcb95e67e7b4" executionId="f36d58bc-a212-48e4-b690-e68a385e6450" testListId="8c84fa94-04c1-424b-9868-57a2d4851a1d" />
    <TestEntry testId="5698e536-8acd-0422-c98c-9be1583f9994" executionId="37738916-9590-4e4a-b054-f76489902e56" testListId="8c84fa94-04c1-424b-9868-57a2d4851a1d" />
    <TestEntry testId="d2ccba49-e90e-557d-2fdb-c52d3660c619" executionId="5a2a9f35-d839-454d-b345-9d35bd195bf2" testListId="8c84fa94-04c1-424b-9868-57a2d4851a1d" />
    <TestEntry testId="e3352cf3-f505-e212-a487-2a019ecebf10" executionId="06bc9771-53a0-4f9a-9758-2127e9a008c2" testListId="8c84fa94-04c1-424b-9868-57a2d4851a1d" />
    <TestEntry testId="c2b7293c-fe40-c76c-2ee5-006e5ef5209d" executionId="2c7e0df5-f110-4a80-af82-02fc0d4cf37f" testListId="8c84fa94-04c1-424b-9868-57a2d4851a1d" />
    <TestEntry testId="60964020-d2ec-0d2e-4def-9c2b4a089380" executionId="802d9ed2-3a37-4905-bb02-98803cc51a3e" testListId="8c84fa94-04c1-424b-9868-57a2d4851a1d" />
    <TestEntry testId="bc4ec530-58d1-7c29-f0dc-1a557baf16f1" executionId="392d7811-2caf-4d4c-86b0-42cac8799ecd" testListId="8c84fa94-04c1-424b-9868-57a2d4851a1d" />
    <TestEntry testId="e3bf8c3e-900b-f9f0-9023-d4e8e39bb1a2" executionId="6999c3c5-223e-4c20-a473-b64412f518d7" testListId="8c84fa94-04c1-424b-9868-57a2d4851a1d" />
    <TestEntry testId="818de38b-2e4a-a9ad-a429-5816126321fd" executionId="805c0a51-2744-457c-b0a0-3c545e661b2a" testListId="8c84fa94-04c1-424b-9868-57a2d4851a1d" />
    <TestEntry testId="127441cb-db47-5efd-6576-0d0437ac74dc" executionId="a7727bce-72a5-47ce-bfc4-c3e567edc809" testListId="8c84fa94-04c1-424b-9868-57a2d4851a1d" />
    <TestEntry testId="4579bc99-0e24-c782-228c-576c3b8fd5d3" executionId="8596603d-014e-46ed-9fbf-3b6a35742600" testListId="8c84fa94-04c1-424b-9868-57a2d4851a1d" />
    <TestEntry testId="67d8b59d-feb7-2463-acb4-367e2f952e88" executionId="45367c2f-5a28-4516-a75a-fd1d23624e25" testListId="8c84fa94-04c1-424b-9868-57a2d4851a1d" />
    <TestEntry testId="5e84da23-651a-9ba7-b319-935e9a609fd4" executionId="223ff35b-b262-4717-bb22-9b41442b823f" testListId="8c84fa94-04c1-424b-9868-57a2d4851a1d" />
    <TestEntry testId="85952276-fb35-079e-ed9e-cd32d07cf640" executionId="e9167e0b-8e1d-47b2-9f69-ad080a8b9377" testListId="8c84fa94-04c1-424b-9868-57a2d4851a1d" />
    <TestEntry testId="f9c3c492-a711-1b56-31c6-5024acfce441" executionId="6671c95a-0884-47e7-b97f-486a2ff37be5" testListId="8c84fa94-04c1-424b-9868-57a2d4851a1d" />
    <TestEntry testId="b5345954-f142-cf87-9c21-451006d9e57b" executionId="8151eced-a9a9-479f-b2a3-e873bbbd59dc" testListId="8c84fa94-04c1-424b-9868-57a2d4851a1d" />
    <TestEntry testId="14810a38-2fce-3c22-4dea-4063539ace75" executionId="1e43a6a9-00ff-42a2-a282-2e2f3a1cf133" testListId="8c84fa94-04c1-424b-9868-57a2d4851a1d" />
    <TestEntry testId="4c705b9c-1e09-a9f4-0e1e-3629abe5d9ee" executionId="a6828afc-abb0-4e3c-9dfa-9a84f936becc" testListId="8c84fa94-04c1-424b-9868-57a2d4851a1d" />
    <TestEntry testId="a6bb198b-d05d-96c9-e563-317fad132654" executionId="56a2e448-a98e-4711-8728-4bdd81cb7a83" testListId="8c84fa94-04c1-424b-9868-57a2d4851a1d" />
    <TestEntry testId="6bf3aab2-2e82-6ad5-5194-054098665004" executionId="32b4cebb-1ce1-4493-a8a5-11db63ed0c35" testListId="8c84fa94-04c1-424b-9868-57a2d4851a1d" />
    <TestEntry testId="f4674a73-6199-18af-abf4-680a87bb0808" executionId="c3f286eb-0252-4613-bd48-f386e6e1d578" testListId="8c84fa94-04c1-424b-9868-57a2d4851a1d" />
    <TestEntry testId="22721632-6b44-068a-5dfb-07b05b326cf4" executionId="b4455390-81d0-42d8-8ee1-bcc05ab4865e" testListId="8c84fa94-04c1-424b-9868-57a2d4851a1d" />
    <TestEntry testId="f0d972d0-2946-39e7-d376-2160f9b265a3" executionId="d43a227a-a919-4f44-9b95-dce6041d05ff" testListId="8c84fa94-04c1-424b-9868-57a2d4851a1d" />
    <TestEntry testId="767a3daa-d366-7555-25f9-6cd649205c49" executionId="37cb1118-de94-41df-84d4-945e3e4b0095" testListId="8c84fa94-04c1-424b-9868-57a2d4851a1d" />
    <TestEntry testId="516cc571-d727-8d1e-d3eb-fcaf880951f0" executionId="6f86af35-ae0c-4a72-8223-9d5e5623014a" testListId="8c84fa94-04c1-424b-9868-57a2d4851a1d" />
    <TestEntry testId="9a386c76-e6c7-8a1d-e8a3-6fb5ac116ba9" executionId="fb4671e2-f9f1-40ff-a493-97727a31d0e9" testListId="8c84fa94-04c1-424b-9868-57a2d4851a1d" />
    <TestEntry testId="9fc94bba-4eeb-f8fa-ca9f-5cc295e26e7c" executionId="2f5bd2d5-561d-4b4d-a11c-3a33ee618701" testListId="8c84fa94-04c1-424b-9868-57a2d4851a1d" />
    <TestEntry testId="8ae4a461-40ff-e5df-52b8-92f096277bea" executionId="7445a56b-a56e-4876-a54b-b72bd93c7c1a" testListId="8c84fa94-04c1-424b-9868-57a2d4851a1d" />
    <TestEntry testId="2ccbb0bc-a647-a36c-66e8-ee0ebf18cd12" executionId="059a5d2f-72e1-4732-a10f-c6ac87e16c5d" testListId="8c84fa94-04c1-424b-9868-57a2d4851a1d" />
    <TestEntry testId="fba700a0-d91b-19f6-8cc0-357e3b96ea62" executionId="dbf00a93-a2c2-4035-a1b4-b06cb2b4b2d7" testListId="8c84fa94-04c1-424b-9868-57a2d4851a1d" />
    <TestEntry testId="ff4c34aa-9de0-39c3-7aa9-a2b584f9b90e" executionId="d8c65f6b-fccf-46b1-b26a-bf5f53cbeaef" testListId="8c84fa94-04c1-424b-9868-57a2d4851a1d" />
    <TestEntry testId="464ffb12-7bc5-d3f2-19ef-bccc5efc6724" executionId="bbc90f40-bfa3-4c86-8742-bebcc2a8d602" testListId="8c84fa94-04c1-424b-9868-57a2d4851a1d" />
    <TestEntry testId="8a203234-fee1-1ccf-1a44-abee672be7fe" executionId="97401ca9-3dcb-4bdb-ac24-2ffbfd1d81ff" testListId="8c84fa94-04c1-424b-9868-57a2d4851a1d" />
    <TestEntry testId="d9122ccb-696a-4243-918e-9bf5e27ddc63" executionId="18252ddf-f717-4a68-9237-eb278d6d57ab" testListId="8c84fa94-04c1-424b-9868-57a2d4851a1d" />
    <TestEntry testId="5c18a0d9-76e2-db5d-9d52-903be4cd9297" executionId="9387b6ca-bb79-405e-b174-178c6ba72394" testListId="8c84fa94-04c1-424b-9868-57a2d4851a1d" />
    <TestEntry testId="d76f033e-3080-e631-0c04-ca1b2c7d8a2b" executionId="d91e3c19-3474-44d2-9cb0-118d0337a344" testListId="8c84fa94-04c1-424b-9868-57a2d4851a1d" />
    <TestEntry testId="7ae7dd1f-e66b-8e07-df53-9271c8f3e0e5" executionId="8fce5dc1-5f6e-4bdb-8bfe-2b5b80dcbbcd" testListId="8c84fa94-04c1-424b-9868-57a2d4851a1d" />
    <TestEntry testId="8055da9e-6417-633f-8dbb-a89cbda2b8f2" executionId="5624c26b-3e2d-4471-b1be-d4bdaa6e5bc1" testListId="8c84fa94-04c1-424b-9868-57a2d4851a1d" />
    <TestEntry testId="43ad0cf5-616c-82fa-9bcb-1f85c1671cb5" executionId="d7ea04bb-abbc-4488-8ad8-d8cc0d7df319" testListId="8c84fa94-04c1-424b-9868-57a2d4851a1d" />
    <TestEntry testId="099d434e-81cd-2916-3744-b5bd585b4b8a" executionId="ce68444c-d7c2-4862-a334-e371ff191385" testListId="8c84fa94-04c1-424b-9868-57a2d4851a1d" />
    <TestEntry testId="eb54bf00-75a2-592b-df7d-fc90e7deb1f8" executionId="e289e616-980e-41c8-a558-14f9d1323ca3" testListId="8c84fa94-04c1-424b-9868-57a2d4851a1d" />
    <TestEntry testId="b0080fb5-25dc-25cd-2706-8a554d872a72" executionId="dd925a4f-afd3-4f16-85b3-2e50a3dbfbac" testListId="8c84fa94-04c1-424b-9868-57a2d4851a1d" />
    <TestEntry testId="73c72c7d-9a1d-c4c5-838c-fa9eec167b29" executionId="71947b53-e79b-43e9-a45d-2b8ae997f106" testListId="8c84fa94-04c1-424b-9868-57a2d4851a1d" />
    <TestEntry testId="797a4359-3202-2d38-5939-bcd3becebef7" executionId="29e0c883-780d-4f2a-ad80-7270a14f7eae" testListId="8c84fa94-04c1-424b-9868-57a2d4851a1d" />
    <TestEntry testId="5c662302-4227-0896-c7e6-498123301155" executionId="e3375781-ebf6-4725-a606-f45aa1a70e0d" testListId="8c84fa94-04c1-424b-9868-57a2d4851a1d" />
    <TestEntry testId="c4d5632a-eeb4-5983-3216-fb7d9f2e72ee" executionId="64b1250e-49a2-467a-8e92-ee00c5983128" testListId="8c84fa94-04c1-424b-9868-57a2d4851a1d" />
    <TestEntry testId="568beef0-0f7d-5971-6034-32929121e11e" executionId="02fb597b-3bd6-429e-8838-4ece7dc1de0e" testListId="8c84fa94-04c1-424b-9868-57a2d4851a1d" />
    <TestEntry testId="555bbc82-3e5b-415e-72fe-f77026a03170" executionId="f97fe526-123c-4001-8761-288397984449" testListId="8c84fa94-04c1-424b-9868-57a2d4851a1d" />
    <TestEntry testId="20c1d519-b61a-07d2-7337-9f0063246924" executionId="ed971b55-4f2c-408a-8f1f-26413cdfbe16" testListId="8c84fa94-04c1-424b-9868-57a2d4851a1d" />
    <TestEntry testId="f813f20e-f674-cf38-17e3-64e31960345c" executionId="fb85760c-e575-42f7-b68c-4f3b7dde63a7" testListId="8c84fa94-04c1-424b-9868-57a2d4851a1d" />
    <TestEntry testId="d47775c4-4ec8-41db-807e-42d17a02b2a4" executionId="f90147a9-d158-4299-bfb1-a1df96434f47" testListId="8c84fa94-04c1-424b-9868-57a2d4851a1d" />
    <TestEntry testId="4d363514-f9c8-ed7e-111b-ae6e584c8128" executionId="d280396e-e137-4ddf-a692-e7bfa371eb1b" testListId="8c84fa94-04c1-424b-9868-57a2d4851a1d" />
    <TestEntry testId="15b8a582-65ef-8a94-ebb4-77ca9868956f" executionId="6ed13bbd-7e07-4f3e-afb9-3bf351796a51" testListId="8c84fa94-04c1-424b-9868-57a2d4851a1d" />
    <TestEntry testId="8a076334-ed9b-9218-85c9-3dfa9f1fabd7" executionId="1e5db361-26c7-4330-bfd0-4bd1b9e2b993" testListId="8c84fa94-04c1-424b-9868-57a2d4851a1d" />
    <TestEntry testId="8144ebb7-5808-ce78-44b3-b3a8276ae913" executionId="6f538a6a-9abc-4831-8711-22b0418e6b79" testListId="8c84fa94-04c1-424b-9868-57a2d4851a1d" />
    <TestEntry testId="b54f6477-0234-3ebd-6564-204d52e593bd" executionId="2bba6e00-7cee-4ab3-8c76-e3abd16499cf" testListId="8c84fa94-04c1-424b-9868-57a2d4851a1d" />
    <TestEntry testId="ccf9122f-266a-bad8-442b-07d1ab013364" executionId="6cac2751-5e37-4968-8cd7-d93e8f0cafb9" testListId="8c84fa94-04c1-424b-9868-57a2d4851a1d" />
    <TestEntry testId="39f223aa-d3a9-66e8-a350-a93613838541" executionId="d37f15a5-51a0-4b03-9374-c38855b357ad" testListId="8c84fa94-04c1-424b-9868-57a2d4851a1d" />
    <TestEntry testId="e3f9a2b1-d282-72db-e07c-ed612981e2ba" executionId="62291787-8bba-4e6e-9550-75c119998da8" testListId="8c84fa94-04c1-424b-9868-57a2d4851a1d" />
    <TestEntry testId="6dd00cea-5026-16d9-dea1-25c83e13b882" executionId="e55c97a2-3374-4f35-8cfb-49f2ac8a92a4" testListId="8c84fa94-04c1-424b-9868-57a2d4851a1d" />
    <TestEntry testId="729a178a-6527-bb4f-7f24-485ff980a0ba" executionId="428603fb-5f72-4281-af06-8d27d14e0049" testListId="8c84fa94-04c1-424b-9868-57a2d4851a1d" />
    <TestEntry testId="7574ba8b-b94b-e425-d423-6591648e3a8c" executionId="cc9b7081-5bcf-4f26-a1cc-d657cf762aac" testListId="8c84fa94-04c1-424b-9868-57a2d4851a1d" />
    <TestEntry testId="f98d0c38-682e-c60a-1593-15001c66f71e" executionId="c5e56e16-881f-48c5-b6a9-b16d9d94f289" testListId="8c84fa94-04c1-424b-9868-57a2d4851a1d" />
    <TestEntry testId="1d795ad3-1884-4dde-7cf2-60beb0811a4a" executionId="6ecb7b90-372b-4e21-a7a9-25814092451c" testListId="8c84fa94-04c1-424b-9868-57a2d4851a1d" />
    <TestEntry testId="87ff32f2-01cf-5ffd-3d95-32fb2da95d79" executionId="3155644a-24af-4d79-8b79-772710b520d4" testListId="8c84fa94-04c1-424b-9868-57a2d4851a1d" />
    <TestEntry testId="df13f748-ead8-9367-11cd-50a4449eb6f2" executionId="b1a24e15-b789-42db-9817-bb07ebbfc4e3" testListId="8c84fa94-04c1-424b-9868-57a2d4851a1d" />
    <TestEntry testId="1106e1d5-f387-bbad-aa94-e8c0753c45a1" executionId="a6288458-3cd8-4dac-b8fb-dea7df340386" testListId="8c84fa94-04c1-424b-9868-57a2d4851a1d" />
  </TestEntries>
  <Results>
    <UnitTestResult executionId="0a337c12-1c47-440f-ae31-6b5c7d903928" testId="41d14748-27fe-3cbc-5d96-c8abd62202d2" testName="LehmerTest" computerName="VANDERKORN-PC" duration="00:00:00.2778333" startTime="2012-07-01T20:37:50.1695539+05:00" endTime="2012-07-01T20:37:50.9385777+05:00" testType="13cdc9d9-ddb5-4fa4-a97d-d965ccfc6d4b" outcome="Failed" testListId="8c84fa94-04c1-424b-9868-57a2d4851a1d" relativeResultsDirectory="0a337c12-1c47-440f-ae31-6b5c7d903928">
      <Output>
        <ErrorInfo>
          <Message>Метод проверки TestProject1.MatrixTest.LehmerTest выдал исключение: System.Exception: Matrix must be positive size.</Message>
          <StackTrace>    в Vanderkorn.Matrixes.Matrix..ctor(UInt64 rowsCount, UInt64 columnsCount) в C:\Users\vanderkorn\Documents\Visual Studio 2010\Projects\Vanderkorn\Vanderkorn\Matrixes\Matrix.cs:строка 56
   в Vanderkorn.Matrixes.Matrix.Lehmer(UInt64 size) в C:\Users\vanderkorn\Documents\Visual Studio 2010\Projects\Vanderkorn\Vanderkorn\Matrixes\Matrix.cs:строка 871
   в TestProject1.MatrixTest.LehmerTest() в C:\Users\vanderkorn\Documents\Visual Studio 2010\Projects\Vanderkorn\TestProject1\MatrixTest.cs:строка 571
</StackTrace>
        </ErrorInfo>
      </Output>
    </UnitTestResult>
    <UnitTestResult executionId="e94e75a5-9d12-41ff-90fe-ae66b88c8a99" testId="71a33cf9-6d86-b402-bd3c-eda3d9099cfa" testName="MatrixConstructorTest1" computerName="VANDERKORN-PC" duration="00:00:00.0032512" startTime="2012-07-01T20:37:50.9425778+05:00" endTime="2012-07-01T20:37:50.9665786+05:00" testType="13cdc9d9-ddb5-4fa4-a97d-d965ccfc6d4b" outcome="Failed" testListId="8c84fa94-04c1-424b-9868-57a2d4851a1d" relativeResultsDirectory="e94e75a5-9d12-41ff-90fe-ae66b88c8a99">
      <Output>
        <ErrorInfo>
          <Message>Метод проверки TestProject1.MatrixTest.MatrixConstructorTest1 выдал исключение: System.Exception: Matrix must be positive size.</Message>
          <StackTrace>    в Vanderkorn.Matrixes.Matrix..ctor(UInt64 rowsCount, UInt64 columnsCount) в C:\Users\vanderkorn\Documents\Visual Studio 2010\Projects\Vanderkorn\Vanderkorn\Matrixes\Matrix.cs:строка 56
   в TestProject1.MatrixTest.MatrixConstructorTest1() в C:\Users\vanderkorn\Documents\Visual Studio 2010\Projects\Vanderkorn\TestProject1\MatrixTest.cs:строка 86
</StackTrace>
        </ErrorInfo>
      </Output>
    </UnitTestResult>
    <UnitTestResult executionId="8bbc9ab0-7881-4521-af27-69bece01b4c8" testId="36413123-38dc-82e4-6cd7-4b68d5f72cce" testName="ColumnsCountTest" computerName="VANDERKORN-PC" duration="00:00:00.0035549" startTime="2012-07-01T20:37:50.9795790+05:00" endTime="2012-07-01T20:37:50.9945795+05:00" testType="13cdc9d9-ddb5-4fa4-a97d-d965ccfc6d4b" outcome="Failed" testListId="8c84fa94-04c1-424b-9868-57a2d4851a1d" relativeResultsDirectory="8bbc9ab0-7881-4521-af27-69bece01b4c8">
      <Output>
        <ErrorInfo>
          <Message>Метод проверки TestProject1.MatrixTest.ColumnsCountTest выдал исключение: System.Exception: Array null.</Message>
          <StackTrace>    в Vanderkorn.Matrixes.Matrix..ctor(Double[,] data) в C:\Users\vanderkorn\Documents\Visual Studio 2010\Projects\Vanderkorn\Vanderkorn\Matrixes\Matrix.cs:строка 70
   в TestProject1.MatrixTest.ColumnsCountTest() в C:\Users\vanderkorn\Documents\Visual Studio 2010\Projects\Vanderkorn\TestProject1\MatrixTest.cs:строка 1525
</StackTrace>
        </ErrorInfo>
      </Output>
    </UnitTestResult>
    <UnitTestResult executionId="55c556af-1fe8-4602-93f3-08c46bb42e27" testId="2af2e75d-2feb-439d-2733-ebba6b83b65e" testName="RowDivisionTest" computerName="VANDERKORN-PC" duration="00:00:00.0029703" startTime="2012-07-01T20:37:51.0065799+05:00" endTime="2012-07-01T20:37:51.0195803+05:00" testType="13cdc9d9-ddb5-4fa4-a97d-d965ccfc6d4b" outcome="Failed" testListId="8c84fa94-04c1-424b-9868-57a2d4851a1d" relativeResultsDirectory="55c556af-1fe8-4602-93f3-08c46bb42e27">
      <Output>
        <ErrorInfo>
          <Message>Метод проверки TestProject1.MatrixTest.RowDivisionTest выдал исключение: System.Exception: Array null.</Message>
          <StackTrace>    в Vanderkorn.Matrixes.Matrix..ctor(Double[,] data) в C:\Users\vanderkorn\Documents\Visual Studio 2010\Projects\Vanderkorn\Vanderkorn\Matrixes\Matrix.cs:строка 70
   в TestProject1.MatrixTest.RowDivisionTest() в C:\Users\vanderkorn\Documents\Visual Studio 2010\Projects\Vanderkorn\TestProject1\MatrixTest.cs:строка 850
</StackTrace>
        </ErrorInfo>
      </Output>
    </UnitTestResult>
    <UnitTestResult executionId="d2271c64-556b-47c6-8e00-5737faca2ade" testId="2a4a2d25-e813-c56d-ac99-617e68b74e08" testName="IsStrictDiagonallyDominantTest" computerName="VANDERKORN-PC" duration="00:00:00.0031298" startTime="2012-07-01T20:37:51.0295807+05:00" endTime="2012-07-01T20:37:51.0475812+05:00" testType="13cdc9d9-ddb5-4fa4-a97d-d965ccfc6d4b" outcome="Failed" testListId="8c84fa94-04c1-424b-9868-57a2d4851a1d" relativeResultsDirectory="d2271c64-556b-47c6-8e00-5737faca2ade">
      <Output>
        <ErrorInfo>
          <Message>Метод проверки TestProject1.MatrixTest.IsStrictDiagonallyDominantTest выдал исключение: System.Exception: Array null.</Message>
          <StackTrace>    в Vanderkorn.Matrixes.Matrix..ctor(Double[,] data) в C:\Users\vanderkorn\Documents\Visual Studio 2010\Projects\Vanderkorn\Vanderkorn\Matrixes\Matrix.cs:строка 70
   в TestProject1.MatrixTest.IsStrictDiagonallyDominantTest() в C:\Users\vanderkorn\Documents\Visual Studio 2010\Projects\Vanderkorn\TestProject1\MatrixTest.cs:строка 509
</StackTrace>
        </ErrorInfo>
      </Output>
    </UnitTestResult>
    <UnitTestResult executionId="2d4a3c50-aaa5-4647-9381-cf0dc561f5f3" testId="9bc2a3b1-a16f-60be-cad1-0bc661a1e754" testName="AbsTest1" computerName="VANDERKORN-PC" duration="00:00:00.0035125" startTime="2012-07-01T20:37:51.0545815+05:00" endTime="2012-07-01T20:37:51.0725821+05:00" testType="13cdc9d9-ddb5-4fa4-a97d-d965ccfc6d4b" outcome="Failed" testListId="8c84fa94-04c1-424b-9868-57a2d4851a1d" relativeResultsDirectory="2d4a3c50-aaa5-4647-9381-cf0dc561f5f3">
      <Output>
        <ErrorInfo>
          <Message>Метод проверки TestProject1.MatrixTest.AbsTest1 выдал исключение: System.NullReferenceException: Ссылка на объект не указывает на экземпляр объекта..</Message>
          <StackTrace>    в Vanderkorn.Matrixes.Matrix.Abs(Matrix matrix) в C:\Users\vanderkorn\Documents\Visual Studio 2010\Projects\Vanderkorn\Vanderkorn\Matrixes\Matrix.cs:строка 152
   в TestProject1.MatrixTest.AbsTest1() в C:\Users\vanderkorn\Documents\Visual Studio 2010\Projects\Vanderkorn\TestProject1\MatrixTest.cs:строка 122
</StackTrace>
        </ErrorInfo>
      </Output>
    </UnitTestResult>
    <UnitTestResult executionId="a40aa073-f1ba-477b-bb5c-5739817e627a" testId="4990595f-872e-762a-cf7a-6c2521bd99e2" testName="op_SubtractionTest4" computerName="VANDERKORN-PC" duration="00:00:00.0036632" startTime="2012-07-01T20:37:51.0875825+05:00" endTime="2012-07-01T20:37:51.0995829+05:00" testType="13cdc9d9-ddb5-4fa4-a97d-d965ccfc6d4b" outcome="Failed" testListId="8c84fa94-04c1-424b-9868-57a2d4851a1d" relativeResultsDirectory="a40aa073-f1ba-477b-bb5c-5739817e627a">
      <Output>
        <ErrorInfo>
          <Message>Метод проверки TestProject1.MatrixTest.op_SubtractionTest4 выдал исключение: System.NullReferenceException: Ссылка на объект не указывает на экземпляр объекта..</Message>
          <StackTrace>    в Vanderkorn.Matrixes.Matrix.op_Subtraction(Matrix matrix1, Matrix matrix2) в C:\Users\vanderkorn\Documents\Visual Studio 2010\Projects\Vanderkorn\Vanderkorn\Matrixes\Matrix.cs:строка 1152
   в TestProject1.MatrixTest.op_SubtractionTest4() в C:\Users\vanderkorn\Documents\Visual Studio 2010\Projects\Vanderkorn\TestProject1\MatrixTest.cs:строка 1483
</StackTrace>
        </ErrorInfo>
      </Output>
    </UnitTestResult>
    <UnitTestResult executionId="5f13376c-37ce-4760-9cb8-d0d3efc97d5b" testId="311ffe7b-addd-a213-ff2e-a135d7a001d2" testName="IsZeroTest" computerName="VANDERKORN-PC" duration="00:00:00.0028201" startTime="2012-07-01T20:37:51.1055831+05:00" endTime="2012-07-01T20:37:51.1235837+05:00" testType="13cdc9d9-ddb5-4fa4-a97d-d965ccfc6d4b" outcome="Failed" testListId="8c84fa94-04c1-424b-9868-57a2d4851a1d" relativeResultsDirectory="5f13376c-37ce-4760-9cb8-d0d3efc97d5b">
      <Output>
        <ErrorInfo>
          <Message>Метод проверки TestProject1.MatrixTest.IsZeroTest выдал исключение: System.Exception: Array null.</Message>
          <StackTrace>    в Vanderkorn.Matrixes.Matrix..ctor(Double[,] data) в C:\Users\vanderkorn\Documents\Visual Studio 2010\Projects\Vanderkorn\Vanderkorn\Matrixes\Matrix.cs:строка 70
   в TestProject1.MatrixTest.IsZeroTest() в C:\Users\vanderkorn\Documents\Visual Studio 2010\Projects\Vanderkorn\TestProject1\MatrixTest.cs:строка 554
</StackTrace>
        </ErrorInfo>
      </Output>
    </UnitTestResult>
    <UnitTestResult executionId="a5ba2eff-11e2-4e38-b109-f68f44c3e168" testId="8a5ecf5c-5004-ad3a-013c-dec5ed0fbdd9" testName="IsDiagonalTest" computerName="VANDERKORN-PC" duration="00:00:00.0028250" startTime="2012-07-01T20:37:51.1355841+05:00" endTime="2012-07-01T20:37:51.1475845+05:00" testType="13cdc9d9-ddb5-4fa4-a97d-d965ccfc6d4b" outcome="Failed" testListId="8c84fa94-04c1-424b-9868-57a2d4851a1d" relativeResultsDirectory="a5ba2eff-11e2-4e38-b109-f68f44c3e168">
      <Output>
        <ErrorInfo>
          <Message>Метод проверки TestProject1.MatrixTest.IsDiagonalTest выдал исключение: System.Exception: Array null.</Message>
          <StackTrace>    в Vanderkorn.Matrixes.Matrix..ctor(Double[,] data) в C:\Users\vanderkorn\Documents\Visual Studio 2010\Projects\Vanderkorn\Vanderkorn\Matrixes\Matrix.cs:строка 70
   в TestProject1.MatrixTest.IsDiagonalTest() в C:\Users\vanderkorn\Documents\Visual Studio 2010\Projects\Vanderkorn\TestProject1\MatrixTest.cs:строка 381
</StackTrace>
        </ErrorInfo>
      </Output>
    </UnitTestResult>
    <UnitTestResult executionId="8fad8385-3836-49c3-b3bc-4c0103fafe38" testId="29b9b635-a9d8-6772-9f6f-cc129737a93b" testName="DeterminantTest1" computerName="VANDERKORN-PC" duration="00:00:00.0029791" startTime="2012-07-01T20:37:51.1575848+05:00" endTime="2012-07-01T20:37:51.1705852+05:00" testType="13cdc9d9-ddb5-4fa4-a97d-d965ccfc6d4b" outcome="Failed" testListId="8c84fa94-04c1-424b-9868-57a2d4851a1d" relativeResultsDirectory="8fad8385-3836-49c3-b3bc-4c0103fafe38">
      <Output>
        <ErrorInfo>
          <Message>Метод проверки TestProject1.MatrixTest.DeterminantTest1 выдал исключение: System.Exception: Array null.</Message>
          <StackTrace>    в Vanderkorn.Matrixes.Matrix..ctor(Double[,] data) в C:\Users\vanderkorn\Documents\Visual Studio 2010\Projects\Vanderkorn\Vanderkorn\Matrixes\Matrix.cs:строка 70
   в TestProject1.MatrixTest.DeterminantTest1() в C:\Users\vanderkorn\Documents\Visual Studio 2010\Projects\Vanderkorn\TestProject1\MatrixTest.cs:строка 192
</StackTrace>
        </ErrorInfo>
      </Output>
    </UnitTestResult>
    <UnitTestResult executionId="4590a8a3-3b49-4eb9-bf55-df791147c044" testId="39b395ac-a538-34cc-7241-883c4bd4d7cc" testName="EqualsTest" computerName="VANDERKORN-PC" duration="00:00:00.0028055" startTime="2012-07-01T20:37:51.1775855+05:00" endTime="2012-07-01T20:37:51.1955860+05:00" testType="13cdc9d9-ddb5-4fa4-a97d-d965ccfc6d4b" outcome="Failed" testListId="8c84fa94-04c1-424b-9868-57a2d4851a1d" relativeResultsDirectory="4590a8a3-3b49-4eb9-bf55-df791147c044">
      <Output>
        <ErrorInfo>
          <Message>Метод проверки TestProject1.MatrixTest.EqualsTest выдал исключение: System.Exception: Array null.</Message>
          <StackTrace>    в Vanderkorn.Matrixes.Matrix..ctor(Double[,] data) в C:\Users\vanderkorn\Documents\Visual Studio 2010\Projects\Vanderkorn\Vanderkorn\Matrixes\Matrix.cs:строка 70
   в TestProject1.MatrixTest.EqualsTest() в C:\Users\vanderkorn\Documents\Visual Studio 2010\Projects\Vanderkorn\TestProject1\MatrixTest.cs:строка 207
</StackTrace>
        </ErrorInfo>
      </Output>
    </UnitTestResult>
    <UnitTestResult executionId="e25518b6-a19d-49f6-baa4-d561024f9346" testId="343cf50b-a605-f5f4-a06b-e2cff348966d" testName="NormingTest" computerName="VANDERKORN-PC" duration="00:00:00.0053068" startTime="2012-07-01T20:37:51.2025863+05:00" endTime="2012-07-01T20:37:51.2235869+05:00" testType="13cdc9d9-ddb5-4fa4-a97d-d965ccfc6d4b" outcome="Failed" testListId="8c84fa94-04c1-424b-9868-57a2d4851a1d" relativeResultsDirectory="e25518b6-a19d-49f6-baa4-d561024f9346">
      <Output>
        <ErrorInfo>
          <Message>Метод проверки TestProject1.MatrixTest.NormingTest выдал исключение: System.NullReferenceException: Ссылка на объект не указывает на экземпляр объекта..</Message>
          <StackTrace>    в Vanderkorn.Matrixes.Matrix.Norm(Matrix matrix, TypeMatrixNorm typeNorm, UInt64 p) в C:\Users\vanderkorn\Documents\Visual Studio 2010\Projects\Vanderkorn\Vanderkorn\Matrixes\Matrix.cs:строка 1295
   в Vanderkorn.Matrixes.Matrix.Norming(Matrix matrix, TypeMatrixNorm typeNorm, UInt64 p) в C:\Users\vanderkorn\Documents\Visual Studio 2010\Projects\Vanderkorn\Vanderkorn\Matrixes\Matrix.cs:строка 1267
   в TestProject1.MatrixTest.NormingTest() в C:\Users\vanderkorn\Documents\Visual Studio 2010\Projects\Vanderkorn\TestProject1\MatrixTest.cs:строка 720
</StackTrace>
        </ErrorInfo>
      </Output>
    </UnitTestResult>
    <UnitTestResult executionId="04e2b9ba-3b78-407c-b105-3bc66bdd73ab" testId="7cc639b2-5246-5b3a-4777-4f8e909f3902" testName="TTest1" computerName="VANDERKORN-PC" duration="00:00:00.0028767" startTime="2012-07-01T20:37:51.2305872+05:00" endTime="2012-07-01T20:37:51.2455872+05:00" testType="13cdc9d9-ddb5-4fa4-a97d-d965ccfc6d4b" outcome="Failed" testListId="8c84fa94-04c1-424b-9868-57a2d4851a1d" relativeResultsDirectory="04e2b9ba-3b78-407c-b105-3bc66bdd73ab">
      <Output>
        <ErrorInfo>
          <Message>Метод проверки TestProject1.MatrixTest.TTest1 выдал исключение: System.Exception: Array null.</Message>
          <StackTrace>    в Vanderkorn.Matrixes.Matrix..ctor(Double[,] data) в C:\Users\vanderkorn\Documents\Visual Studio 2010\Projects\Vanderkorn\Vanderkorn\Matrixes\Matrix.cs:строка 70
   в TestProject1.MatrixTest.TTest1() в C:\Users\vanderkorn\Documents\Visual Studio 2010\Projects\Vanderkorn\TestProject1\MatrixTest.cs:строка 965
</StackTrace>
        </ErrorInfo>
      </Output>
    </UnitTestResult>
    <UnitTestResult executionId="b3986a8c-4d36-4813-bfdd-2cbb26218a6e" testId="85cc9ffd-8b0a-c0b7-bdeb-664a482027ac" testName="RowsCountTest" computerName="VANDERKORN-PC" duration="00:00:00.0034087" startTime="2012-07-01T20:37:51.2705874+05:00" endTime="2012-07-01T20:37:51.2855874+05:00" testType="13cdc9d9-ddb5-4fa4-a97d-d965ccfc6d4b" outcome="Failed" testListId="8c84fa94-04c1-424b-9868-57a2d4851a1d" relativeResultsDirectory="b3986a8c-4d36-4813-bfdd-2cbb26218a6e">
      <Output>
        <ErrorInfo>
          <Message>Метод проверки TestProject1.MatrixTest.RowsCountTest выдал исключение: System.Exception: Array null.</Message>
          <StackTrace>    в Vanderkorn.Matrixes.Matrix..ctor(Double[,] data) в C:\Users\vanderkorn\Documents\Visual Studio 2010\Projects\Vanderkorn\Vanderkorn\Matrixes\Matrix.cs:строка 70
   в TestProject1.MatrixTest.RowsCountTest() в C:\Users\vanderkorn\Documents\Visual Studio 2010\Projects\Vanderkorn\TestProject1\MatrixTest.cs:строка 1556
</StackTrace>
        </ErrorInfo>
      </Output>
    </UnitTestResult>
    <UnitTestResult executionId="423df7bf-28b9-4567-a39c-4f4bd28c52c5" testId="c23278b6-aee6-9901-a23b-e2959c48e495" testName="RowsSubtractionTest" computerName="VANDERKORN-PC" duration="00:00:00.0097882" startTime="2012-07-01T20:37:51.3255876+05:00" endTime="2012-07-01T20:37:51.3455877+05:00" testType="13cdc9d9-ddb5-4fa4-a97d-d965ccfc6d4b" outcome="Failed" testListId="8c84fa94-04c1-424b-9868-57a2d4851a1d" relativeResultsDirectory="423df7bf-28b9-4567-a39c-4f4bd28c52c5">
      <Output>
        <ErrorInfo>
          <Message>Метод проверки TestProject1.MatrixTest.RowsSubtractionTest выдал исключение: System.Exception: Array null.</Message>
          <StackTrace>    в Vanderkorn.Matrixes.Matrix..ctor(Double[,] data) в C:\Users\vanderkorn\Documents\Visual Studio 2010\Projects\Vanderkorn\Vanderkorn\Matrixes\Matrix.cs:строка 70
   в TestProject1.MatrixTest.RowsSubtractionTest() в C:\Users\vanderkorn\Documents\Visual Studio 2010\Projects\Vanderkorn\TestProject1\MatrixTest.cs:строка 892
</StackTrace>
        </ErrorInfo>
      </Output>
    </UnitTestResult>
    <UnitTestResult executionId="9327d9b5-d6fc-46b8-addb-64fff52185a3" testId="fbd64c98-ba51-03ae-2f34-4bc2ac313480" testName="op_DivisionTest" computerName="VANDERKORN-PC" duration="00:00:00.0046578" startTime="2012-07-01T20:37:51.3505877+05:00" endTime="2012-07-01T20:37:51.3755878+05:00" testType="13cdc9d9-ddb5-4fa4-a97d-d965ccfc6d4b" outcome="Failed" testListId="8c84fa94-04c1-424b-9868-57a2d4851a1d" relativeResultsDirectory="9327d9b5-d6fc-46b8-addb-64fff52185a3">
      <Output>
        <ErrorInfo>
          <Message>Метод проверки TestProject1.MatrixTest.op_DivisionTest выдал исключение: System.NullReferenceException: Ссылка на объект не указывает на экземпляр объекта..</Message>
          <StackTrace>    в Vanderkorn.Matrixes.Matrix.op_Division(Matrix matrix, Double a) в C:\Users\vanderkorn\Documents\Visual Studio 2010\Projects\Vanderkorn\Vanderkorn\Matrixes\Matrix.cs:строка 1212
   в Vanderkorn.Matrixes.Matrix.op_Division(Matrix matrix, Int64 a) в C:\Users\vanderkorn\Documents\Visual Studio 2010\Projects\Vanderkorn\Vanderkorn\Matrixes\Matrix.cs:строка 1230
   в TestProject1.MatrixTest.op_DivisionTest() в C:\Users\vanderkorn\Documents\Visual Studio 2010\Projects\Vanderkorn\TestProject1\MatrixTest.cs:строка 1198
</StackTrace>
        </ErrorInfo>
      </Output>
    </UnitTestResult>
    <UnitTestResult executionId="d3b8e800-f5e8-4556-a49e-5036e1070c95" testId="43becc7c-704e-9e06-b5f9-d026d4c3eb81" testName="IdentityTest" computerName="VANDERKORN-PC" duration="00:00:00.0038197" startTime="2012-07-01T20:37:51.3855879+05:00" endTime="2012-07-01T20:37:51.4005879+05:00" testType="13cdc9d9-ddb5-4fa4-a97d-d965ccfc6d4b" outcome="Failed" testListId="8c84fa94-04c1-424b-9868-57a2d4851a1d" relativeResultsDirectory="d3b8e800-f5e8-4556-a49e-5036e1070c95">
      <Output>
        <ErrorInfo>
          <Message>Метод проверки TestProject1.MatrixTest.IdentityTest выдал исключение: System.Exception: Matrix must be positive size.</Message>
          <StackTrace>    в Vanderkorn.Matrixes.Matrix..ctor(UInt64 rowsCount, UInt64 columnsCount) в C:\Users\vanderkorn\Documents\Visual Studio 2010\Projects\Vanderkorn\Vanderkorn\Matrixes\Matrix.cs:строка 56
   в Vanderkorn.Matrixes.Matrix.Identity(UInt64 size) в C:\Users\vanderkorn\Documents\Visual Studio 2010\Projects\Vanderkorn\Vanderkorn\Matrixes\Matrix.cs:строка 760
   в TestProject1.MatrixTest.IdentityTest() в C:\Users\vanderkorn\Documents\Visual Studio 2010\Projects\Vanderkorn\TestProject1\MatrixTest.cs:строка 313
</StackTrace>
        </ErrorInfo>
      </Output>
    </UnitTestResult>
    <UnitTestResult executionId="1f6e3bb5-cddb-4afc-af88-8b65e746322a" testId="3f9cf068-34dc-9368-3d4a-4c3ffbcffa16" testName="HilbertElementTest" computerName="VANDERKORN-PC" duration="00:00:00.3131798" startTime="2012-07-01T20:37:51.4055880+05:00" endTime="2012-07-01T20:37:51.7425926+05:00" testType="13cdc9d9-ddb5-4fa4-a97d-d965ccfc6d4b" outcome="Failed" testListId="8c84fa94-04c1-424b-9868-57a2d4851a1d" relativeResultsDirectory="1f6e3bb5-cddb-4afc-af88-8b65e746322a">
      <Output>
        <ErrorInfo>
          <Message>Ошибка в Assert.AreEqual. Ожидается: &lt;0&gt;. Фактически: &lt;1&gt;. </Message>
          <StackTrace>   в TestProject1.MatrixTest.HilbertElementTest() в C:\Users\vanderkorn\Documents\Visual Studio 2010\Projects\Vanderkorn\TestProject1\MatrixTest.cs:строка 300
</StackTrace>
        </ErrorInfo>
      </Output>
    </UnitTestResult>
    <UnitTestResult executionId="3b6b41e2-25cf-4b86-83ca-61b773c33321" testId="95035bfb-baf9-22f1-c701-934402669b80" testName="op_SubtractionTest5" computerName="VANDERKORN-PC" duration="00:00:00.0037587" startTime="2012-07-01T20:37:51.7555930+05:00" endTime="2012-07-01T20:37:51.7775937+05:00" testType="13cdc9d9-ddb5-4fa4-a97d-d965ccfc6d4b" outcome="Failed" testListId="8c84fa94-04c1-424b-9868-57a2d4851a1d" relativeResultsDirectory="3b6b41e2-25cf-4b86-83ca-61b773c33321">
      <Output>
        <ErrorInfo>
          <Message>Метод проверки TestProject1.MatrixTest.op_SubtractionTest5 выдал исключение: System.NullReferenceException: Ссылка на объект не указывает на экземпляр объекта..</Message>
          <StackTrace>    в Vanderkorn.Matrixes.Matrix.op_Addition(Matrix matrix, Double a) в C:\Users\vanderkorn\Documents\Visual Studio 2010\Projects\Vanderkorn\Vanderkorn\Matrixes\Matrix.cs:строка 1084
   в Vanderkorn.Matrixes.Matrix.op_Subtraction(Matrix matrix, Double a) в C:\Users\vanderkorn\Documents\Visual Studio 2010\Projects\Vanderkorn\Vanderkorn\Matrixes\Matrix.cs:строка 1128
   в Vanderkorn.Matrixes.Matrix.op_Subtraction(Matrix matrix, Single a) в C:\Users\vanderkorn\Documents\Visual Studio 2010\Projects\Vanderkorn\Vanderkorn\Matrixes\Matrix.cs:строка 1148
   в TestProject1.MatrixTest.op_SubtractionTest5() в C:\Users\vanderkorn\Documents\Visual Studio 2010\Projects\Vanderkorn\TestProject1\MatrixTest.cs:строка 1498
</StackTrace>
        </ErrorInfo>
      </Output>
    </UnitTestResult>
    <UnitTestResult executionId="498bceda-e37e-40ac-ab32-3edc8995d2be" testId="ff33e67c-6225-2ccf-e101-1116c9d85fc7" testName="op_MultiplyTest" computerName="VANDERKORN-PC" duration="00:00:00.0034969" startTime="2012-07-01T20:37:51.7875941+05:00" endTime="2012-07-01T20:37:51.8055946+05:00" testType="13cdc9d9-ddb5-4fa4-a97d-d965ccfc6d4b" outcome="Failed" testListId="8c84fa94-04c1-424b-9868-57a2d4851a1d" relativeResultsDirectory="498bceda-e37e-40ac-ab32-3edc8995d2be">
      <Output>
        <ErrorInfo>
          <Message>Метод проверки TestProject1.MatrixTest.op_MultiplyTest выдал исключение: System.NullReferenceException: Ссылка на объект не указывает на экземпляр объекта..</Message>
          <StackTrace>    в Vanderkorn.Matrixes.Matrix.op_Multiply(Matrix matrix1, Matrix matrix2) в C:\Users\vanderkorn\Documents\Visual Studio 2010\Projects\Vanderkorn\Vanderkorn\Matrixes\Matrix.cs:строка 1197
   в TestProject1.MatrixTest.op_MultiplyTest() в C:\Users\vanderkorn\Documents\Visual Studio 2010\Projects\Vanderkorn\TestProject1\MatrixTest.cs:строка 1318
</StackTrace>
        </ErrorInfo>
      </Output>
    </UnitTestResult>
    <UnitTestResult executionId="d152c001-3f77-4a02-8b0f-b16a5f769047" testId="69b5b108-097a-9df5-2a8e-49b6e3459666" testName="MatrixConstructorTest2" computerName="VANDERKORN-PC" duration="00:00:00.0029206" startTime="2012-07-01T20:37:51.8255953+05:00" endTime="2012-07-01T20:37:51.8375957+05:00" testType="13cdc9d9-ddb5-4fa4-a97d-d965ccfc6d4b" outcome="Failed" testListId="8c84fa94-04c1-424b-9868-57a2d4851a1d" relativeResultsDirectory="d152c001-3f77-4a02-8b0f-b16a5f769047">
      <Output>
        <ErrorInfo>
          <Message>Метод проверки TestProject1.MatrixTest.MatrixConstructorTest2 выдал исключение: System.Exception: Matrix must be positive size.</Message>
          <StackTrace>    в Vanderkorn.Matrixes.Matrix..ctor(UInt64 rowsCount, UInt64 columnsCount) в C:\Users\vanderkorn\Documents\Visual Studio 2010\Projects\Vanderkorn\Vanderkorn\Matrixes\Matrix.cs:строка 56
   в Vanderkorn.Matrixes.Matrix..ctor(UInt64 size) в C:\Users\vanderkorn\Documents\Visual Studio 2010\Projects\Vanderkorn\Vanderkorn\Matrixes\Matrix.cs:строка 44
   в TestProject1.MatrixTest.MatrixConstructorTest2() в C:\Users\vanderkorn\Documents\Visual Studio 2010\Projects\Vanderkorn\TestProject1\MatrixTest.cs:строка 97
</StackTrace>
        </ErrorInfo>
      </Output>
    </UnitTestResult>
    <UnitTestResult executionId="c1d3f00d-7e0a-4878-940b-78c20b4f0cb0" testId="db16b0da-9929-eff7-0958-07b2076eaf4f" testName="op_AdditionTest1" computerName="VANDERKORN-PC" duration="00:00:00.0027329" startTime="2012-07-01T20:37:51.8455959+05:00" endTime="2012-07-01T20:37:51.8635965+05:00" testType="13cdc9d9-ddb5-4fa4-a97d-d965ccfc6d4b" outcome="Failed" testListId="8c84fa94-04c1-424b-9868-57a2d4851a1d" relativeResultsDirectory="c1d3f00d-7e0a-4878-940b-78c20b4f0cb0">
      <Output>
        <ErrorInfo>
          <Message>Метод проверки TestProject1.MatrixTest.op_AdditionTest1 выдал исключение: System.NullReferenceException: Ссылка на объект не указывает на экземпляр объекта..</Message>
          <StackTrace>    в Vanderkorn.Matrixes.Matrix.op_Addition(Matrix matrix, Double a) в C:\Users\vanderkorn\Documents\Visual Studio 2010\Projects\Vanderkorn\Vanderkorn\Matrixes\Matrix.cs:строка 1084
   в TestProject1.MatrixTest.op_AdditionTest1() в C:\Users\vanderkorn\Documents\Visual Studio 2010\Projects\Vanderkorn\TestProject1\MatrixTest.cs:строка 1108
</StackTrace>
        </ErrorInfo>
      </Output>
    </UnitTestResult>
    <UnitTestResult executionId="129ad872-4dec-435d-8e19-a34fccd7e938" testId="f789ebd6-7671-3f6b-02db-7fc026478904" testName="ExchangeTest" computerName="VANDERKORN-PC" duration="00:00:00.0032005" startTime="2012-07-01T20:37:51.8715968+05:00" endTime="2012-07-01T20:37:51.8885973+05:00" testType="13cdc9d9-ddb5-4fa4-a97d-d965ccfc6d4b" outcome="Failed" testListId="8c84fa94-04c1-424b-9868-57a2d4851a1d" relativeResultsDirectory="129ad872-4dec-435d-8e19-a34fccd7e938">
      <Output>
        <ErrorInfo>
          <Message>Метод проверки TestProject1.MatrixTest.ExchangeTest выдал исключение: System.Exception: Matrix must be positive size.</Message>
          <StackTrace>    в Vanderkorn.Matrixes.Matrix..ctor(UInt64 rowsCount, UInt64 columnsCount) в C:\Users\vanderkorn\Documents\Visual Studio 2010\Projects\Vanderkorn\Vanderkorn\Matrixes\Matrix.cs:строка 56
   в Vanderkorn.Matrixes.Matrix.Exchange(UInt64 size) в C:\Users\vanderkorn\Documents\Visual Studio 2010\Projects\Vanderkorn\Vanderkorn\Matrixes\Matrix.cs:строка 825
   в TestProject1.MatrixTest.ExchangeTest() в C:\Users\vanderkorn\Documents\Visual Studio 2010\Projects\Vanderkorn\TestProject1\MatrixTest.cs:строка 225
</StackTrace>
        </ErrorInfo>
      </Output>
    </UnitTestResult>
    <UnitTestResult executionId="946921e3-7708-4bfe-97b2-7a9591844f61" testId="ddfa8f98-c484-daf2-13e0-b29a27a36693" testName="op_AdditionTest5" computerName="VANDERKORN-PC" duration="00:00:00.0032638" startTime="2012-07-01T20:37:51.9035978+05:00" endTime="2012-07-01T20:37:51.9225984+05:00" testType="13cdc9d9-ddb5-4fa4-a97d-d965ccfc6d4b" outcome="Failed" testListId="8c84fa94-04c1-424b-9868-57a2d4851a1d" relativeResultsDirectory="946921e3-7708-4bfe-97b2-7a9591844f61">
      <Output>
        <ErrorInfo>
          <Message>Метод проверки TestProject1.MatrixTest.op_AdditionTest5 выдал исключение: System.NullReferenceException: Ссылка на объект не указывает на экземпляр объекта..</Message>
          <StackTrace>    в Vanderkorn.Matrixes.Matrix.op_Addition(Matrix matrix, Double a) в C:\Users\vanderkorn\Documents\Visual Studio 2010\Projects\Vanderkorn\Vanderkorn\Matrixes\Matrix.cs:строка 1084
   в Vanderkorn.Matrixes.Matrix.op_Addition(Matrix matrix, Single a) в C:\Users\vanderkorn\Documents\Visual Studio 2010\Projects\Vanderkorn\Vanderkorn\Matrixes\Matrix.cs:строка 1109
   в TestProject1.MatrixTest.op_AdditionTest5() в C:\Users\vanderkorn\Documents\Visual Studio 2010\Projects\Vanderkorn\TestProject1\MatrixTest.cs:строка 1168
</StackTrace>
        </ErrorInfo>
      </Output>
    </UnitTestResult>
    <UnitTestResult executionId="a8774eae-8505-45bb-b98b-b62c313d2208" testId="49a61d8d-8fea-3f26-72f4-abc8ff4cd029" testName="NormTest" computerName="VANDERKORN-PC" duration="00:00:00.0038684" startTime="2012-07-01T20:37:51.9285986+05:00" endTime="2012-07-01T20:37:51.9515994+05:00" testType="13cdc9d9-ddb5-4fa4-a97d-d965ccfc6d4b" outcome="Failed" testListId="8c84fa94-04c1-424b-9868-57a2d4851a1d" relativeResultsDirectory="a8774eae-8505-45bb-b98b-b62c313d2208">
      <Output>
        <ErrorInfo>
          <Message>Метод проверки TestProject1.MatrixTest.NormTest выдал исключение: System.Exception: Array null.</Message>
          <StackTrace>    в Vanderkorn.Matrixes.Matrix..ctor(Double[,] data) в C:\Users\vanderkorn\Documents\Visual Studio 2010\Projects\Vanderkorn\Vanderkorn\Matrixes\Matrix.cs:строка 70
   в TestProject1.MatrixTest.NormTest() в C:\Users\vanderkorn\Documents\Visual Studio 2010\Projects\Vanderkorn\TestProject1\MatrixTest.cs:строка 683
</StackTrace>
        </ErrorInfo>
      </Output>
    </UnitTestResult>
    <UnitTestResult executionId="ca280d96-f39d-44c1-906d-4799a148f1e8" testId="13662682-b8a8-1500-58bf-32234df94494" testName="LowerShiftTest" computerName="VANDERKORN-PC" duration="00:00:00.0032521" startTime="2012-07-01T20:37:51.9585996+05:00" endTime="2012-07-01T20:37:51.9776002+05:00" testType="13cdc9d9-ddb5-4fa4-a97d-d965ccfc6d4b" outcome="Failed" testListId="8c84fa94-04c1-424b-9868-57a2d4851a1d" relativeResultsDirectory="ca280d96-f39d-44c1-906d-4799a148f1e8">
      <Output>
        <ErrorInfo>
          <Message>Метод проверки TestProject1.MatrixTest.LowerShiftTest выдал исключение: System.Exception: Matrix must be positive size.</Message>
          <StackTrace>    в Vanderkorn.Matrixes.Matrix..ctor(UInt64 rowsCount, UInt64 columnsCount) в C:\Users\vanderkorn\Documents\Visual Studio 2010\Projects\Vanderkorn\Vanderkorn\Matrixes\Matrix.cs:строка 56
   в Vanderkorn.Matrixes.Matrix.LowerShift(UInt64 size) в C:\Users\vanderkorn\Documents\Visual Studio 2010\Projects\Vanderkorn\Vanderkorn\Matrixes\Matrix.cs:строка 994
   в TestProject1.MatrixTest.LowerShiftTest() в C:\Users\vanderkorn\Documents\Visual Studio 2010\Projects\Vanderkorn\TestProject1\MatrixTest.cs:строка 601
</StackTrace>
        </ErrorInfo>
      </Output>
    </UnitTestResult>
    <UnitTestResult executionId="a8fed33d-72b9-4def-aed6-6f579fed8ffe" testId="dc4bbeaf-270d-fab3-f8fa-c27aca4d9d18" testName="op_AdditionTest4" computerName="VANDERKORN-PC" duration="00:00:00.0037992" startTime="2012-07-01T20:37:51.9856005+05:00" endTime="2012-07-01T20:37:52.0016010+05:00" testType="13cdc9d9-ddb5-4fa4-a97d-d965ccfc6d4b" outcome="Failed" testListId="8c84fa94-04c1-424b-9868-57a2d4851a1d" relativeResultsDirectory="a8fed33d-72b9-4def-aed6-6f579fed8ffe">
      <Output>
        <ErrorInfo>
          <Message>Метод проверки TestProject1.MatrixTest.op_AdditionTest4 выдал исключение: System.NullReferenceException: Ссылка на объект не указывает на экземпляр объекта..</Message>
          <StackTrace>    в Vanderkorn.Matrixes.Matrix.op_Addition(Matrix matrix, Double a) в C:\Users\vanderkorn\Documents\Visual Studio 2010\Projects\Vanderkorn\Vanderkorn\Matrixes\Matrix.cs:строка 1084
   в Vanderkorn.Matrixes.Matrix.op_Addition(Matrix matrix, Int32 a) в C:\Users\vanderkorn\Documents\Visual Studio 2010\Projects\Vanderkorn\Vanderkorn\Matrixes\Matrix.cs:строка 1093
   в TestProject1.MatrixTest.op_AdditionTest4() в C:\Users\vanderkorn\Documents\Visual Studio 2010\Projects\Vanderkorn\TestProject1\MatrixTest.cs:строка 1153
</StackTrace>
        </ErrorInfo>
      </Output>
    </UnitTestResult>
    <UnitTestResult executionId="82f640df-8291-4337-830f-d419e8003f12" testId="a066935b-946f-6396-2bcb-16d51af82164" testName="UpperShiftTest" computerName="VANDERKORN-PC" duration="00:00:00.0035608" startTime="2012-07-01T20:37:52.0166015+05:00" endTime="2012-07-01T20:37:52.0406022+05:00" testType="13cdc9d9-ddb5-4fa4-a97d-d965ccfc6d4b" outcome="Failed" testListId="8c84fa94-04c1-424b-9868-57a2d4851a1d" relativeResultsDirectory="82f640df-8291-4337-830f-d419e8003f12">
      <Output>
        <ErrorInfo>
          <Message>Метод проверки TestProject1.MatrixTest.UpperShiftTest выдал исключение: System.Exception: Matrix must be positive size.</Message>
          <StackTrace>    в Vanderkorn.Matrixes.Matrix..ctor(UInt64 rowsCount, UInt64 columnsCount) в C:\Users\vanderkorn\Documents\Visual Studio 2010\Projects\Vanderkorn\Vanderkorn\Matrixes\Matrix.cs:строка 56
   в Vanderkorn.Matrixes.Matrix.UpperShift(UInt64 size) в C:\Users\vanderkorn\Documents\Visual Studio 2010\Projects\Vanderkorn\Vanderkorn\Matrixes\Matrix.cs:строка 974
   в TestProject1.MatrixTest.UpperShiftTest() в C:\Users\vanderkorn\Documents\Visual Studio 2010\Projects\Vanderkorn\TestProject1\MatrixTest.cs:строка 1049
</StackTrace>
        </ErrorInfo>
      </Output>
    </UnitTestResult>
    <UnitTestResult executionId="b6d37029-6ea2-45d0-b1c2-ff6185a63c5e" testId="6c63ad41-13d4-9ec5-c7c9-87587954cad7" testName="op_SubtractionTest1" computerName="VANDERKORN-PC" duration="00:00:00.0037300" startTime="2012-07-01T20:37:52.0556027+05:00" endTime="2012-07-01T20:37:52.0686032+05:00" testType="13cdc9d9-ddb5-4fa4-a97d-d965ccfc6d4b" outcome="Failed" testListId="8c84fa94-04c1-424b-9868-57a2d4851a1d" relativeResultsDirectory="b6d37029-6ea2-45d0-b1c2-ff6185a63c5e">
      <Output>
        <ErrorInfo>
          <Message>Метод проверки TestProject1.MatrixTest.op_SubtractionTest1 выдал исключение: System.NullReferenceException: Ссылка на объект не указывает на экземпляр объекта..</Message>
          <StackTrace>    в Vanderkorn.Matrixes.Matrix.op_Addition(Matrix matrix, Double a) в C:\Users\vanderkorn\Documents\Visual Studio 2010\Projects\Vanderkorn\Vanderkorn\Matrixes\Matrix.cs:строка 1084
   в Vanderkorn.Matrixes.Matrix.op_Subtraction(Matrix matrix, Double a) в C:\Users\vanderkorn\Documents\Visual Studio 2010\Projects\Vanderkorn\Vanderkorn\Matrixes\Matrix.cs:строка 1128
   в Vanderkorn.Matrixes.Matrix.op_Subtraction(Matrix matrix, Int32 a) в C:\Users\vanderkorn\Documents\Visual Studio 2010\Projects\Vanderkorn\Vanderkorn\Matrixes\Matrix.cs:строка 1132
   в TestProject1.MatrixTest.op_SubtractionTest1() в C:\Users\vanderkorn\Documents\Visual Studio 2010\Projects\Vanderkorn\TestProject1\MatrixTest.cs:строка 1438
</StackTrace>
        </ErrorInfo>
      </Output>
    </UnitTestResult>
    <UnitTestResult executionId="370de5b0-1c71-4d58-a85b-092452645d5a" testId="b437f308-1b2f-8f11-8319-96e81579612c" testName="ItemTest" computerName="VANDERKORN-PC" duration="00:00:00.0033175" startTime="2012-07-01T20:37:52.0756034+05:00" endTime="2012-07-01T20:37:52.0956040+05:00" testType="13cdc9d9-ddb5-4fa4-a97d-d965ccfc6d4b" outcome="Failed" testListId="8c84fa94-04c1-424b-9868-57a2d4851a1d" relativeResultsDirectory="370de5b0-1c71-4d58-a85b-092452645d5a">
      <Output>
        <ErrorInfo>
          <Message>Метод проверки TestProject1.MatrixTest.ItemTest выдал исключение: System.Exception: Array null.</Message>
          <StackTrace>    в Vanderkorn.Matrixes.Matrix..ctor(Double[,] data) в C:\Users\vanderkorn\Documents\Visual Studio 2010\Projects\Vanderkorn\Vanderkorn\Matrixes\Matrix.cs:строка 70
   в TestProject1.MatrixTest.ItemTest() в C:\Users\vanderkorn\Documents\Visual Studio 2010\Projects\Vanderkorn\TestProject1\MatrixTest.cs:строка 1538
</StackTrace>
        </ErrorInfo>
      </Output>
    </UnitTestResult>
    <UnitTestResult executionId="1e859998-6c44-44ed-b6ba-eef5be602d8d" testId="6e18c476-cc0a-8bc9-b672-0b42cea4a53d" testName="InvertibleTest1" computerName="VANDERKORN-PC" duration="00:00:00.0038407" startTime="2012-07-01T20:37:52.1096045+05:00" endTime="2012-07-01T20:37:52.1246050+05:00" testType="13cdc9d9-ddb5-4fa4-a97d-d965ccfc6d4b" outcome="Failed" testListId="8c84fa94-04c1-424b-9868-57a2d4851a1d" relativeResultsDirectory="1e859998-6c44-44ed-b6ba-eef5be602d8d">
      <Output>
        <ErrorInfo>
          <Message>Метод проверки TestProject1.MatrixTest.InvertibleTest1 выдал исключение: System.NullReferenceException: Ссылка на объект не указывает на экземпляр объекта..</Message>
          <StackTrace>    в Vanderkorn.Matrixes.Matrix.Invertible(Matrix matrix) в C:\Users\vanderkorn\Documents\Visual Studio 2010\Projects\Vanderkorn\Vanderkorn\Matrixes\Matrix.cs:строка 186
   в TestProject1.MatrixTest.InvertibleTest1() в C:\Users\vanderkorn\Documents\Visual Studio 2010\Projects\Vanderkorn\TestProject1\MatrixTest.cs:строка 339
</StackTrace>
        </ErrorInfo>
      </Output>
    </UnitTestResult>
    <UnitTestResult executionId="b8df1592-d1ad-4aab-8d37-20fef439fa32" testId="a495c45f-f14c-0aa1-5314-a88886572447" testName="op_EqualityTest" computerName="VANDERKORN-PC" startTime="2012-07-01T20:37:52.1346053+05:00" endTime="2012-07-01T20:38:01.7498853+05:00" testType="13cdc9d9-ddb5-4fa4-a97d-d965ccfc6d4b" testListId="8c84fa94-04c1-424b-9868-57a2d4851a1d" relativeResultsDirectory="b8df1592-d1ad-4aab-8d37-20fef439fa32">
      <Output>
        <ErrorInfo>
          <Message>Процесс агента был прекращен во время выполнения теста.</Message>
        </ErrorInfo>
      </Output>
    </UnitTestResult>
    <UnitTestResult executionId="52ee7c52-aea3-4943-97bd-084d666191a3" testId="a9f0fdff-9fb7-6604-fdec-fdce090da3d7" testName="IsUpperBiDiagonalTest" computerName="VANDERKORN-PC" duration="00:00:00.0854481" startTime="2012-07-01T20:38:01.7938867+05:00" endTime="2012-07-01T20:38:02.4018959+05:00" testType="13cdc9d9-ddb5-4fa4-a97d-d965ccfc6d4b" outcome="Failed" testListId="8c84fa94-04c1-424b-9868-57a2d4851a1d" relativeResultsDirectory="52ee7c52-aea3-4943-97bd-084d666191a3">
      <Output>
        <ErrorInfo>
          <Message>Метод проверки TestProject1.MatrixTest.IsUpperBiDiagonalTest выдал исключение: System.Exception: Array null.</Message>
          <StackTrace>    в Vanderkorn.Matrixes.Matrix..ctor(Double[,] data) в C:\Users\vanderkorn\Documents\Visual Studio 2010\Projects\Vanderkorn\Vanderkorn\Matrixes\Matrix.cs:строка 70
   в TestProject1.MatrixTest.IsUpperBiDiagonalTest() в C:\Users\vanderkorn\Documents\Visual Studio 2010\Projects\Vanderkorn\TestProject1\MatrixTest.cs:строка 539
</StackTrace>
        </ErrorInfo>
      </Output>
    </UnitTestResult>
    <UnitTestResult executionId="4ebc430a-52e5-47dd-bcb0-b3e1f3997fb6" testId="34c16369-77b1-9123-bfb3-07e1c80972b7" testName="FactorialTest" computerName="VANDERKORN-PC" startTime="2012-07-01T20:38:02.4078961+05:00" endTime="2012-07-01T20:38:05.2729842+05:00" testType="13cdc9d9-ddb5-4fa4-a97d-d965ccfc6d4b" testListId="8c84fa94-04c1-424b-9868-57a2d4851a1d" relativeResultsDirectory="4ebc430a-52e5-47dd-bcb0-b3e1f3997fb6">
      <Output>
        <ErrorInfo>
          <Message>Процесс агента был прекращен во время выполнения теста.</Message>
        </ErrorInfo>
      </Output>
    </UnitTestResult>
    <UnitTestResult executionId="f36d58bc-a212-48e4-b690-e68a385e6450" testId="6bce6069-5b5d-c93f-553b-dcb95e67e7b4" testName="op_AdditionTest" computerName="VANDERKORN-PC" duration="00:00:00.0752786" startTime="2012-07-01T20:38:05.3069853+05:00" endTime="2012-07-01T20:38:05.8589930+05:00" testType="13cdc9d9-ddb5-4fa4-a97d-d965ccfc6d4b" outcome="Failed" testListId="8c84fa94-04c1-424b-9868-57a2d4851a1d" relativeResultsDirectory="f36d58bc-a212-48e4-b690-e68a385e6450">
      <Output>
        <ErrorInfo>
          <Message>Метод проверки TestProject1.MatrixTest.op_AdditionTest выдал исключение: System.NullReferenceException: Ссылка на объект не указывает на экземпляр объекта..</Message>
          <StackTrace>    в Vanderkorn.Matrixes.Matrix.op_Addition(Matrix matrix1, Matrix matrix2) в C:\Users\vanderkorn\Documents\Visual Studio 2010\Projects\Vanderkorn\Vanderkorn\Matrixes\Matrix.cs:строка 1113
   в TestProject1.MatrixTest.op_AdditionTest() в C:\Users\vanderkorn\Documents\Visual Studio 2010\Projects\Vanderkorn\TestProject1\MatrixTest.cs:строка 1093
</StackTrace>
        </ErrorInfo>
      </Output>
    </UnitTestResult>
    <UnitTestResult executionId="37738916-9590-4e4a-b054-f76489902e56" testId="5698e536-8acd-0422-c98c-9be1583f9994" testName="op_MultiplyTest4" computerName="VANDERKORN-PC" duration="00:00:00.0039279" startTime="2012-07-01T20:38:05.8739935+05:00" endTime="2012-07-01T20:38:05.8869939+05:00" testType="13cdc9d9-ddb5-4fa4-a97d-d965ccfc6d4b" outcome="Failed" testListId="8c84fa94-04c1-424b-9868-57a2d4851a1d" relativeResultsDirectory="37738916-9590-4e4a-b054-f76489902e56">
      <Output>
        <ErrorInfo>
          <Message>Метод проверки TestProject1.MatrixTest.op_MultiplyTest4 выдал исключение: System.NullReferenceException: Ссылка на объект не указывает на экземпляр объекта..</Message>
          <StackTrace>    в Vanderkorn.Matrixes.Matrix.op_Multiply(Matrix matrix, Double a) в C:\Users\vanderkorn\Documents\Visual Studio 2010\Projects\Vanderkorn\Vanderkorn\Matrixes\Matrix.cs:строка 1167
   в Vanderkorn.Matrixes.Matrix.op_Multiply(Matrix matrix, Single a) в C:\Users\vanderkorn\Documents\Visual Studio 2010\Projects\Vanderkorn\Vanderkorn\Matrixes\Matrix.cs:строка 1193
   в TestProject1.MatrixTest.op_MultiplyTest4() в C:\Users\vanderkorn\Documents\Visual Studio 2010\Projects\Vanderkorn\TestProject1\MatrixTest.cs:строка 1378
</StackTrace>
        </ErrorInfo>
      </Output>
    </UnitTestResult>
    <UnitTestResult executionId="5a2a9f35-d839-454d-b345-9d35bd195bf2" testId="d2ccba49-e90e-557d-2fdb-c52d3660c619" testName="op_DivisionTest4" computerName="VANDERKORN-PC" duration="00:00:00.0038533" startTime="2012-07-01T20:38:05.8959942+05:00" endTime="2012-07-01T20:38:05.9129947+05:00" testType="13cdc9d9-ddb5-4fa4-a97d-d965ccfc6d4b" outcome="Failed" testListId="8c84fa94-04c1-424b-9868-57a2d4851a1d" relativeResultsDirectory="5a2a9f35-d839-454d-b345-9d35bd195bf2">
      <Output>
        <ErrorInfo>
          <Message>Метод проверки TestProject1.MatrixTest.op_DivisionTest4 выдал исключение: System.NullReferenceException: Ссылка на объект не указывает на экземпляр объекта..</Message>
          <StackTrace>    в Vanderkorn.Matrixes.Matrix.op_Division(Matrix matrix, Double a) в C:\Users\vanderkorn\Documents\Visual Studio 2010\Projects\Vanderkorn\Vanderkorn\Matrixes\Matrix.cs:строка 1212
   в Vanderkorn.Matrixes.Matrix.op_Division(Matrix matrix, Single a) в C:\Users\vanderkorn\Documents\Visual Studio 2010\Projects\Vanderkorn\Vanderkorn\Matrixes\Matrix.cs:строка 1238
   в TestProject1.MatrixTest.op_DivisionTest4() в C:\Users\vanderkorn\Documents\Visual Studio 2010\Projects\Vanderkorn\TestProject1\MatrixTest.cs:строка 1258
</StackTrace>
        </ErrorInfo>
      </Output>
    </UnitTestResult>
    <UnitTestResult executionId="06bc9771-53a0-4f9a-9758-2127e9a008c2" testId="e3352cf3-f505-e212-a487-2a019ecebf10" testName="ToArrayTest" computerName="VANDERKORN-PC" duration="00:00:00.0039952" startTime="2012-07-01T20:38:05.9269952+05:00" endTime="2012-07-01T20:38:05.9429957+05:00" testType="13cdc9d9-ddb5-4fa4-a97d-d965ccfc6d4b" outcome="Failed" testListId="8c84fa94-04c1-424b-9868-57a2d4851a1d" relativeResultsDirectory="06bc9771-53a0-4f9a-9758-2127e9a008c2">
      <Output>
        <ErrorInfo>
          <Message>Метод проверки TestProject1.MatrixTest.ToArrayTest выдал исключение: System.Exception: Array null.</Message>
          <StackTrace>    в Vanderkorn.Matrixes.Matrix..ctor(Double[,] data) в C:\Users\vanderkorn\Documents\Visual Studio 2010\Projects\Vanderkorn\Vanderkorn\Matrixes\Matrix.cs:строка 70
   в TestProject1.MatrixTest.ToArrayTest() в C:\Users\vanderkorn\Documents\Visual Studio 2010\Projects\Vanderkorn\TestProject1\MatrixTest.cs:строка 977
</StackTrace>
        </ErrorInfo>
      </Output>
    </UnitTestResult>
    <UnitTestResult executionId="2c7e0df5-f110-4a80-af82-02fc0d4cf37f" testId="c2b7293c-fe40-c76c-2ee5-006e5ef5209d" testName="op_SubtractionTest3" computerName="VANDERKORN-PC" duration="00:00:00.0038129" startTime="2012-07-01T20:38:05.9509960+05:00" endTime="2012-07-01T20:38:05.9669965+05:00" testType="13cdc9d9-ddb5-4fa4-a97d-d965ccfc6d4b" outcome="Failed" testListId="8c84fa94-04c1-424b-9868-57a2d4851a1d" relativeResultsDirectory="2c7e0df5-f110-4a80-af82-02fc0d4cf37f">
      <Output>
        <ErrorInfo>
          <Message>Метод проверки TestProject1.MatrixTest.op_SubtractionTest3 выдал исключение: System.NullReferenceException: Ссылка на объект не указывает на экземпляр объекта..</Message>
          <StackTrace>    в Vanderkorn.Matrixes.Matrix.op_Addition(Matrix matrix, Double a) в C:\Users\vanderkorn\Documents\Visual Studio 2010\Projects\Vanderkorn\Vanderkorn\Matrixes\Matrix.cs:строка 1084
   в Vanderkorn.Matrixes.Matrix.op_Subtraction(Matrix matrix, Double a) в C:\Users\vanderkorn\Documents\Visual Studio 2010\Projects\Vanderkorn\Vanderkorn\Matrixes\Matrix.cs:строка 1128
   в Vanderkorn.Matrixes.Matrix.op_Subtraction(Matrix matrix, Int64 a) в C:\Users\vanderkorn\Documents\Visual Studio 2010\Projects\Vanderkorn\Vanderkorn\Matrixes\Matrix.cs:строка 1140
   в TestProject1.MatrixTest.op_SubtractionTest3() в C:\Users\vanderkorn\Documents\Visual Studio 2010\Projects\Vanderkorn\TestProject1\MatrixTest.cs:строка 1468
</StackTrace>
        </ErrorInfo>
      </Output>
    </UnitTestResult>
    <UnitTestResult executionId="802d9ed2-3a37-4905-bb02-98803cc51a3e" testId="60964020-d2ec-0d2e-4def-9c2b4a089380" testName="PascalTest" computerName="VANDERKORN-PC" duration="00:00:00.0041727" startTime="2012-07-01T20:38:05.9749968+05:00" endTime="2012-07-01T20:38:05.9939974+05:00" testType="13cdc9d9-ddb5-4fa4-a97d-d965ccfc6d4b" outcome="Failed" testListId="8c84fa94-04c1-424b-9868-57a2d4851a1d" relativeResultsDirectory="802d9ed2-3a37-4905-bb02-98803cc51a3e">
      <Output>
        <ErrorInfo>
          <Message>Метод проверки TestProject1.MatrixTest.PascalTest выдал исключение: System.Exception: Matrix must be positive size.</Message>
          <StackTrace>    в Vanderkorn.Matrixes.Matrix..ctor(UInt64 rowsCount, UInt64 columnsCount) в C:\Users\vanderkorn\Documents\Visual Studio 2010\Projects\Vanderkorn\Vanderkorn\Matrixes\Matrix.cs:строка 56
   в Vanderkorn.Matrixes.Matrix.Pascal(UInt64 size) в C:\Users\vanderkorn\Documents\Visual Studio 2010\Projects\Vanderkorn\Vanderkorn\Matrixes\Matrix.cs:строка 898
   в TestProject1.MatrixTest.PascalTest() в C:\Users\vanderkorn\Documents\Visual Studio 2010\Projects\Vanderkorn\TestProject1\MatrixTest.cs:строка 763
</StackTrace>
        </ErrorInfo>
      </Output>
    </UnitTestResult>
    <UnitTestResult executionId="392d7811-2caf-4d4c-86b0-42cac8799ecd" testId="bc4ec530-58d1-7c29-f0dc-1a557baf16f1" testName="IsDiagonallyDominantTest" computerName="VANDERKORN-PC" duration="00:00:00.0050723" startTime="2012-07-01T20:38:05.9989975+05:00" endTime="2012-07-01T20:38:06.0259984+05:00" testType="13cdc9d9-ddb5-4fa4-a97d-d965ccfc6d4b" outcome="Failed" testListId="8c84fa94-04c1-424b-9868-57a2d4851a1d" relativeResultsDirectory="392d7811-2caf-4d4c-86b0-42cac8799ecd">
      <Output>
        <ErrorInfo>
          <Message>Метод проверки TestProject1.MatrixTest.IsDiagonallyDominantTest выдал исключение: System.Exception: Array null.</Message>
          <StackTrace>    в Vanderkorn.Matrixes.Matrix..ctor(Double[,] data) в C:\Users\vanderkorn\Documents\Visual Studio 2010\Projects\Vanderkorn\Vanderkorn\Matrixes\Matrix.cs:строка 70
   в TestProject1.MatrixTest.IsDiagonallyDominantTest() в C:\Users\vanderkorn\Documents\Visual Studio 2010\Projects\Vanderkorn\TestProject1\MatrixTest.cs:строка 396
</StackTrace>
        </ErrorInfo>
      </Output>
    </UnitTestResult>
    <UnitTestResult executionId="6999c3c5-223e-4c20-a473-b64412f518d7" testId="e3bf8c3e-900b-f9f0-9023-d4e8e39bb1a2" testName="OnesTest" computerName="VANDERKORN-PC" duration="00:00:00.0035735" startTime="2012-07-01T20:38:06.0319986+05:00" endTime="2012-07-01T20:38:06.0519992+05:00" testType="13cdc9d9-ddb5-4fa4-a97d-d965ccfc6d4b" outcome="Failed" testListId="8c84fa94-04c1-424b-9868-57a2d4851a1d" relativeResultsDirectory="6999c3c5-223e-4c20-a473-b64412f518d7">
      <Output>
        <ErrorInfo>
          <Message>Метод проверки TestProject1.MatrixTest.OnesTest выдал исключение: System.Exception: Matrix must be positive size.</Message>
          <StackTrace>    в Vanderkorn.Matrixes.Matrix..ctor(UInt64 rowsCount, UInt64 columnsCount) в C:\Users\vanderkorn\Documents\Visual Studio 2010\Projects\Vanderkorn\Vanderkorn\Matrixes\Matrix.cs:строка 56
   в Vanderkorn.Matrixes.Matrix.Ones(UInt64 rowsCount, UInt64 columnsCount) в C:\Users\vanderkorn\Documents\Visual Studio 2010\Projects\Vanderkorn\Vanderkorn\Matrixes\Matrix.cs:строка 1015
   в TestProject1.MatrixTest.OnesTest() в C:\Users\vanderkorn\Documents\Visual Studio 2010\Projects\Vanderkorn\TestProject1\MatrixTest.cs:строка 749
</StackTrace>
        </ErrorInfo>
      </Output>
    </UnitTestResult>
    <UnitTestResult executionId="805c0a51-2744-457c-b0a0-3c545e661b2a" testId="818de38b-2e4a-a9ad-a429-5816126321fd" testName="ScalarTest" computerName="VANDERKORN-PC" duration="00:00:00.0041985" startTime="2012-07-01T20:38:06.0579994+05:00" endTime="2012-07-01T20:38:06.0800002+05:00" testType="13cdc9d9-ddb5-4fa4-a97d-d965ccfc6d4b" outcome="Failed" testListId="8c84fa94-04c1-424b-9868-57a2d4851a1d" relativeResultsDirectory="805c0a51-2744-457c-b0a0-3c545e661b2a">
      <Output>
        <ErrorInfo>
          <Message>Метод проверки TestProject1.MatrixTest.ScalarTest выдал исключение: System.Exception: Matrix must be positive size.</Message>
          <StackTrace>    в Vanderkorn.Matrixes.Matrix..ctor(UInt64 rowsCount, UInt64 columnsCount) в C:\Users\vanderkorn\Documents\Visual Studio 2010\Projects\Vanderkorn\Vanderkorn\Matrixes\Matrix.cs:строка 56
   в Vanderkorn.Matrixes.Matrix.Identity(UInt64 size) в C:\Users\vanderkorn\Documents\Visual Studio 2010\Projects\Vanderkorn\Vanderkorn\Matrixes\Matrix.cs:строка 760
   в Vanderkorn.Matrixes.Matrix.Eye(UInt64 size) в C:\Users\vanderkorn\Documents\Visual Studio 2010\Projects\Vanderkorn\Vanderkorn\Matrixes\Matrix.cs:строка 779
   в Vanderkorn.Matrixes.Matrix.Scalar(UInt64 size, Double lambda) в C:\Users\vanderkorn\Documents\Visual Studio 2010\Projects\Vanderkorn\Vanderkorn\Matrixes\Matrix.cs:строка 815
   в TestProject1.MatrixTest.ScalarTest() в C:\Users\vanderkorn\Documents\Visual Studio 2010\Projects\Vanderkorn\TestProject1\MatrixTest.cs:строка 939
</StackTrace>
        </ErrorInfo>
      </Output>
    </UnitTestResult>
    <UnitTestResult executionId="a7727bce-72a5-47ce-bfc4-c3e567edc809" testId="127441cb-db47-5efd-6576-0d0437ac74dc" testName="op_SubtractionTest6" computerName="VANDERKORN-PC" duration="00:00:00.0037880" startTime="2012-07-01T20:38:06.0850003+05:00" endTime="2012-07-01T20:38:06.1040009+05:00" testType="13cdc9d9-ddb5-4fa4-a97d-d965ccfc6d4b" outcome="Failed" testListId="8c84fa94-04c1-424b-9868-57a2d4851a1d" relativeResultsDirectory="a7727bce-72a5-47ce-bfc4-c3e567edc809">
      <Output>
        <ErrorInfo>
          <Message>Метод проверки TestProject1.MatrixTest.op_SubtractionTest6 выдал исключение: System.NullReferenceException: Ссылка на объект не указывает на экземпляр объекта..</Message>
          <StackTrace>    в Vanderkorn.Matrixes.Matrix.op_Addition(Matrix matrix, Double a) в C:\Users\vanderkorn\Documents\Visual Studio 2010\Projects\Vanderkorn\Vanderkorn\Matrixes\Matrix.cs:строка 1084
   в Vanderkorn.Matrixes.Matrix.op_Subtraction(Matrix matrix, Double a) в C:\Users\vanderkorn\Documents\Visual Studio 2010\Projects\Vanderkorn\Vanderkorn\Matrixes\Matrix.cs:строка 1128
   в Vanderkorn.Matrixes.Matrix.op_Subtraction(Matrix matrix, UInt64 a) в C:\Users\vanderkorn\Documents\Visual Studio 2010\Projects\Vanderkorn\Vanderkorn\Matrixes\Matrix.cs:строка 1144
   в TestProject1.MatrixTest.op_SubtractionTest6() в C:\Users\vanderkorn\Documents\Visual Studio 2010\Projects\Vanderkorn\TestProject1\MatrixTest.cs:строка 1513
</StackTrace>
        </ErrorInfo>
      </Output>
    </UnitTestResult>
    <UnitTestResult executionId="8596603d-014e-46ed-9fbf-3b6a35742600" testId="4579bc99-0e24-c782-228c-576c3b8fd5d3" testName="IsBiDiagonalTest" computerName="VANDERKORN-PC" duration="00:00:00.0032180" startTime="2012-07-01T20:38:06.1080011+05:00" endTime="2012-07-01T20:38:06.1300018+05:00" testType="13cdc9d9-ddb5-4fa4-a97d-d965ccfc6d4b" outcome="Failed" testListId="8c84fa94-04c1-424b-9868-57a2d4851a1d" relativeResultsDirectory="8596603d-014e-46ed-9fbf-3b6a35742600">
      <Output>
        <ErrorInfo>
          <Message>Метод проверки TestProject1.MatrixTest.IsBiDiagonalTest выдал исключение: System.Exception: Array null.</Message>
          <StackTrace>    в Vanderkorn.Matrixes.Matrix..ctor(Double[,] data) в C:\Users\vanderkorn\Documents\Visual Studio 2010\Projects\Vanderkorn\Vanderkorn\Matrixes\Matrix.cs:строка 70
   в TestProject1.MatrixTest.IsBiDiagonalTest() в C:\Users\vanderkorn\Documents\Visual Studio 2010\Projects\Vanderkorn\TestProject1\MatrixTest.cs:строка 366
</StackTrace>
        </ErrorInfo>
      </Output>
    </UnitTestResult>
    <UnitTestResult executionId="45367c2f-5a28-4516-a75a-fd1d23624e25" testId="67d8b59d-feb7-2463-acb4-367e2f952e88" testName="NormTest1" computerName="VANDERKORN-PC" duration="00:00:00.0052054" startTime="2012-07-01T20:38:06.1440022+05:00" endTime="2012-07-01T20:38:06.1590027+05:00" testType="13cdc9d9-ddb5-4fa4-a97d-d965ccfc6d4b" outcome="Failed" testListId="8c84fa94-04c1-424b-9868-57a2d4851a1d" relativeResultsDirectory="45367c2f-5a28-4516-a75a-fd1d23624e25">
      <Output>
        <ErrorInfo>
          <Message>Метод проверки TestProject1.MatrixTest.NormTest1 выдал исключение: System.NullReferenceException: Ссылка на объект не указывает на экземпляр объекта..</Message>
          <StackTrace>    в Vanderkorn.Matrixes.Matrix.Norm(Matrix matrix, TypeMatrixNorm typeNorm, UInt64 p) в C:\Users\vanderkorn\Documents\Visual Studio 2010\Projects\Vanderkorn\Vanderkorn\Matrixes\Matrix.cs:строка 1295
   в TestProject1.MatrixTest.NormTest1() в C:\Users\vanderkorn\Documents\Visual Studio 2010\Projects\Vanderkorn\TestProject1\MatrixTest.cs:строка 704
</StackTrace>
        </ErrorInfo>
      </Output>
    </UnitTestResult>
    <UnitTestResult executionId="223ff35b-b262-4717-bb22-9b41442b823f" testId="5e84da23-651a-9ba7-b319-935e9a609fd4" testName="InvertibleTest" computerName="VANDERKORN-PC" duration="00:00:00.0029152" startTime="2012-07-01T20:38:06.1660029+05:00" endTime="2012-07-01T20:38:06.1820035+05:00" testType="13cdc9d9-ddb5-4fa4-a97d-d965ccfc6d4b" outcome="Failed" testListId="8c84fa94-04c1-424b-9868-57a2d4851a1d" relativeResultsDirectory="223ff35b-b262-4717-bb22-9b41442b823f">
      <Output>
        <ErrorInfo>
          <Message>Метод проверки TestProject1.MatrixTest.InvertibleTest выдал исключение: System.Exception: Array null.</Message>
          <StackTrace>    в Vanderkorn.Matrixes.Matrix..ctor(Double[,] data) в C:\Users\vanderkorn\Documents\Visual Studio 2010\Projects\Vanderkorn\Vanderkorn\Matrixes\Matrix.cs:строка 70
   в TestProject1.MatrixTest.InvertibleTest() в C:\Users\vanderkorn\Documents\Visual Studio 2010\Projects\Vanderkorn\TestProject1\MatrixTest.cs:строка 325
</StackTrace>
        </ErrorInfo>
      </Output>
    </UnitTestResult>
    <UnitTestResult executionId="e9167e0b-8e1d-47b2-9f69-ad080a8b9377" testId="85952276-fb35-079e-ed9e-cd32d07cf640" testName="op_AdditionTest2" computerName="VANDERKORN-PC" duration="00:00:00.0032619" startTime="2012-07-01T20:38:06.1870036+05:00" endTime="2012-07-01T20:38:06.2020041+05:00" testType="13cdc9d9-ddb5-4fa4-a97d-d965ccfc6d4b" outcome="Failed" testListId="8c84fa94-04c1-424b-9868-57a2d4851a1d" relativeResultsDirectory="e9167e0b-8e1d-47b2-9f69-ad080a8b9377">
      <Output>
        <ErrorInfo>
          <Message>Метод проверки TestProject1.MatrixTest.op_AdditionTest2 выдал исключение: System.NullReferenceException: Ссылка на объект не указывает на экземпляр объекта..</Message>
          <StackTrace>    в Vanderkorn.Matrixes.Matrix.op_Addition(Matrix matrix, Double a) в C:\Users\vanderkorn\Documents\Visual Studio 2010\Projects\Vanderkorn\Vanderkorn\Matrixes\Matrix.cs:строка 1084
   в Vanderkorn.Matrixes.Matrix.op_Addition(Matrix matrix, Int64 a) в C:\Users\vanderkorn\Documents\Visual Studio 2010\Projects\Vanderkorn\Vanderkorn\Matrixes\Matrix.cs:строка 1101
   в TestProject1.MatrixTest.op_AdditionTest2() в C:\Users\vanderkorn\Documents\Visual Studio 2010\Projects\Vanderkorn\TestProject1\MatrixTest.cs:строка 1123
</StackTrace>
        </ErrorInfo>
      </Output>
    </UnitTestResult>
    <UnitTestResult executionId="6671c95a-0884-47e7-b97f-486a2ff37be5" testId="f9c3c492-a711-1b56-31c6-5024acfce441" testName="LehmerElementTest" computerName="VANDERKORN-PC" duration="00:00:00.0238126" startTime="2012-07-01T20:38:06.2160046+05:00" endTime="2012-07-01T20:38:06.2490056+05:00" testType="13cdc9d9-ddb5-4fa4-a97d-d965ccfc6d4b" outcome="Failed" testListId="8c84fa94-04c1-424b-9868-57a2d4851a1d" relativeResultsDirectory="6671c95a-0884-47e7-b97f-486a2ff37be5">
      <Output>
        <ErrorInfo>
          <Message>Ошибка в Assert.AreEqual. Ожидается: &lt;0&gt;. Фактически: &lt;1&gt;. </Message>
          <StackTrace>   в TestProject1.MatrixTest.LehmerElementTest() в C:\Users\vanderkorn\Documents\Visual Studio 2010\Projects\Vanderkorn\TestProject1\MatrixTest.cs:строка 588
</StackTrace>
        </ErrorInfo>
      </Output>
    </UnitTestResult>
    <UnitTestResult executionId="8151eced-a9a9-479f-b2a3-e873bbbd59dc" testId="b5345954-f142-cf87-9c21-451006d9e57b" testName="op_MultiplyTest2" computerName="VANDERKORN-PC" duration="00:00:00.0031575" startTime="2012-07-01T20:38:06.2550058+05:00" endTime="2012-07-01T20:38:06.2740064+05:00" testType="13cdc9d9-ddb5-4fa4-a97d-d965ccfc6d4b" outcome="Failed" testListId="8c84fa94-04c1-424b-9868-57a2d4851a1d" relativeResultsDirectory="8151eced-a9a9-479f-b2a3-e873bbbd59dc">
      <Output>
        <ErrorInfo>
          <Message>Метод проверки TestProject1.MatrixTest.op_MultiplyTest2 выдал исключение: System.NullReferenceException: Ссылка на объект не указывает на экземпляр объекта..</Message>
          <StackTrace>    в Vanderkorn.Matrixes.Matrix.op_Multiply(Matrix matrix, Double a) в C:\Users\vanderkorn\Documents\Visual Studio 2010\Projects\Vanderkorn\Vanderkorn\Matrixes\Matrix.cs:строка 1167
   в Vanderkorn.Matrixes.Matrix.op_Multiply(Matrix matrix, Int32 a) в C:\Users\vanderkorn\Documents\Visual Studio 2010\Projects\Vanderkorn\Vanderkorn\Matrixes\Matrix.cs:строка 1177
   в TestProject1.MatrixTest.op_MultiplyTest2() в C:\Users\vanderkorn\Documents\Visual Studio 2010\Projects\Vanderkorn\TestProject1\MatrixTest.cs:строка 1348
</StackTrace>
        </ErrorInfo>
      </Output>
    </UnitTestResult>
    <UnitTestResult executionId="1e43a6a9-00ff-42a2-a282-2e2f3a1cf133" testId="14810a38-2fce-3c22-4dea-4063539ace75" testName="IsSquareTest" computerName="VANDERKORN-PC" duration="00:00:00.0028723" startTime="2012-07-01T20:38:06.2780066+05:00" endTime="2012-07-01T20:38:06.3000073+05:00" testType="13cdc9d9-ddb5-4fa4-a97d-d965ccfc6d4b" outcome="Failed" testListId="8c84fa94-04c1-424b-9868-57a2d4851a1d" relativeResultsDirectory="1e43a6a9-00ff-42a2-a282-2e2f3a1cf133">
      <Output>
        <ErrorInfo>
          <Message>Метод проверки TestProject1.MatrixTest.IsSquareTest выдал исключение: System.Exception: Array null.</Message>
          <StackTrace>    в Vanderkorn.Matrixes.Matrix..ctor(Double[,] data) в C:\Users\vanderkorn\Documents\Visual Studio 2010\Projects\Vanderkorn\Vanderkorn\Matrixes\Matrix.cs:строка 70
   в TestProject1.MatrixTest.IsSquareTest() в C:\Users\vanderkorn\Documents\Visual Studio 2010\Projects\Vanderkorn\TestProject1\MatrixTest.cs:строка 494
</StackTrace>
        </ErrorInfo>
      </Output>
    </UnitTestResult>
    <UnitTestResult executionId="a6828afc-abb0-4e3c-9dfa-9a84f936becc" testId="4c705b9c-1e09-a9f4-0e1e-3629abe5d9ee" testName="IsElementOnAntiDiagonalTest" computerName="VANDERKORN-PC" duration="00:00:00.0028674" startTime="2012-07-01T20:38:06.3040074+05:00" endTime="2012-07-01T20:38:06.3250081+05:00" testType="13cdc9d9-ddb5-4fa4-a97d-d965ccfc6d4b" outcome="Failed" testListId="8c84fa94-04c1-424b-9868-57a2d4851a1d" relativeResultsDirectory="a6828afc-abb0-4e3c-9dfa-9a84f936becc">
      <Output>
        <ErrorInfo>
          <Message>Метод проверки TestProject1.MatrixTest.IsElementOnAntiDiagonalTest выдал исключение: System.Exception: Array null.</Message>
          <StackTrace>    в Vanderkorn.Matrixes.Matrix..ctor(Double[,] data) в C:\Users\vanderkorn\Documents\Visual Studio 2010\Projects\Vanderkorn\Vanderkorn\Matrixes\Matrix.cs:строка 70
   в TestProject1.MatrixTest.IsElementOnAntiDiagonalTest() в C:\Users\vanderkorn\Documents\Visual Studio 2010\Projects\Vanderkorn\TestProject1\MatrixTest.cs:строка 411
</StackTrace>
        </ErrorInfo>
      </Output>
    </UnitTestResult>
    <UnitTestResult executionId="56a2e448-a98e-4711-8728-4bdd81cb7a83" testId="a6bb198b-d05d-96c9-e563-317fad132654" testName="DeterminantTest" computerName="VANDERKORN-PC" duration="00:00:00.0043741" startTime="2012-07-01T20:38:06.3310083+05:00" endTime="2012-07-01T20:38:06.3450087+05:00" testType="13cdc9d9-ddb5-4fa4-a97d-d965ccfc6d4b" outcome="Failed" testListId="8c84fa94-04c1-424b-9868-57a2d4851a1d" relativeResultsDirectory="56a2e448-a98e-4711-8728-4bdd81cb7a83">
      <Output>
        <ErrorInfo>
          <Message>Метод проверки TestProject1.MatrixTest.DeterminantTest выдал исключение: System.NullReferenceException: Ссылка на объект не указывает на экземпляр объекта..</Message>
          <StackTrace>    в Vanderkorn.Matrixes.Matrix.Determinant(Matrix matrix) в C:\Users\vanderkorn\Documents\Visual Studio 2010\Projects\Vanderkorn\Vanderkorn\Matrixes\Matrix.cs:строка 351
   в TestProject1.MatrixTest.DeterminantTest() в C:\Users\vanderkorn\Documents\Visual Studio 2010\Projects\Vanderkorn\TestProject1\MatrixTest.cs:строка 180
</StackTrace>
        </ErrorInfo>
      </Output>
    </UnitTestResult>
    <UnitTestResult executionId="32b4cebb-1ce1-4493-a8a5-11db63ed0c35" testId="6bf3aab2-2e82-6ad5-5194-054098665004" testName="DetTest" computerName="VANDERKORN-PC" duration="00:00:00.0032702" startTime="2012-07-01T20:38:06.3510089+05:00" endTime="2012-07-01T20:38:06.3620093+05:00" testType="13cdc9d9-ddb5-4fa4-a97d-d965ccfc6d4b" outcome="Failed" testListId="8c84fa94-04c1-424b-9868-57a2d4851a1d" relativeResultsDirectory="32b4cebb-1ce1-4493-a8a5-11db63ed0c35">
      <Output>
        <ErrorInfo>
          <Message>Метод проверки TestProject1.MatrixTest.DetTest выдал исключение: System.NullReferenceException: Ссылка на объект не указывает на экземпляр объекта..</Message>
          <StackTrace>    в Vanderkorn.Matrixes.Matrix.Determinant(Matrix matrix) в C:\Users\vanderkorn\Documents\Visual Studio 2010\Projects\Vanderkorn\Vanderkorn\Matrixes\Matrix.cs:строка 351
   в Vanderkorn.Matrixes.Matrix.Det(Matrix matrix) в C:\Users\vanderkorn\Documents\Visual Studio 2010\Projects\Vanderkorn\Vanderkorn\Matrixes\Matrix.cs:строка 384
   в TestProject1.MatrixTest.DetTest() в C:\Users\vanderkorn\Documents\Visual Studio 2010\Projects\Vanderkorn\TestProject1\MatrixTest.cs:строка 151
</StackTrace>
        </ErrorInfo>
      </Output>
    </UnitTestResult>
    <UnitTestResult executionId="c3f286eb-0252-4613-bd48-f386e6e1d578" testId="f4674a73-6199-18af-abf4-680a87bb0808" testName="PascalElementTest" computerName="VANDERKORN-PC" startTime="2012-07-01T20:38:06.3670095+05:00" endTime="2012-07-01T20:38:08.9710891+05:00" testType="13cdc9d9-ddb5-4fa4-a97d-d965ccfc6d4b" testListId="8c84fa94-04c1-424b-9868-57a2d4851a1d" relativeResultsDirectory="c3f286eb-0252-4613-bd48-f386e6e1d578">
      <Output>
        <ErrorInfo>
          <Message>Процесс агента был прекращен во время выполнения теста.</Message>
        </ErrorInfo>
      </Output>
    </UnitTestResult>
    <UnitTestResult executionId="b4455390-81d0-42d8-8ee1-bcc05ab4865e" testId="22721632-6b44-068a-5dfb-07b05b326cf4" testName="op_AdditionTest3" computerName="VANDERKORN-PC" duration="00:00:00.0736861" startTime="2012-07-01T20:38:08.9920898+05:00" endTime="2012-07-01T20:38:09.5170966+05:00" testType="13cdc9d9-ddb5-4fa4-a97d-d965ccfc6d4b" outcome="Failed" testListId="8c84fa94-04c1-424b-9868-57a2d4851a1d" relativeResultsDirectory="b4455390-81d0-42d8-8ee1-bcc05ab4865e">
      <Output>
        <ErrorInfo>
          <Message>Метод проверки TestProject1.MatrixTest.op_AdditionTest3 выдал исключение: System.NullReferenceException: Ссылка на объект не указывает на экземпляр объекта..</Message>
          <StackTrace>    в Vanderkorn.Matrixes.Matrix.op_Addition(Matrix matrix, Double a) в C:\Users\vanderkorn\Documents\Visual Studio 2010\Projects\Vanderkorn\Vanderkorn\Matrixes\Matrix.cs:строка 1084
   в Vanderkorn.Matrixes.Matrix.op_Addition(Matrix matrix, UInt32 a) в C:\Users\vanderkorn\Documents\Visual Studio 2010\Projects\Vanderkorn\Vanderkorn\Matrixes\Matrix.cs:строка 1097
   в TestProject1.MatrixTest.op_AdditionTest3() в C:\Users\vanderkorn\Documents\Visual Studio 2010\Projects\Vanderkorn\TestProject1\MatrixTest.cs:строка 1138
</StackTrace>
        </ErrorInfo>
      </Output>
    </UnitTestResult>
    <UnitTestResult executionId="d43a227a-a919-4f44-9b95-dce6041d05ff" testId="f0d972d0-2946-39e7-d376-2160f9b265a3" testName="GetHashCodeTest" computerName="VANDERKORN-PC" duration="00:00:00.0036451" startTime="2012-07-01T20:38:09.5260969+05:00" endTime="2012-07-01T20:38:09.5470975+05:00" testType="13cdc9d9-ddb5-4fa4-a97d-d965ccfc6d4b" outcome="Failed" testListId="8c84fa94-04c1-424b-9868-57a2d4851a1d" relativeResultsDirectory="d43a227a-a919-4f44-9b95-dce6041d05ff">
      <Output>
        <ErrorInfo>
          <Message>Метод проверки TestProject1.MatrixTest.GetHashCodeTest выдал исключение: System.Exception: Array null.</Message>
          <StackTrace>    в Vanderkorn.Matrixes.Matrix..ctor(Double[,] data) в C:\Users\vanderkorn\Documents\Visual Studio 2010\Projects\Vanderkorn\Vanderkorn\Matrixes\Matrix.cs:строка 70
   в TestProject1.MatrixTest.GetHashCodeTest() в C:\Users\vanderkorn\Documents\Visual Studio 2010\Projects\Vanderkorn\TestProject1\MatrixTest.cs:строка 266
</StackTrace>
        </ErrorInfo>
      </Output>
    </UnitTestResult>
    <UnitTestResult executionId="37cb1118-de94-41df-84d4-945e3e4b0095" testId="767a3daa-d366-7555-25f9-6cd649205c49" testName="HilbertTest" computerName="VANDERKORN-PC" duration="00:00:00.0036173" startTime="2012-07-01T20:38:09.5590979+05:00" endTime="2012-07-01T20:38:09.5720984+05:00" testType="13cdc9d9-ddb5-4fa4-a97d-d965ccfc6d4b" outcome="Failed" testListId="8c84fa94-04c1-424b-9868-57a2d4851a1d" relativeResultsDirectory="37cb1118-de94-41df-84d4-945e3e4b0095">
      <Output>
        <ErrorInfo>
          <Message>Метод проверки TestProject1.MatrixTest.HilbertTest выдал исключение: System.Exception: Matrix must be positive size.</Message>
          <StackTrace>    в Vanderkorn.Matrixes.Matrix..ctor(UInt64 rowsCount, UInt64 columnsCount) в C:\Users\vanderkorn\Documents\Visual Studio 2010\Projects\Vanderkorn\Vanderkorn\Matrixes\Matrix.cs:строка 56
   в Vanderkorn.Matrixes.Matrix.Hilbert(UInt64 size) в C:\Users\vanderkorn\Documents\Visual Studio 2010\Projects\Vanderkorn\Vanderkorn\Matrixes\Matrix.cs:строка 844
   в TestProject1.MatrixTest.HilbertTest() в C:\Users\vanderkorn\Documents\Visual Studio 2010\Projects\Vanderkorn\TestProject1\MatrixTest.cs:строка 283
</StackTrace>
        </ErrorInfo>
      </Output>
    </UnitTestResult>
    <UnitTestResult executionId="6f86af35-ae0c-4a72-8223-9d5e5623014a" testId="516cc571-d727-8d1e-d3eb-fcaf880951f0" testName="MinorTest" computerName="VANDERKORN-PC" duration="00:00:00.0034052" startTime="2012-07-01T20:38:09.5880989+05:00" endTime="2012-07-01T20:38:09.6030994+05:00" testType="13cdc9d9-ddb5-4fa4-a97d-d965ccfc6d4b" outcome="Failed" testListId="8c84fa94-04c1-424b-9868-57a2d4851a1d" relativeResultsDirectory="6f86af35-ae0c-4a72-8223-9d5e5623014a">
      <Output>
        <ErrorInfo>
          <Message>Метод проверки TestProject1.MatrixTest.MinorTest выдал исключение: System.Exception: Array null.</Message>
          <StackTrace>    в Vanderkorn.Matrixes.Matrix..ctor(Double[,] data) в C:\Users\vanderkorn\Documents\Visual Studio 2010\Projects\Vanderkorn\Vanderkorn\Matrixes\Matrix.cs:строка 70
   в TestProject1.MatrixTest.MinorTest() в C:\Users\vanderkorn\Documents\Visual Studio 2010\Projects\Vanderkorn\TestProject1\MatrixTest.cs:строка 613
</StackTrace>
        </ErrorInfo>
      </Output>
    </UnitTestResult>
    <UnitTestResult executionId="fb4671e2-f9f1-40ff-a493-97727a31d0e9" testId="9a386c76-e6c7-8a1d-e8a3-6fb5ac116ba9" testName="RankTest1" computerName="VANDERKORN-PC" duration="00:00:00.0043955" startTime="2012-07-01T20:38:09.6090996+05:00" endTime="2012-07-01T20:38:09.6321003+05:00" testType="13cdc9d9-ddb5-4fa4-a97d-d965ccfc6d4b" outcome="Failed" testListId="8c84fa94-04c1-424b-9868-57a2d4851a1d" relativeResultsDirectory="fb4671e2-f9f1-40ff-a493-97727a31d0e9">
      <Output>
        <ErrorInfo>
          <Message>Метод проверки TestProject1.MatrixTest.RankTest1 выдал исключение: System.NullReferenceException: Ссылка на объект не указывает на экземпляр объекта..</Message>
          <StackTrace>    в Vanderkorn.Matrixes.Matrix.Rank(Matrix matrix) в C:\Users\vanderkorn\Documents\Visual Studio 2010\Projects\Vanderkorn\Vanderkorn\Matrixes\Matrix.cs:строка 466
   в TestProject1.MatrixTest.RankTest1() в C:\Users\vanderkorn\Documents\Visual Studio 2010\Projects\Vanderkorn\TestProject1\MatrixTest.cs:строка 808
</StackTrace>
        </ErrorInfo>
      </Output>
    </UnitTestResult>
    <UnitTestResult executionId="2f5bd2d5-561d-4b4d-a11c-3a33ee618701" testId="9fc94bba-4eeb-f8fa-ca9f-5cc295e26e7c" testName="DetTest1" computerName="VANDERKORN-PC" duration="00:00:00.0044662" startTime="2012-07-01T20:38:09.6391005+05:00" endTime="2012-07-01T20:38:09.6601012+05:00" testType="13cdc9d9-ddb5-4fa4-a97d-d965ccfc6d4b" outcome="Failed" testListId="8c84fa94-04c1-424b-9868-57a2d4851a1d" relativeResultsDirectory="2f5bd2d5-561d-4b4d-a11c-3a33ee618701">
      <Output>
        <ErrorInfo>
          <Message>Метод проверки TestProject1.MatrixTest.DetTest1 выдал исключение: System.Exception: Array null.</Message>
          <StackTrace>    в Vanderkorn.Matrixes.Matrix..ctor(Double[,] data) в C:\Users\vanderkorn\Documents\Visual Studio 2010\Projects\Vanderkorn\Vanderkorn\Matrixes\Matrix.cs:строка 70
   в TestProject1.MatrixTest.DetTest1() в C:\Users\vanderkorn\Documents\Visual Studio 2010\Projects\Vanderkorn\TestProject1\MatrixTest.cs:строка 163
</StackTrace>
        </ErrorInfo>
      </Output>
    </UnitTestResult>
    <UnitTestResult executionId="7445a56b-a56e-4876-a54b-b72bd93c7c1a" testId="8ae4a461-40ff-e5df-52b8-92f096277bea" testName="MinorTest1" computerName="VANDERKORN-PC" duration="00:00:00.0041083" startTime="2012-07-01T20:38:09.6731016+05:00" endTime="2012-07-01T20:38:09.6881021+05:00" testType="13cdc9d9-ddb5-4fa4-a97d-d965ccfc6d4b" outcome="Failed" testListId="8c84fa94-04c1-424b-9868-57a2d4851a1d" relativeResultsDirectory="7445a56b-a56e-4876-a54b-b72bd93c7c1a">
      <Output>
        <ErrorInfo>
          <Message>Метод проверки TestProject1.MatrixTest.MinorTest1 выдал исключение: System.NullReferenceException: Ссылка на объект не указывает на экземпляр объекта..</Message>
          <StackTrace>    в Vanderkorn.Matrixes.Matrix.Minor(Matrix matrix, UInt64 rowIndex, UInt64 columnIndex) в C:\Users\vanderkorn\Documents\Visual Studio 2010\Projects\Vanderkorn\Vanderkorn\Matrixes\Matrix.cs:строка 425
   в TestProject1.MatrixTest.MinorTest1() в C:\Users\vanderkorn\Documents\Visual Studio 2010\Projects\Vanderkorn\TestProject1\MatrixTest.cs:строка 634
</StackTrace>
        </ErrorInfo>
      </Output>
    </UnitTestResult>
    <UnitTestResult executionId="059a5d2f-72e1-4732-a10f-c6ac87e16c5d" testId="2ccbb0bc-a647-a36c-66e8-ee0ebf18cd12" testName="TraceTest" computerName="VANDERKORN-PC" duration="00:00:00.0039026" startTime="2012-07-01T20:38:09.7021026+05:00" endTime="2012-07-01T20:38:09.7181031+05:00" testType="13cdc9d9-ddb5-4fa4-a97d-d965ccfc6d4b" outcome="Failed" testListId="8c84fa94-04c1-424b-9868-57a2d4851a1d" relativeResultsDirectory="059a5d2f-72e1-4732-a10f-c6ac87e16c5d">
      <Output>
        <ErrorInfo>
          <Message>Метод проверки TestProject1.MatrixTest.TraceTest выдал исключение: System.NullReferenceException: Ссылка на объект не указывает на экземпляр объекта..</Message>
          <StackTrace>    в Vanderkorn.Matrixes.Matrix.Trace(Matrix matrix) в C:\Users\vanderkorn\Documents\Visual Studio 2010\Projects\Vanderkorn\Vanderkorn\Matrixes\Matrix.cs:строка 542
   в TestProject1.MatrixTest.TraceTest() в C:\Users\vanderkorn\Documents\Visual Studio 2010\Projects\Vanderkorn\TestProject1\MatrixTest.cs:строка 994
</StackTrace>
        </ErrorInfo>
      </Output>
    </UnitTestResult>
    <UnitTestResult executionId="dbf00a93-a2c2-4035-a1b4-b06cb2b4b2d7" testId="fba700a0-d91b-19f6-8cc0-357e3b96ea62" testName="op_InequalityTest" computerName="VANDERKORN-PC" startTime="2012-07-01T20:38:09.7291034+05:00" endTime="2012-07-01T20:38:12.5211917+05:00" testType="13cdc9d9-ddb5-4fa4-a97d-d965ccfc6d4b" testListId="8c84fa94-04c1-424b-9868-57a2d4851a1d" relativeResultsDirectory="dbf00a93-a2c2-4035-a1b4-b06cb2b4b2d7">
      <Output>
        <ErrorInfo>
          <Message>Процесс агента был прекращен во время выполнения теста.</Message>
        </ErrorInfo>
      </Output>
    </UnitTestResult>
    <UnitTestResult executionId="d8c65f6b-fccf-46b1-b26a-bf5f53cbeaef" testId="ff4c34aa-9de0-39c3-7aa9-a2b584f9b90e" testName="op_MultiplyTest3" computerName="VANDERKORN-PC" duration="00:00:00.0703438" startTime="2012-07-01T20:38:12.5441924+05:00" endTime="2012-07-01T20:38:13.0621993+05:00" testType="13cdc9d9-ddb5-4fa4-a97d-d965ccfc6d4b" outcome="Failed" testListId="8c84fa94-04c1-424b-9868-57a2d4851a1d" relativeResultsDirectory="d8c65f6b-fccf-46b1-b26a-bf5f53cbeaef">
      <Output>
        <ErrorInfo>
          <Message>Метод проверки TestProject1.MatrixTest.op_MultiplyTest3 выдал исключение: System.NullReferenceException: Ссылка на объект не указывает на экземпляр объекта..</Message>
          <StackTrace>    в Vanderkorn.Matrixes.Matrix.op_Multiply(Matrix matrix, Double a) в C:\Users\vanderkorn\Documents\Visual Studio 2010\Projects\Vanderkorn\Vanderkorn\Matrixes\Matrix.cs:строка 1167
   в TestProject1.MatrixTest.op_MultiplyTest3() в C:\Users\vanderkorn\Documents\Visual Studio 2010\Projects\Vanderkorn\TestProject1\MatrixTest.cs:строка 1363
</StackTrace>
        </ErrorInfo>
      </Output>
    </UnitTestResult>
    <UnitTestResult executionId="bbc90f40-bfa3-4c86-8742-bebcc2a8d602" testId="464ffb12-7bc5-d3f2-19ef-bccc5efc6724" testName="ZeroTest" computerName="VANDERKORN-PC" duration="00:00:00.0076828" startTime="2012-07-01T20:38:13.0701995+05:00" endTime="2012-07-01T20:38:13.0952004+05:00" testType="13cdc9d9-ddb5-4fa4-a97d-d965ccfc6d4b" outcome="Failed" testListId="8c84fa94-04c1-424b-9868-57a2d4851a1d" relativeResultsDirectory="bbc90f40-bfa3-4c86-8742-bebcc2a8d602">
      <Output>
        <ErrorInfo>
          <Message>Метод проверки TestProject1.MatrixTest.ZeroTest выдал исключение: System.Exception: Matrix must be positive size.</Message>
          <StackTrace>    в Vanderkorn.Matrixes.Matrix..ctor(UInt64 rowsCount, UInt64 columnsCount) в C:\Users\vanderkorn\Documents\Visual Studio 2010\Projects\Vanderkorn\Vanderkorn\Matrixes\Matrix.cs:строка 56
   в Vanderkorn.Matrixes.Matrix.Zero(UInt64 rowsCount, UInt64 columnsCount) в C:\Users\vanderkorn\Documents\Visual Studio 2010\Projects\Vanderkorn\Vanderkorn\Matrixes\Matrix.cs:строка 790
   в Vanderkorn.Matrixes.Matrix.Zero(UInt64 size) в C:\Users\vanderkorn\Documents\Visual Studio 2010\Projects\Vanderkorn\Vanderkorn\Matrixes\Matrix.cs:строка 804
   в TestProject1.MatrixTest.ZeroTest() в C:\Users\vanderkorn\Documents\Visual Studio 2010\Projects\Vanderkorn\TestProject1\MatrixTest.cs:строка 1063
</StackTrace>
        </ErrorInfo>
      </Output>
    </UnitTestResult>
    <UnitTestResult executionId="97401ca9-3dcb-4bdb-ac24-2ffbfd1d81ff" testId="8a203234-fee1-1ccf-1a44-abee672be7fe" testName="op_MultiplyTest5" computerName="VANDERKORN-PC" duration="00:00:00.0056832" startTime="2012-07-01T20:38:13.1102008+05:00" endTime="2012-07-01T20:38:13.1242013+05:00" testType="13cdc9d9-ddb5-4fa4-a97d-d965ccfc6d4b" outcome="Failed" testListId="8c84fa94-04c1-424b-9868-57a2d4851a1d" relativeResultsDirectory="97401ca9-3dcb-4bdb-ac24-2ffbfd1d81ff">
      <Output>
        <ErrorInfo>
          <Message>Метод проверки TestProject1.MatrixTest.op_MultiplyTest5 выдал исключение: System.NullReferenceException: Ссылка на объект не указывает на экземпляр объекта..</Message>
          <StackTrace>    в Vanderkorn.Matrixes.Matrix.op_Multiply(Matrix matrix, Double a) в C:\Users\vanderkorn\Documents\Visual Studio 2010\Projects\Vanderkorn\Vanderkorn\Matrixes\Matrix.cs:строка 1167
   в Vanderkorn.Matrixes.Matrix.op_Multiply(Matrix matrix, UInt64 a) в C:\Users\vanderkorn\Documents\Visual Studio 2010\Projects\Vanderkorn\Vanderkorn\Matrixes\Matrix.cs:строка 1189
   в TestProject1.MatrixTest.op_MultiplyTest5() в C:\Users\vanderkorn\Documents\Visual Studio 2010\Projects\Vanderkorn\TestProject1\MatrixTest.cs:строка 1393
</StackTrace>
        </ErrorInfo>
      </Output>
    </UnitTestResult>
    <UnitTestResult executionId="18252ddf-f717-4a68-9237-eb278d6d57ab" testId="d9122ccb-696a-4243-918e-9bf5e27ddc63" testName="NormingTest1" computerName="VANDERKORN-PC" duration="00:00:00.0041210" startTime="2012-07-01T20:38:13.1392018+05:00" endTime="2012-07-01T20:38:13.1582024+05:00" testType="13cdc9d9-ddb5-4fa4-a97d-d965ccfc6d4b" outcome="Failed" testListId="8c84fa94-04c1-424b-9868-57a2d4851a1d" relativeResultsDirectory="18252ddf-f717-4a68-9237-eb278d6d57ab">
      <Output>
        <ErrorInfo>
          <Message>Метод проверки TestProject1.MatrixTest.NormingTest1 выдал исключение: System.Exception: Array null.</Message>
          <StackTrace>    в Vanderkorn.Matrixes.Matrix..ctor(Double[,] data) в C:\Users\vanderkorn\Documents\Visual Studio 2010\Projects\Vanderkorn\Vanderkorn\Matrixes\Matrix.cs:строка 70
   в TestProject1.MatrixTest.NormingTest1() в C:\Users\vanderkorn\Documents\Visual Studio 2010\Projects\Vanderkorn\TestProject1\MatrixTest.cs:строка 732
</StackTrace>
        </ErrorInfo>
      </Output>
    </UnitTestResult>
    <UnitTestResult executionId="9387b6ca-bb79-405e-b174-178c6ba72394" testId="5c18a0d9-76e2-db5d-9d52-903be4cd9297" testName="IsElementOnMainDiagonalTest" computerName="VANDERKORN-PC" duration="00:00:00.0029001" startTime="2012-07-01T20:38:13.1662027+05:00" endTime="2012-07-01T20:38:13.1872033+05:00" testType="13cdc9d9-ddb5-4fa4-a97d-d965ccfc6d4b" outcome="Failed" testListId="8c84fa94-04c1-424b-9868-57a2d4851a1d" relativeResultsDirectory="9387b6ca-bb79-405e-b174-178c6ba72394">
      <Output>
        <ErrorInfo>
          <Message>Метод проверки TestProject1.MatrixTest.IsElementOnMainDiagonalTest выдал исключение: System.Exception: Array null.</Message>
          <StackTrace>    в Vanderkorn.Matrixes.Matrix..ctor(Double[,] data) в C:\Users\vanderkorn\Documents\Visual Studio 2010\Projects\Vanderkorn\Vanderkorn\Matrixes\Matrix.cs:строка 70
   в TestProject1.MatrixTest.IsElementOnMainDiagonalTest() в C:\Users\vanderkorn\Documents\Visual Studio 2010\Projects\Vanderkorn\TestProject1\MatrixTest.cs:строка 428
</StackTrace>
        </ErrorInfo>
      </Output>
    </UnitTestResult>
    <UnitTestResult executionId="d91e3c19-3474-44d2-9cb0-118d0337a344" testId="d76f033e-3080-e631-0c04-ca1b2c7d8a2b" testName="IsSymmetricTest" computerName="VANDERKORN-PC" duration="00:00:00.0028777" startTime="2012-07-01T20:38:13.1942036+05:00" endTime="2012-07-01T20:38:13.2132042+05:00" testType="13cdc9d9-ddb5-4fa4-a97d-d965ccfc6d4b" outcome="Failed" testListId="8c84fa94-04c1-424b-9868-57a2d4851a1d" relativeResultsDirectory="d91e3c19-3474-44d2-9cb0-118d0337a344">
      <Output>
        <ErrorInfo>
          <Message>Метод проверки TestProject1.MatrixTest.IsSymmetricTest выдал исключение: System.Exception: Array null.</Message>
          <StackTrace>    в Vanderkorn.Matrixes.Matrix..ctor(Double[,] data) в C:\Users\vanderkorn\Documents\Visual Studio 2010\Projects\Vanderkorn\Vanderkorn\Matrixes\Matrix.cs:строка 70
   в TestProject1.MatrixTest.IsSymmetricTest() в C:\Users\vanderkorn\Documents\Visual Studio 2010\Projects\Vanderkorn\TestProject1\MatrixTest.cs:строка 524
</StackTrace>
        </ErrorInfo>
      </Output>
    </UnitTestResult>
    <UnitTestResult executionId="8fce5dc1-5f6e-4bdb-8bfe-2b5b80dcbbcd" testId="7ae7dd1f-e66b-8e07-df53-9271c8f3e0e5" testName="MoveIfNeedTest1" computerName="VANDERKORN-PC" duration="00:00:00.0175574" startTime="2012-07-01T20:38:13.2232045+05:00" endTime="2012-07-01T20:38:13.2542055+05:00" testType="13cdc9d9-ddb5-4fa4-a97d-d965ccfc6d4b" outcome="Failed" testListId="8c84fa94-04c1-424b-9868-57a2d4851a1d" relativeResultsDirectory="8fce5dc1-5f6e-4bdb-8bfe-2b5b80dcbbcd">
      <Output>
        <ErrorInfo>
          <Message>Метод проверки TestProject1.MatrixTest.MoveIfNeedTest1 выдал исключение: System.NullReferenceException: Ссылка на объект не указывает на экземпляр объекта..</Message>
          <StackTrace>   в Vanderkorn.Matrixes.Matrix_Accessor.MoveIfNeed(UInt64 row, UInt64 column)
   в TestProject1.MatrixTest.MoveIfNeedTest1() в C:\Users\vanderkorn\Documents\Visual Studio 2010\Projects\Vanderkorn\TestProject1\MatrixTest.cs:строка 671
</StackTrace>
        </ErrorInfo>
      </Output>
    </UnitTestResult>
    <UnitTestResult executionId="5624c26b-3e2d-4471-b1be-d4bdaa6e5bc1" testId="8055da9e-6417-633f-8dbb-a89cbda2b8f2" testName="op_MultiplyTest6" computerName="VANDERKORN-PC" duration="00:00:00.0034677" startTime="2012-07-01T20:38:13.2602057+05:00" endTime="2012-07-01T20:38:13.2802064+05:00" testType="13cdc9d9-ddb5-4fa4-a97d-d965ccfc6d4b" outcome="Failed" testListId="8c84fa94-04c1-424b-9868-57a2d4851a1d" relativeResultsDirectory="5624c26b-3e2d-4471-b1be-d4bdaa6e5bc1">
      <Output>
        <ErrorInfo>
          <Message>Метод проверки TestProject1.MatrixTest.op_MultiplyTest6 выдал исключение: System.NullReferenceException: Ссылка на объект не указывает на экземпляр объекта..</Message>
          <StackTrace>    в Vanderkorn.Matrixes.Matrix.op_Multiply(Matrix matrix, Double a) в C:\Users\vanderkorn\Documents\Visual Studio 2010\Projects\Vanderkorn\Vanderkorn\Matrixes\Matrix.cs:строка 1167
   в Vanderkorn.Matrixes.Matrix.op_Multiply(Matrix matrix, Int64 a) в C:\Users\vanderkorn\Documents\Visual Studio 2010\Projects\Vanderkorn\Vanderkorn\Matrixes\Matrix.cs:строка 1185
   в TestProject1.MatrixTest.op_MultiplyTest6() в C:\Users\vanderkorn\Documents\Visual Studio 2010\Projects\Vanderkorn\TestProject1\MatrixTest.cs:строка 1408
</StackTrace>
        </ErrorInfo>
      </Output>
    </UnitTestResult>
    <UnitTestResult executionId="d7ea04bb-abbc-4488-8ad8-d8cc0d7df319" testId="43ad0cf5-616c-82fa-9bcb-1f85c1671cb5" testName="RankTest" computerName="VANDERKORN-PC" duration="00:00:00.0028869" startTime="2012-07-01T20:38:13.2912067+05:00" endTime="2012-07-01T20:38:13.3052072+05:00" testType="13cdc9d9-ddb5-4fa4-a97d-d965ccfc6d4b" outcome="Failed" testListId="8c84fa94-04c1-424b-9868-57a2d4851a1d" relativeResultsDirectory="d7ea04bb-abbc-4488-8ad8-d8cc0d7df319">
      <Output>
        <ErrorInfo>
          <Message>Метод проверки TestProject1.MatrixTest.RankTest выдал исключение: System.Exception: Array null.</Message>
          <StackTrace>    в Vanderkorn.Matrixes.Matrix..ctor(Double[,] data) в C:\Users\vanderkorn\Documents\Visual Studio 2010\Projects\Vanderkorn\Vanderkorn\Matrixes\Matrix.cs:строка 70
   в TestProject1.MatrixTest.RankTest() в C:\Users\vanderkorn\Documents\Visual Studio 2010\Projects\Vanderkorn\TestProject1\MatrixTest.cs:строка 791
</StackTrace>
        </ErrorInfo>
      </Output>
    </UnitTestResult>
    <UnitTestResult executionId="ce68444c-d7c2-4862-a334-e371ff191385" testId="099d434e-81cd-2916-3744-b5bd585b4b8a" testName="TTest" computerName="VANDERKORN-PC" duration="00:00:00.0038748" startTime="2012-07-01T20:38:13.3112074+05:00" endTime="2012-07-01T20:38:13.3292079+05:00" testType="13cdc9d9-ddb5-4fa4-a97d-d965ccfc6d4b" outcome="Failed" testListId="8c84fa94-04c1-424b-9868-57a2d4851a1d" relativeResultsDirectory="ce68444c-d7c2-4862-a334-e371ff191385">
      <Output>
        <ErrorInfo>
          <Message>Метод проверки TestProject1.MatrixTest.TTest выдал исключение: System.NullReferenceException: Ссылка на объект не указывает на экземпляр объекта..</Message>
          <StackTrace>    в Vanderkorn.Matrixes.Matrix.Transpose(Matrix matrix) в C:\Users\vanderkorn\Documents\Visual Studio 2010\Projects\Vanderkorn\Vanderkorn\Matrixes\Matrix.cs:строка 107
   в Vanderkorn.Matrixes.Matrix.T(Matrix matrix) в C:\Users\vanderkorn\Documents\Visual Studio 2010\Projects\Vanderkorn\Vanderkorn\Matrixes\Matrix.cs:строка 121
   в TestProject1.MatrixTest.TTest() в C:\Users\vanderkorn\Documents\Visual Studio 2010\Projects\Vanderkorn\TestProject1\MatrixTest.cs:строка 953
</StackTrace>
        </ErrorInfo>
      </Output>
    </UnitTestResult>
    <UnitTestResult executionId="e289e616-980e-41c8-a558-14f9d1323ca3" testId="eb54bf00-75a2-592b-df7d-fc90e7deb1f8" testName="RedhefferElementTest" computerName="VANDERKORN-PC" duration="00:00:00.0161380" startTime="2012-07-01T20:38:13.3332081+05:00" endTime="2012-07-01T20:38:13.3682092+05:00" testType="13cdc9d9-ddb5-4fa4-a97d-d965ccfc6d4b" outcome="Failed" testListId="8c84fa94-04c1-424b-9868-57a2d4851a1d" relativeResultsDirectory="e289e616-980e-41c8-a558-14f9d1323ca3">
      <Output>
        <ErrorInfo>
          <Message>Ошибка в Assert.AreEqual. Ожидается: &lt;0&gt;. Фактически: &lt;1&gt;. </Message>
          <StackTrace>   в TestProject1.MatrixTest.RedhefferElementTest() в C:\Users\vanderkorn\Documents\Visual Studio 2010\Projects\Vanderkorn\TestProject1\MatrixTest.cs:строка 839
</StackTrace>
        </ErrorInfo>
      </Output>
    </UnitTestResult>
    <UnitTestResult executionId="dd925a4f-afd3-4f16-85b3-2e50a3dbfbac" testId="b0080fb5-25dc-25cd-2706-8a554d872a72" testName="TransposeTest1" computerName="VANDERKORN-PC" duration="00:00:00.0028401" startTime="2012-07-01T20:38:13.3822097+05:00" endTime="2012-07-01T20:38:13.3942100+05:00" testType="13cdc9d9-ddb5-4fa4-a97d-d965ccfc6d4b" outcome="Failed" testListId="8c84fa94-04c1-424b-9868-57a2d4851a1d" relativeResultsDirectory="dd925a4f-afd3-4f16-85b3-2e50a3dbfbac">
      <Output>
        <ErrorInfo>
          <Message>Метод проверки TestProject1.MatrixTest.TransposeTest1 выдал исключение: System.NullReferenceException: Ссылка на объект не указывает на экземпляр объекта..</Message>
          <StackTrace>    в Vanderkorn.Matrixes.Matrix.Transpose(Matrix matrix) в C:\Users\vanderkorn\Documents\Visual Studio 2010\Projects\Vanderkorn\Vanderkorn\Matrixes\Matrix.cs:строка 107
   в TestProject1.MatrixTest.TransposeTest1() в C:\Users\vanderkorn\Documents\Visual Studio 2010\Projects\Vanderkorn\TestProject1\MatrixTest.cs:строка 1035
</StackTrace>
        </ErrorInfo>
      </Output>
    </UnitTestResult>
    <UnitTestResult executionId="71947b53-e79b-43e9-a45d-2b8ae997f106" testId="73c72c7d-9a1d-c4c5-838c-fa9eec167b29" testName="TraceTest1" computerName="VANDERKORN-PC" duration="00:00:00.0028294" startTime="2012-07-01T20:38:13.4002102+05:00" endTime="2012-07-01T20:38:13.4182108+05:00" testType="13cdc9d9-ddb5-4fa4-a97d-d965ccfc6d4b" outcome="Failed" testListId="8c84fa94-04c1-424b-9868-57a2d4851a1d" relativeResultsDirectory="71947b53-e79b-43e9-a45d-2b8ae997f106">
      <Output>
        <ErrorInfo>
          <Message>Метод проверки TestProject1.MatrixTest.TraceTest1 выдал исключение: System.Exception: Array null.</Message>
          <StackTrace>    в Vanderkorn.Matrixes.Matrix..ctor(Double[,] data) в C:\Users\vanderkorn\Documents\Visual Studio 2010\Projects\Vanderkorn\Vanderkorn\Matrixes\Matrix.cs:строка 70
   в TestProject1.MatrixTest.TraceTest1() в C:\Users\vanderkorn\Documents\Visual Studio 2010\Projects\Vanderkorn\TestProject1\MatrixTest.cs:строка 1006
</StackTrace>
        </ErrorInfo>
      </Output>
    </UnitTestResult>
    <UnitTestResult executionId="29e0c883-780d-4f2a-ad80-7270a14f7eae" testId="797a4359-3202-2d38-5939-bcd3becebef7" testName="op_DivisionTest5" computerName="VANDERKORN-PC" duration="00:00:00.0036500" startTime="2012-07-01T20:38:13.4312112+05:00" endTime="2012-07-01T20:38:13.4432116+05:00" testType="13cdc9d9-ddb5-4fa4-a97d-d965ccfc6d4b" outcome="Failed" testListId="8c84fa94-04c1-424b-9868-57a2d4851a1d" relativeResultsDirectory="29e0c883-780d-4f2a-ad80-7270a14f7eae">
      <Output>
        <ErrorInfo>
          <Message>Метод проверки TestProject1.MatrixTest.op_DivisionTest5 выдал исключение: System.NullReferenceException: Ссылка на объект не указывает на экземпляр объекта..</Message>
          <StackTrace>    в Vanderkorn.Matrixes.Matrix.op_Division(Matrix matrix, Double a) в C:\Users\vanderkorn\Documents\Visual Studio 2010\Projects\Vanderkorn\Vanderkorn\Matrixes\Matrix.cs:строка 1212
   в Vanderkorn.Matrixes.Matrix.op_Division(Matrix matrix, UInt64 a) в C:\Users\vanderkorn\Documents\Visual Studio 2010\Projects\Vanderkorn\Vanderkorn\Matrixes\Matrix.cs:строка 1234
   в TestProject1.MatrixTest.op_DivisionTest5() в C:\Users\vanderkorn\Documents\Visual Studio 2010\Projects\Vanderkorn\TestProject1\MatrixTest.cs:строка 1273
</StackTrace>
        </ErrorInfo>
      </Output>
    </UnitTestResult>
    <UnitTestResult executionId="e3375781-ebf6-4725-a606-f45aa1a70e0d" testId="5c662302-4227-0896-c7e6-498123301155" testName="op_MultiplyTest1" computerName="VANDERKORN-PC" duration="00:00:00.0043058" startTime="2012-07-01T20:38:13.4482118+05:00" endTime="2012-07-01T20:38:13.4782128+05:00" testType="13cdc9d9-ddb5-4fa4-a97d-d965ccfc6d4b" outcome="Failed" testListId="8c84fa94-04c1-424b-9868-57a2d4851a1d" relativeResultsDirectory="e3375781-ebf6-4725-a606-f45aa1a70e0d">
      <Output>
        <ErrorInfo>
          <Message>Метод проверки TestProject1.MatrixTest.op_MultiplyTest1 выдал исключение: System.NullReferenceException: Ссылка на объект не указывает на экземпляр объекта..</Message>
          <StackTrace>    в Vanderkorn.Matrixes.Matrix.op_Multiply(Matrix matrix, Double a) в C:\Users\vanderkorn\Documents\Visual Studio 2010\Projects\Vanderkorn\Vanderkorn\Matrixes\Matrix.cs:строка 1167
   в Vanderkorn.Matrixes.Matrix.op_Multiply(Matrix matrix, UInt32 a) в C:\Users\vanderkorn\Documents\Visual Studio 2010\Projects\Vanderkorn\Vanderkorn\Matrixes\Matrix.cs:строка 1181
   в TestProject1.MatrixTest.op_MultiplyTest1() в C:\Users\vanderkorn\Documents\Visual Studio 2010\Projects\Vanderkorn\TestProject1\MatrixTest.cs:строка 1333
</StackTrace>
        </ErrorInfo>
      </Output>
    </UnitTestResult>
    <UnitTestResult executionId="64b1250e-49a2-467a-8e92-ee00c5983128" testId="c4d5632a-eeb4-5983-3216-fb7d9f2e72ee" testName="op_DivisionTest2" computerName="VANDERKORN-PC" duration="00:00:00.0028396" startTime="2012-07-01T20:38:13.4852130+05:00" endTime="2012-07-01T20:38:13.5032136+05:00" testType="13cdc9d9-ddb5-4fa4-a97d-d965ccfc6d4b" outcome="Failed" testListId="8c84fa94-04c1-424b-9868-57a2d4851a1d" relativeResultsDirectory="64b1250e-49a2-467a-8e92-ee00c5983128">
      <Output>
        <ErrorInfo>
          <Message>Метод проверки TestProject1.MatrixTest.op_DivisionTest2 выдал исключение: System.NullReferenceException: Ссылка на объект не указывает на экземпляр объекта..</Message>
          <StackTrace>    в Vanderkorn.Matrixes.Matrix.op_Division(Matrix matrix, Double a) в C:\Users\vanderkorn\Documents\Visual Studio 2010\Projects\Vanderkorn\Vanderkorn\Matrixes\Matrix.cs:строка 1212
   в TestProject1.MatrixTest.op_DivisionTest2() в C:\Users\vanderkorn\Documents\Visual Studio 2010\Projects\Vanderkorn\TestProject1\MatrixTest.cs:строка 1228
</StackTrace>
        </ErrorInfo>
      </Output>
    </UnitTestResult>
    <UnitTestResult executionId="02fb597b-3bd6-429e-8838-4ece7dc1de0e" testId="568beef0-0f7d-5971-6034-32929121e11e" testName="IsElementOnSuperDiagonalTest" computerName="VANDERKORN-PC" duration="00:00:00.0028611" startTime="2012-07-01T20:38:13.5172140+05:00" endTime="2012-07-01T20:38:13.5722158+05:00" testType="13cdc9d9-ddb5-4fa4-a97d-d965ccfc6d4b" outcome="Failed" testListId="8c84fa94-04c1-424b-9868-57a2d4851a1d" relativeResultsDirectory="02fb597b-3bd6-429e-8838-4ece7dc1de0e">
      <Output>
        <ErrorInfo>
          <Message>Метод проверки TestProject1.MatrixTest.IsElementOnSuperDiagonalTest выдал исключение: System.Exception: Array null.</Message>
          <StackTrace>    в Vanderkorn.Matrixes.Matrix..ctor(Double[,] data) в C:\Users\vanderkorn\Documents\Visual Studio 2010\Projects\Vanderkorn\Vanderkorn\Matrixes\Matrix.cs:строка 70
   в TestProject1.MatrixTest.IsElementOnSuperDiagonalTest() в C:\Users\vanderkorn\Documents\Visual Studio 2010\Projects\Vanderkorn\TestProject1\MatrixTest.cs:строка 462
</StackTrace>
        </ErrorInfo>
      </Output>
    </UnitTestResult>
    <UnitTestResult executionId="f97fe526-123c-4001-8761-288397984449" testId="555bbc82-3e5b-415e-72fe-f77026a03170" testName="RowsSubtractionTest1" computerName="VANDERKORN-PC" duration="00:00:00.0040191" startTime="2012-07-01T20:38:13.5832162+05:00" endTime="2012-07-01T20:38:13.5962166+05:00" testType="13cdc9d9-ddb5-4fa4-a97d-d965ccfc6d4b" outcome="Failed" testListId="8c84fa94-04c1-424b-9868-57a2d4851a1d" relativeResultsDirectory="f97fe526-123c-4001-8761-288397984449">
      <Output>
        <ErrorInfo>
          <Message>Метод проверки TestProject1.MatrixTest.RowsSubtractionTest1 выдал исключение: System.NullReferenceException: Ссылка на объект не указывает на экземпляр объекта..</Message>
          <StackTrace>   в Vanderkorn.Matrixes.Matrix_Accessor.RowsSubtraction(UInt64 rowSourceIndex, UInt64 rowDestIndex, Double lambda)
   в TestProject1.MatrixTest.RowsSubtractionTest1() в C:\Users\vanderkorn\Documents\Visual Studio 2010\Projects\Vanderkorn\TestProject1\MatrixTest.cs:строка 911
</StackTrace>
        </ErrorInfo>
      </Output>
    </UnitTestResult>
    <UnitTestResult executionId="ed971b55-4f2c-408a-8f1f-26413cdfbe16" testId="20c1d519-b61a-07d2-7337-9f0063246924" testName="RedhefferTest" computerName="VANDERKORN-PC" duration="00:00:00.0033150" startTime="2012-07-01T20:38:13.6022168+05:00" endTime="2012-07-01T20:38:13.6142172+05:00" testType="13cdc9d9-ddb5-4fa4-a97d-d965ccfc6d4b" outcome="Failed" testListId="8c84fa94-04c1-424b-9868-57a2d4851a1d" relativeResultsDirectory="ed971b55-4f2c-408a-8f1f-26413cdfbe16">
      <Output>
        <ErrorInfo>
          <Message>Метод проверки TestProject1.MatrixTest.RedhefferTest выдал исключение: System.Exception: Matrix must be positive size.</Message>
          <StackTrace>    в Vanderkorn.Matrixes.Matrix..ctor(UInt64 rowsCount, UInt64 columnsCount) в C:\Users\vanderkorn\Documents\Visual Studio 2010\Projects\Vanderkorn\Vanderkorn\Matrixes\Matrix.cs:строка 56
   в Vanderkorn.Matrixes.Matrix.Redheffer(UInt64 size) в C:\Users\vanderkorn\Documents\Visual Studio 2010\Projects\Vanderkorn\Vanderkorn\Matrixes\Matrix.cs:строка 939
   в TestProject1.MatrixTest.RedhefferTest() в C:\Users\vanderkorn\Documents\Visual Studio 2010\Projects\Vanderkorn\TestProject1\MatrixTest.cs:строка 822
</StackTrace>
        </ErrorInfo>
      </Output>
    </UnitTestResult>
    <UnitTestResult executionId="fb85760c-e575-42f7-b68c-4f3b7dde63a7" testId="f813f20e-f674-cf38-17e3-64e31960345c" testName="IsLowerBiDiagonalTest" computerName="VANDERKORN-PC" duration="00:00:00.0028382" startTime="2012-07-01T20:38:13.6192173+05:00" endTime="2012-07-01T20:38:13.6302177+05:00" testType="13cdc9d9-ddb5-4fa4-a97d-d965ccfc6d4b" outcome="Failed" testListId="8c84fa94-04c1-424b-9868-57a2d4851a1d" relativeResultsDirectory="fb85760c-e575-42f7-b68c-4f3b7dde63a7">
      <Output>
        <ErrorInfo>
          <Message>Метод проверки TestProject1.MatrixTest.IsLowerBiDiagonalTest выдал исключение: System.Exception: Array null.</Message>
          <StackTrace>    в Vanderkorn.Matrixes.Matrix..ctor(Double[,] data) в C:\Users\vanderkorn\Documents\Visual Studio 2010\Projects\Vanderkorn\Vanderkorn\Matrixes\Matrix.cs:строка 70
   в TestProject1.MatrixTest.IsLowerBiDiagonalTest() в C:\Users\vanderkorn\Documents\Visual Studio 2010\Projects\Vanderkorn\TestProject1\MatrixTest.cs:строка 479
</StackTrace>
        </ErrorInfo>
      </Output>
    </UnitTestResult>
    <UnitTestResult executionId="f90147a9-d158-4299-bfb1-a1df96434f47" testId="d47775c4-4ec8-41db-807e-42d17a02b2a4" testName="AbsTest" computerName="VANDERKORN-PC" duration="00:00:00.0027592" startTime="2012-07-01T20:38:13.6352179+05:00" endTime="2012-07-01T20:38:13.6472182+05:00" testType="13cdc9d9-ddb5-4fa4-a97d-d965ccfc6d4b" outcome="Failed" testListId="8c84fa94-04c1-424b-9868-57a2d4851a1d" relativeResultsDirectory="f90147a9-d158-4299-bfb1-a1df96434f47">
      <Output>
        <ErrorInfo>
          <Message>Метод проверки TestProject1.MatrixTest.AbsTest выдал исключение: System.Exception: Array null.</Message>
          <StackTrace>    в Vanderkorn.Matrixes.Matrix..ctor(Double[,] data) в C:\Users\vanderkorn\Documents\Visual Studio 2010\Projects\Vanderkorn\Vanderkorn\Matrixes\Matrix.cs:строка 70
   в TestProject1.MatrixTest.AbsTest() в C:\Users\vanderkorn\Documents\Visual Studio 2010\Projects\Vanderkorn\TestProject1\MatrixTest.cs:строка 108
</StackTrace>
        </ErrorInfo>
      </Output>
    </UnitTestResult>
    <UnitTestResult executionId="d280396e-e137-4ddf-a692-e7bfa371eb1b" testId="4d363514-f9c8-ed7e-111b-ae6e584c8128" testName="op_SubtractionTest" computerName="VANDERKORN-PC" duration="00:00:00.0037860" startTime="2012-07-01T20:38:13.6532184+05:00" endTime="2012-07-01T20:38:13.6662189+05:00" testType="13cdc9d9-ddb5-4fa4-a97d-d965ccfc6d4b" outcome="Failed" testListId="8c84fa94-04c1-424b-9868-57a2d4851a1d" relativeResultsDirectory="d280396e-e137-4ddf-a692-e7bfa371eb1b">
      <Output>
        <ErrorInfo>
          <Message>Метод проверки TestProject1.MatrixTest.op_SubtractionTest выдал исключение: System.NullReferenceException: Ссылка на объект не указывает на экземпляр объекта..</Message>
          <StackTrace>    в Vanderkorn.Matrixes.Matrix.op_Addition(Matrix matrix, Double a) в C:\Users\vanderkorn\Documents\Visual Studio 2010\Projects\Vanderkorn\Vanderkorn\Matrixes\Matrix.cs:строка 1084
   в Vanderkorn.Matrixes.Matrix.op_Subtraction(Matrix matrix, Double a) в C:\Users\vanderkorn\Documents\Visual Studio 2010\Projects\Vanderkorn\Vanderkorn\Matrixes\Matrix.cs:строка 1128
   в Vanderkorn.Matrixes.Matrix.op_Subtraction(Matrix matrix, UInt32 a) в C:\Users\vanderkorn\Documents\Visual Studio 2010\Projects\Vanderkorn\Vanderkorn\Matrixes\Matrix.cs:строка 1136
   в TestProject1.MatrixTest.op_SubtractionTest() в C:\Users\vanderkorn\Documents\Visual Studio 2010\Projects\Vanderkorn\TestProject1\MatrixTest.cs:строка 1423
</StackTrace>
        </ErrorInfo>
      </Output>
    </UnitTestResult>
    <UnitTestResult executionId="6ed13bbd-7e07-4f3e-afb9-3bf351796a51" testId="15b8a582-65ef-8a94-ebb4-77ca9868956f" testName="MoveIfNeedTest" computerName="VANDERKORN-PC" duration="00:00:00.0036968" startTime="2012-07-01T20:38:13.6722191+05:00" endTime="2012-07-01T20:38:13.6852195+05:00" testType="13cdc9d9-ddb5-4fa4-a97d-d965ccfc6d4b" outcome="Failed" testListId="8c84fa94-04c1-424b-9868-57a2d4851a1d" relativeResultsDirectory="6ed13bbd-7e07-4f3e-afb9-3bf351796a51">
      <Output>
        <ErrorInfo>
          <Message>Метод проверки TestProject1.MatrixTest.MoveIfNeedTest выдал исключение: System.NullReferenceException: Ссылка на объект не указывает на экземпляр объекта..</Message>
          <StackTrace>   в Vanderkorn.Matrixes.Matrix_Accessor.MoveIfNeed(UInt64 row, UInt64 column, Matrix I)
   в TestProject1.MatrixTest.MoveIfNeedTest() в C:\Users\vanderkorn\Documents\Visual Studio 2010\Projects\Vanderkorn\TestProject1\MatrixTest.cs:строка 653
</StackTrace>
        </ErrorInfo>
      </Output>
    </UnitTestResult>
    <UnitTestResult executionId="1e5db361-26c7-4330-bfd0-4bd1b9e2b993" testId="8a076334-ed9b-9218-85c9-3dfa9f1fabd7" testName="op_SubtractionTest2" computerName="VANDERKORN-PC" duration="00:00:00.0030820" startTime="2012-07-01T20:38:13.6922197+05:00" endTime="2012-07-01T20:38:13.7092203+05:00" testType="13cdc9d9-ddb5-4fa4-a97d-d965ccfc6d4b" outcome="Failed" testListId="8c84fa94-04c1-424b-9868-57a2d4851a1d" relativeResultsDirectory="1e5db361-26c7-4330-bfd0-4bd1b9e2b993">
      <Output>
        <ErrorInfo>
          <Message>Метод проверки TestProject1.MatrixTest.op_SubtractionTest2 выдал исключение: System.NullReferenceException: Ссылка на объект не указывает на экземпляр объекта..</Message>
          <StackTrace>    в Vanderkorn.Matrixes.Matrix.op_Addition(Matrix matrix, Double a) в C:\Users\vanderkorn\Documents\Visual Studio 2010\Projects\Vanderkorn\Vanderkorn\Matrixes\Matrix.cs:строка 1084
   в Vanderkorn.Matrixes.Matrix.op_Subtraction(Matrix matrix, Double a) в C:\Users\vanderkorn\Documents\Visual Studio 2010\Projects\Vanderkorn\Vanderkorn\Matrixes\Matrix.cs:строка 1128
   в TestProject1.MatrixTest.op_SubtractionTest2() в C:\Users\vanderkorn\Documents\Visual Studio 2010\Projects\Vanderkorn\TestProject1\MatrixTest.cs:строка 1453
</StackTrace>
        </ErrorInfo>
      </Output>
    </UnitTestResult>
    <UnitTestResult executionId="6f538a6a-9abc-4831-8711-22b0418e6b79" testId="8144ebb7-5808-ce78-44b3-b3a8276ae913" testName="IsElementOnSubDiagonalTest" computerName="VANDERKORN-PC" duration="00:00:00.0036407" startTime="2012-07-01T20:38:13.7142204+05:00" endTime="2012-07-01T20:38:13.7352211+05:00" testType="13cdc9d9-ddb5-4fa4-a97d-d965ccfc6d4b" outcome="Failed" testListId="8c84fa94-04c1-424b-9868-57a2d4851a1d" relativeResultsDirectory="6f538a6a-9abc-4831-8711-22b0418e6b79">
      <Output>
        <ErrorInfo>
          <Message>Метод проверки TestProject1.MatrixTest.IsElementOnSubDiagonalTest выдал исключение: System.Exception: Array null.</Message>
          <StackTrace>    в Vanderkorn.Matrixes.Matrix..ctor(Double[,] data) в C:\Users\vanderkorn\Documents\Visual Studio 2010\Projects\Vanderkorn\Vanderkorn\Matrixes\Matrix.cs:строка 70
   в TestProject1.MatrixTest.IsElementOnSubDiagonalTest() в C:\Users\vanderkorn\Documents\Visual Studio 2010\Projects\Vanderkorn\TestProject1\MatrixTest.cs:строка 445
</StackTrace>
        </ErrorInfo>
      </Output>
    </UnitTestResult>
    <UnitTestResult executionId="2bba6e00-7cee-4ab3-8c76-e3abd16499cf" testId="b54f6477-0234-3ebd-6564-204d52e593bd" testName="CloneTest" computerName="VANDERKORN-PC" duration="00:00:00.0031819" startTime="2012-07-01T20:38:13.7412213+05:00" endTime="2012-07-01T20:38:13.7532217+05:00" testType="13cdc9d9-ddb5-4fa4-a97d-d965ccfc6d4b" outcome="Failed" testListId="8c84fa94-04c1-424b-9868-57a2d4851a1d" relativeResultsDirectory="2bba6e00-7cee-4ab3-8c76-e3abd16499cf">
      <Output>
        <ErrorInfo>
          <Message>Метод проверки TestProject1.MatrixTest.CloneTest выдал исключение: System.Exception: Array null.</Message>
          <StackTrace>    в Vanderkorn.Matrixes.Matrix..ctor(Double[,] data) в C:\Users\vanderkorn\Documents\Visual Studio 2010\Projects\Vanderkorn\Vanderkorn\Matrixes\Matrix.cs:строка 70
   в TestProject1.MatrixTest.CloneTest() в C:\Users\vanderkorn\Documents\Visual Studio 2010\Projects\Vanderkorn\TestProject1\MatrixTest.cs:строка 134
</StackTrace>
        </ErrorInfo>
      </Output>
    </UnitTestResult>
    <UnitTestResult executionId="6cac2751-5e37-4968-8cd7-d93e8f0cafb9" testId="ccf9122f-266a-bad8-442b-07d1ab013364" testName="EyeTest" computerName="VANDERKORN-PC" duration="00:00:00.0034764" startTime="2012-07-01T20:38:13.7582218+05:00" endTime="2012-07-01T20:38:13.7702222+05:00" testType="13cdc9d9-ddb5-4fa4-a97d-d965ccfc6d4b" outcome="Failed" testListId="8c84fa94-04c1-424b-9868-57a2d4851a1d" relativeResultsDirectory="6cac2751-5e37-4968-8cd7-d93e8f0cafb9">
      <Output>
        <ErrorInfo>
          <Message>Метод проверки TestProject1.MatrixTest.EyeTest выдал исключение: System.Exception: Matrix must be positive size.</Message>
          <StackTrace>    в Vanderkorn.Matrixes.Matrix..ctor(UInt64 rowsCount, UInt64 columnsCount) в C:\Users\vanderkorn\Documents\Visual Studio 2010\Projects\Vanderkorn\Vanderkorn\Matrixes\Matrix.cs:строка 56
   в Vanderkorn.Matrixes.Matrix.Identity(UInt64 size) в C:\Users\vanderkorn\Documents\Visual Studio 2010\Projects\Vanderkorn\Vanderkorn\Matrixes\Matrix.cs:строка 760
   в Vanderkorn.Matrixes.Matrix.Eye(UInt64 size) в C:\Users\vanderkorn\Documents\Visual Studio 2010\Projects\Vanderkorn\Vanderkorn\Matrixes\Matrix.cs:строка 779
   в TestProject1.MatrixTest.EyeTest() в C:\Users\vanderkorn\Documents\Visual Studio 2010\Projects\Vanderkorn\TestProject1\MatrixTest.cs:строка 239
</StackTrace>
        </ErrorInfo>
      </Output>
    </UnitTestResult>
    <UnitTestResult executionId="d37f15a5-51a0-4b03-9374-c38855b357ad" testId="39f223aa-d3a9-66e8-a350-a93613838541" testName="RowsTranspositionTest" computerName="VANDERKORN-PC" duration="00:00:00.0027168" startTime="2012-07-01T20:38:13.7732223+05:00" endTime="2012-07-01T20:38:13.7832226+05:00" testType="13cdc9d9-ddb5-4fa4-a97d-d965ccfc6d4b" outcome="Failed" testListId="8c84fa94-04c1-424b-9868-57a2d4851a1d" relativeResultsDirectory="d37f15a5-51a0-4b03-9374-c38855b357ad">
      <Output>
        <ErrorInfo>
          <Message>Метод проверки TestProject1.MatrixTest.RowsTranspositionTest выдал исключение: System.Exception: Array null.</Message>
          <StackTrace>    в Vanderkorn.Matrixes.Matrix..ctor(Double[,] data) в C:\Users\vanderkorn\Documents\Visual Studio 2010\Projects\Vanderkorn\Vanderkorn\Matrixes\Matrix.cs:строка 70
   в TestProject1.MatrixTest.RowsTranspositionTest() в C:\Users\vanderkorn\Documents\Visual Studio 2010\Projects\Vanderkorn\TestProject1\MatrixTest.cs:строка 922
</StackTrace>
        </ErrorInfo>
      </Output>
    </UnitTestResult>
    <UnitTestResult executionId="62291787-8bba-4e6e-9550-75c119998da8" testId="e3f9a2b1-d282-72db-e07c-ed612981e2ba" testName="RowMultiplicationTest" computerName="VANDERKORN-PC" duration="00:00:00.0027304" startTime="2012-07-01T20:38:13.7872228+05:00" endTime="2012-07-01T20:38:13.7962231+05:00" testType="13cdc9d9-ddb5-4fa4-a97d-d965ccfc6d4b" outcome="Failed" testListId="8c84fa94-04c1-424b-9868-57a2d4851a1d" relativeResultsDirectory="62291787-8bba-4e6e-9550-75c119998da8">
      <Output>
        <ErrorInfo>
          <Message>Метод проверки TestProject1.MatrixTest.RowMultiplicationTest выдал исключение: System.Exception: Array null.</Message>
          <StackTrace>    в Vanderkorn.Matrixes.Matrix..ctor(Double[,] data) в C:\Users\vanderkorn\Documents\Visual Studio 2010\Projects\Vanderkorn\Vanderkorn\Matrixes\Matrix.cs:строка 70
   в TestProject1.MatrixTest.RowMultiplicationTest() в C:\Users\vanderkorn\Documents\Visual Studio 2010\Projects\Vanderkorn\TestProject1\MatrixTest.cs:строка 864
</StackTrace>
        </ErrorInfo>
      </Output>
    </UnitTestResult>
    <UnitTestResult executionId="e55c97a2-3374-4f35-8cfb-49f2ac8a92a4" testId="6dd00cea-5026-16d9-dea1-25c83e13b882" testName="op_DivisionTest3" computerName="VANDERKORN-PC" duration="00:00:00.0034067" startTime="2012-07-01T20:38:13.8072234+05:00" endTime="2012-07-01T20:38:13.8352243+05:00" testType="13cdc9d9-ddb5-4fa4-a97d-d965ccfc6d4b" outcome="Failed" testListId="8c84fa94-04c1-424b-9868-57a2d4851a1d" relativeResultsDirectory="e55c97a2-3374-4f35-8cfb-49f2ac8a92a4">
      <Output>
        <ErrorInfo>
          <Message>Метод проверки TestProject1.MatrixTest.op_DivisionTest3 выдал исключение: System.NullReferenceException: Ссылка на объект не указывает на экземпляр объекта..</Message>
          <StackTrace>    в Vanderkorn.Matrixes.Matrix.op_Division(Matrix matrix, Double a) в C:\Users\vanderkorn\Documents\Visual Studio 2010\Projects\Vanderkorn\Vanderkorn\Matrixes\Matrix.cs:строка 1212
   в Vanderkorn.Matrixes.Matrix.op_Division(Matrix matrix, Int32 a) в C:\Users\vanderkorn\Documents\Visual Studio 2010\Projects\Vanderkorn\Vanderkorn\Matrixes\Matrix.cs:строка 1222
   в TestProject1.MatrixTest.op_DivisionTest3() в C:\Users\vanderkorn\Documents\Visual Studio 2010\Projects\Vanderkorn\TestProject1\MatrixTest.cs:строка 1243
</StackTrace>
        </ErrorInfo>
      </Output>
    </UnitTestResult>
    <UnitTestResult executionId="428603fb-5f72-4281-af06-8d27d14e0049" testId="729a178a-6527-bb4f-7f24-485ff980a0ba" testName="MatrixConstructorTest" computerName="VANDERKORN-PC" duration="00:00:00.0029240" startTime="2012-07-01T20:38:13.8432246+05:00" endTime="2012-07-01T20:38:13.8572250+05:00" testType="13cdc9d9-ddb5-4fa4-a97d-d965ccfc6d4b" outcome="Failed" testListId="8c84fa94-04c1-424b-9868-57a2d4851a1d" relativeResultsDirectory="428603fb-5f72-4281-af06-8d27d14e0049">
      <Output>
        <ErrorInfo>
          <Message>Метод проверки TestProject1.MatrixTest.MatrixConstructorTest выдал исключение: System.Exception: Array null.</Message>
          <StackTrace>    в Vanderkorn.Matrixes.Matrix..ctor(Double[,] data) в C:\Users\vanderkorn\Documents\Visual Studio 2010\Projects\Vanderkorn\Vanderkorn\Matrixes\Matrix.cs:строка 70
   в TestProject1.MatrixTest.MatrixConstructorTest() в C:\Users\vanderkorn\Documents\Visual Studio 2010\Projects\Vanderkorn\TestProject1\MatrixTest.cs:строка 74
</StackTrace>
        </ErrorInfo>
      </Output>
    </UnitTestResult>
    <UnitTestResult executionId="cc9b7081-5bcf-4f26-a1cc-d657cf762aac" testId="7574ba8b-b94b-e425-d423-6591648e3a8c" testName="IsAntiDiagonalTest" computerName="VANDERKORN-PC" duration="00:00:00.0027309" startTime="2012-07-01T20:38:13.8652253+05:00" endTime="2012-07-01T20:38:13.8862260+05:00" testType="13cdc9d9-ddb5-4fa4-a97d-d965ccfc6d4b" outcome="Failed" testListId="8c84fa94-04c1-424b-9868-57a2d4851a1d" relativeResultsDirectory="cc9b7081-5bcf-4f26-a1cc-d657cf762aac">
      <Output>
        <ErrorInfo>
          <Message>Метод проверки TestProject1.MatrixTest.IsAntiDiagonalTest выдал исключение: System.Exception: Array null.</Message>
          <StackTrace>    в Vanderkorn.Matrixes.Matrix..ctor(Double[,] data) в C:\Users\vanderkorn\Documents\Visual Studio 2010\Projects\Vanderkorn\Vanderkorn\Matrixes\Matrix.cs:строка 70
   в TestProject1.MatrixTest.IsAntiDiagonalTest() в C:\Users\vanderkorn\Documents\Visual Studio 2010\Projects\Vanderkorn\TestProject1\MatrixTest.cs:строка 351
</StackTrace>
        </ErrorInfo>
      </Output>
    </UnitTestResult>
    <UnitTestResult executionId="c5e56e16-881f-48c5-b6a9-b16d9d94f289" testId="f98d0c38-682e-c60a-1593-15001c66f71e" testName="op_DivisionTest1" computerName="VANDERKORN-PC" duration="00:00:00.0032716" startTime="2012-07-01T20:38:13.9082267+05:00" endTime="2012-07-01T20:38:13.9302274+05:00" testType="13cdc9d9-ddb5-4fa4-a97d-d965ccfc6d4b" outcome="Failed" testListId="8c84fa94-04c1-424b-9868-57a2d4851a1d" relativeResultsDirectory="c5e56e16-881f-48c5-b6a9-b16d9d94f289">
      <Output>
        <ErrorInfo>
          <Message>Метод проверки TestProject1.MatrixTest.op_DivisionTest1 выдал исключение: System.NullReferenceException: Ссылка на объект не указывает на экземпляр объекта..</Message>
          <StackTrace>    в Vanderkorn.Matrixes.Matrix.op_Division(Matrix matrix, Double a) в C:\Users\vanderkorn\Documents\Visual Studio 2010\Projects\Vanderkorn\Vanderkorn\Matrixes\Matrix.cs:строка 1212
   в Vanderkorn.Matrixes.Matrix.op_Division(Matrix matrix, UInt32 a) в C:\Users\vanderkorn\Documents\Visual Studio 2010\Projects\Vanderkorn\Vanderkorn\Matrixes\Matrix.cs:строка 1226
   в TestProject1.MatrixTest.op_DivisionTest1() в C:\Users\vanderkorn\Documents\Visual Studio 2010\Projects\Vanderkorn\TestProject1\MatrixTest.cs:строка 1213
</StackTrace>
        </ErrorInfo>
      </Output>
    </UnitTestResult>
    <UnitTestResult executionId="6ecb7b90-372b-4e21-a7a9-25814092451c" testId="1d795ad3-1884-4dde-7cf2-60beb0811a4a" testName="op_AdditionTest6" computerName="VANDERKORN-PC" duration="00:00:00.0030132" startTime="2012-07-01T20:38:13.9362276+05:00" endTime="2012-07-01T20:38:13.9562283+05:00" testType="13cdc9d9-ddb5-4fa4-a97d-d965ccfc6d4b" outcome="Failed" testListId="8c84fa94-04c1-424b-9868-57a2d4851a1d" relativeResultsDirectory="6ecb7b90-372b-4e21-a7a9-25814092451c">
      <Output>
        <ErrorInfo>
          <Message>Метод проверки TestProject1.MatrixTest.op_AdditionTest6 выдал исключение: System.NullReferenceException: Ссылка на объект не указывает на экземпляр объекта..</Message>
          <StackTrace>    в Vanderkorn.Matrixes.Matrix.op_Addition(Matrix matrix, Double a) в C:\Users\vanderkorn\Documents\Visual Studio 2010\Projects\Vanderkorn\Vanderkorn\Matrixes\Matrix.cs:строка 1084
   в Vanderkorn.Matrixes.Matrix.op_Addition(Matrix matrix, UInt64 a) в C:\Users\vanderkorn\Documents\Visual Studio 2010\Projects\Vanderkorn\Vanderkorn\Matrixes\Matrix.cs:строка 1105
   в TestProject1.MatrixTest.op_AdditionTest6() в C:\Users\vanderkorn\Documents\Visual Studio 2010\Projects\Vanderkorn\TestProject1\MatrixTest.cs:строка 1183
</StackTrace>
        </ErrorInfo>
      </Output>
    </UnitTestResult>
    <UnitTestResult executionId="3155644a-24af-4d79-8b79-772710b520d4" testId="87ff32f2-01cf-5ffd-3d95-32fb2da95d79" testName="RowsAdditionTest" computerName="VANDERKORN-PC" duration="00:00:00.0027138" startTime="2012-07-01T20:38:13.9642285+05:00" endTime="2012-07-01T20:38:13.9832291+05:00" testType="13cdc9d9-ddb5-4fa4-a97d-d965ccfc6d4b" outcome="Failed" testListId="8c84fa94-04c1-424b-9868-57a2d4851a1d" relativeResultsDirectory="3155644a-24af-4d79-8b79-772710b520d4">
      <Output>
        <ErrorInfo>
          <Message>Метод проверки TestProject1.MatrixTest.RowsAdditionTest выдал исключение: System.Exception: Array null.</Message>
          <StackTrace>    в Vanderkorn.Matrixes.Matrix..ctor(Double[,] data) в C:\Users\vanderkorn\Documents\Visual Studio 2010\Projects\Vanderkorn\Vanderkorn\Matrixes\Matrix.cs:строка 70
   в TestProject1.MatrixTest.RowsAdditionTest() в C:\Users\vanderkorn\Documents\Visual Studio 2010\Projects\Vanderkorn\TestProject1\MatrixTest.cs:строка 878
</StackTrace>
        </ErrorInfo>
      </Output>
    </UnitTestResult>
    <UnitTestResult executionId="b1a24e15-b789-42db-9817-bb07ebbfc4e3" testId="df13f748-ead8-9367-11cd-50a4449eb6f2" testName="ZeroTest1" computerName="VANDERKORN-PC" duration="00:00:00.0029411" startTime="2012-07-01T20:38:13.9882293+05:00" endTime="2012-07-01T20:38:14.0122301+05:00" testType="13cdc9d9-ddb5-4fa4-a97d-d965ccfc6d4b" outcome="Failed" testListId="8c84fa94-04c1-424b-9868-57a2d4851a1d" relativeResultsDirectory="b1a24e15-b789-42db-9817-bb07ebbfc4e3">
      <Output>
        <ErrorInfo>
          <Message>Метод проверки TestProject1.MatrixTest.ZeroTest1 выдал исключение: System.Exception: Matrix must be positive size.</Message>
          <StackTrace>    в Vanderkorn.Matrixes.Matrix..ctor(UInt64 rowsCount, UInt64 columnsCount) в C:\Users\vanderkorn\Documents\Visual Studio 2010\Projects\Vanderkorn\Vanderkorn\Matrixes\Matrix.cs:строка 56
   в Vanderkorn.Matrixes.Matrix.Zero(UInt64 rowsCount, UInt64 columnsCount) в C:\Users\vanderkorn\Documents\Visual Studio 2010\Projects\Vanderkorn\Vanderkorn\Matrixes\Matrix.cs:строка 790
   в TestProject1.MatrixTest.ZeroTest1() в C:\Users\vanderkorn\Documents\Visual Studio 2010\Projects\Vanderkorn\TestProject1\MatrixTest.cs:строка 1078
</StackTrace>
        </ErrorInfo>
      </Output>
    </UnitTestResult>
    <UnitTestResult executionId="a6288458-3cd8-4dac-b8fb-dea7df340386" testId="1106e1d5-f387-bbad-aa94-e8c0753c45a1" testName="TransposeTest" computerName="VANDERKORN-PC" duration="00:00:00.0027392" startTime="2012-07-01T20:38:14.0172302+05:00" endTime="2012-07-01T20:38:14.0392309+05:00" testType="13cdc9d9-ddb5-4fa4-a97d-d965ccfc6d4b" outcome="Failed" testListId="8c84fa94-04c1-424b-9868-57a2d4851a1d" relativeResultsDirectory="a6288458-3cd8-4dac-b8fb-dea7df340386">
      <Output>
        <ErrorInfo>
          <Message>Метод проверки TestProject1.MatrixTest.TransposeTest выдал исключение: System.Exception: Array null.</Message>
          <StackTrace>    в Vanderkorn.Matrixes.Matrix..ctor(Double[,] data) в C:\Users\vanderkorn\Documents\Visual Studio 2010\Projects\Vanderkorn\Vanderkorn\Matrixes\Matrix.cs:строка 70
   в TestProject1.MatrixTest.TransposeTest() в C:\Users\vanderkorn\Documents\Visual Studio 2010\Projects\Vanderkorn\TestProject1\MatrixTest.cs:строка 1021
</StackTrace>
        </ErrorInfo>
      </Output>
    </UnitTestResult>
  </Results>
</TestRun>